#
# There is insufficient memory for the Java Runtime Environment to continue.
# Native memory allocation (mmap) failed to map 123731968 bytes. Error detail: G1 virtual space
# Possible reasons:
#   The system is out of physical RAM or swap space
#   This process is running with CompressedOops enabled, and the Java Heap may be blocking the growth of the native heap
# Possible solutions:
#   Reduce memory load on the system
#   Increase physical memory or swap space
#   Check if swap backing store is full
#   Decrease Java heap size (-Xmx/-Xms)
#   Decrease number of Java threads
#   Decrease Java thread stack sizes (-Xss)
#   Set larger code cache with -XX:ReservedCodeCacheSize=
#   JVM is running with Zero Based Compressed Oops mode in which the Java heap is
#     placed in the first 32GB address space. The Java Heap base address is the
#     maximum limit for the native heap growth. Please use -XX:HeapBaseMinAddress
#     to set the Java Heap base and to place the Java Heap above 32GB virtual address.
# This output file may be truncated or incomplete.
#
#  Out of Memory Error (os_windows.cpp:3631), pid=11392, tid=14024
#
# JRE version: Java(TM) SE Runtime Environment (22.0.1+8) (build 22.0.1+8-16)
# Java VM: Java HotSpot(TM) 64-Bit Server VM (22.0.1+8-16, mixed mode, sharing, tiered, compressed oops, compressed class ptrs, g1 gc, windows-amd64)
# No core dump will be written. Minidumps are not enabled by default on client versions of Windows
#

---------------  S U M M A R Y ------------

Command Line: -javaagent:C:\Program Files\JetBrains\IntelliJ IDEA Community Edition 2024.1\lib\idea_rt.jar=51574:C:\Program Files\JetBrains\IntelliJ IDEA Community Edition 2024.1\bin -Dfile.encoding=UTF-8 -Dsun.stdout.encoding=UTF-8 -Dsun.stderr.encoding=UTF-8 --module-path=C:\Users\DELL\IdeaProjects\Tryme\target\classes;C:\Users\DELL\.m2\repository\org\openjfx\javafx-fxml\22-ea+11\javafx-fxml-22-ea+11-win.jar;C:\Users\DELL\.m2\repository\org\openjfx\javafx-graphics\22-ea+11\javafx-graphics-22-ea+11-win.jar;C:\Users\DELL\.m2\repository\org\openjfx\javafx-base\22-ea+11\javafx-base-22-ea+11-win.jar;C:\Users\DELL\.m2\repository\org\openjfx\javafx-controls\22-ea+11\javafx-controls-22-ea+11-win.jar -Djdk.module.main=com.example.tryme com.example.tryme/com.example.tryme.HelloApplication

Host: 11th Gen Intel(R) Core(TM) i5-1145G7 @ 2.60GHz, 8 cores, 11G,  Windows 10 , 64 bit Build 19041 (10.0.19041.5072)
Time: Mon Mar  3 23:47:35 2025 Egypt Standard Time elapsed time: 10.069300 seconds (0d 0h 0m 10s)

---------------  T H R E A D  ---------------

Current thread (0x00000214f3938120):  VMThread "VM Thread"          [id=14024, stack(0x00000095c1400000,0x00000095c1500000) (1024K)]

Stack: [0x00000095c1400000,0x00000095c1500000]
Native frames: (J=compiled Java code, j=interpreted, Vv=VM code, C=native code)
V  [jvm.dll+0x6e2279]  (no source info available)
V  [jvm.dll+0x874e33]  (no source info available)
V  [jvm.dll+0x87725e]  (no source info available)
V  [jvm.dll+0x877933]  (no source info available)
V  [jvm.dll+0x27fd76]  (no source info available)
V  [jvm.dll+0x6de915]  (no source info available)
V  [jvm.dll+0x6d341a]  (no source info available)
V  [jvm.dll+0x3589da]  (no source info available)
V  [jvm.dll+0x360f06]  (no source info available)
V  [jvm.dll+0x3b3e2e]  (no source info available)
V  [jvm.dll+0x3b40d8]  (no source info available)
V  [jvm.dll+0x32c59c]  (no source info available)
V  [jvm.dll+0x32eef6]  (no source info available)
V  [jvm.dll+0x3391c1]  (no source info available)
V  [jvm.dll+0x370365]  (no source info available)
V  [jvm.dll+0x87d7d0]  (no source info available)
V  [jvm.dll+0x87eb57]  (no source info available)
V  [jvm.dll+0x87f0d0]  (no source info available)
V  [jvm.dll+0x87f373]  (no source info available)
V  [jvm.dll+0x81d44b]  (no source info available)
V  [jvm.dll+0x6e0915]  (no source info available)
C  [ucrtbase.dll+0x21bb2]  (no source info available)
C  [KERNEL32.DLL+0x17374]  (no source info available)
C  [ntdll.dll+0x4cc91]  (no source info available)

VM_Operation (0x00000095c0fff3a0): G1PauseRemark, mode: safepoint, requested by thread 0x00000214d5e89340


---------------  P R O C E S S  ---------------

Threads class SMR info:
_java_thread_list=0x00000214c6bbc850, length=19, elements={
0x00000214d3ba5070, 0x00000214f3953850, 0x00000214f3954860, 0x00000214f3956ea0,
0x00000214f3959b00, 0x00000214f395a650, 0x00000214f39631b0, 0x00000214f3972860,
0x00000214f3994330, 0x00000214f39ce440, 0x00000214c57e6ab0, 0x00000214c5b7ff60,
0x00000214c5dc07c0, 0x00000214c63cf650, 0x00000214c5f28ac0, 0x00000214c5fa3220,
0x00000214f39927e0, 0x00000214c6aff5e0, 0x00000214c6b7d220
}

Java Threads: ( => current thread )
  0x00000214d3ba5070 JavaThread "main"                              [_thread_blocked, id=17212, stack(0x00000095c0d00000,0x00000095c0e00000) (1024K)]
  0x00000214f3953850 JavaThread "Reference Handler"          daemon [_thread_blocked, id=6416, stack(0x00000095c1500000,0x00000095c1600000) (1024K)]
  0x00000214f3954860 JavaThread "Finalizer"                  daemon [_thread_blocked, id=10920, stack(0x00000095c1600000,0x00000095c1700000) (1024K)]
  0x00000214f3956ea0 JavaThread "Signal Dispatcher"          daemon [_thread_blocked, id=13344, stack(0x00000095c1700000,0x00000095c1800000) (1024K)]
  0x00000214f3959b00 JavaThread "Attach Listener"            daemon [_thread_blocked, id=16092, stack(0x00000095c1800000,0x00000095c1900000) (1024K)]
  0x00000214f395a650 JavaThread "Service Thread"             daemon [_thread_blocked, id=14040, stack(0x00000095c1900000,0x00000095c1a00000) (1024K)]
  0x00000214f39631b0 JavaThread "Monitor Deflation Thread"   daemon [_thread_blocked, id=3124, stack(0x00000095c1a00000,0x00000095c1b00000) (1024K)]
  0x00000214f3972860 JavaThread "C2 CompilerThread0"         daemon [_thread_blocked, id=4620, stack(0x00000095c1b00000,0x00000095c1c00000) (1024K)]
  0x00000214f3994330 JavaThread "C1 CompilerThread0"         daemon [_thread_blocked, id=12868, stack(0x00000095c1c00000,0x00000095c1d00000) (1024K)]
  0x00000214f39ce440 JavaThread "Common-Cleaner"             daemon [_thread_blocked, id=14664, stack(0x00000095c1d00000,0x00000095c1e00000) (1024K)]
  0x00000214c57e6ab0 JavaThread "Monitor Ctrl-Break"         daemon [_thread_in_native, id=12416, stack(0x00000095c2000000,0x00000095c2100000) (1024K)]
  0x00000214c5b7ff60 JavaThread "Notification Thread"        daemon [_thread_blocked, id=10032, stack(0x00000095c2100000,0x00000095c2200000) (1024K)]
  0x00000214c5dc07c0 JavaThread "QuantumRenderer-0"          daemon [_thread_blocked, id=15688, stack(0x00000095c2200000,0x00000095c2300000) (1024K)]
  0x00000214c63cf650 JavaThread "InvokeLaterDispatcher"      daemon [_thread_blocked, id=15320, stack(0x00000095c2300000,0x00000095c2400000) (1024K)]
  0x00000214c5f28ac0 JavaThread "JavaFX Application Thread"         [_thread_blocked, id=6228, stack(0x00000095c2400000,0x00000095c2500000) (1024K)]
  0x00000214c5fa3220 JavaThread "Thread-1"                   daemon [_thread_blocked, id=15816, stack(0x00000095c2800000,0x00000095c2900000) (1024K)]
  0x00000214f39927e0 JavaThread "JavaFX-Launcher"                   [_thread_blocked, id=17156, stack(0x00000095c2900000,0x00000095c2a00000) (1024K)]
  0x00000214c6aff5e0 JavaThread "Prism Font Disposer"        daemon [_thread_blocked, id=9512, stack(0x00000095c3200000,0x00000095c3300000) (1024K)]
  0x00000214c6b7d220 JavaThread "Cleaner-0"                  daemon [_thread_blocked, id=8712, stack(0x00000095c3300000,0x00000095c3400000) (1024K)]
Total: 19

Other Threads:
=>0x00000214f3938120 VMThread "VM Thread"                           [id=14024, stack(0x00000095c1400000,0x00000095c1500000) (1024K)]
  0x00000214f3921f10 WatcherThread "VM Periodic Task Thread"        [id=11040, stack(0x00000095c1300000,0x00000095c1400000) (1024K)]
  0x00000214d5e7b500 WorkerThread "GC Thread#0"                     [id=3944, stack(0x00000095c0e00000,0x00000095c0f00000) (1024K)]
  0x00000214c68ccd60 WorkerThread "GC Thread#1"                     [id=12444, stack(0x00000095c2a00000,0x00000095c2b00000) (1024K)]
  0x00000214c5f9dfa0 WorkerThread "GC Thread#2"                     [id=6480, stack(0x00000095c2b00000,0x00000095c2c00000) (1024K)]
  0x00000214c6905d70 WorkerThread "GC Thread#3"                     [id=468, stack(0x00000095c2c00000,0x00000095c2d00000) (1024K)]
  0x00000214c6911df0 WorkerThread "GC Thread#4"                     [id=16228, stack(0x00000095c2d00000,0x00000095c2e00000) (1024K)]
  0x00000214c694b3f0 WorkerThread "GC Thread#5"                     [id=17048, stack(0x00000095c2e00000,0x00000095c2f00000) (1024K)]
  0x00000214c60ac440 WorkerThread "GC Thread#6"                     [id=2164, stack(0x00000095c1e00000,0x00000095c1f00000) (1024K)]
  0x00000214d0100080 WorkerThread "GC Thread#7"                     [id=2080, stack(0x00000095c1f00000,0x00000095c2000000) (1024K)]
  0x00000214d5e89340 ConcurrentGCThread "G1 Main Marker"            [id=17016, stack(0x00000095c0f00000,0x00000095c1000000) (1024K)]
  0x00000214d5e89e50 WorkerThread "G1 Conc#0"                       [id=6720, stack(0x00000095c1000000,0x00000095c1100000) (1024K)]
  0x00000214c60abc20 WorkerThread "G1 Conc#1"                       [id=16560, stack(0x00000095c3400000,0x00000095c3500000) (1024K)]
  0x00000214d5eedda0 ConcurrentGCThread "G1 Refine#0"               [id=16852, stack(0x00000095c1100000,0x00000095c1200000) (1024K)]
  0x00000214d5eee920 ConcurrentGCThread "G1 Service"                [id=2580, stack(0x00000095c1200000,0x00000095c1300000) (1024K)]
Total: 15

Threads with active compile tasks:
Total: 0

VM state: at safepoint (normal execution)

VM Mutex/Monitor currently owned by a thread:  ([mutex/lock_event])
[0x00007ff8e3debbb8] Threads_lock - owner thread: 0x00000214f3938120
[0x00007ff8e3debcb8] Heap_lock - owner thread: 0x00000214d5e89340

Heap address: 0x0000000744400000, size: 3004 MB, Compressed Oops mode: Zero based, Oop shift amount: 3

CDS archive(s) mapped at: [0x0000021480000000-0x0000021480c60000-0x0000021480c60000), size 12976128, SharedBaseAddress: 0x0000021480000000, ArchiveRelocationMode: 1.
Compressed class space mapped at: 0x0000021481000000-0x00000214c1000000, reserved size: 1073741824
Narrow klass base: 0x0000021480000000, Narrow klass shift: 0, Narrow klass range: 0x41000000

GC Precious Log:
 CardTable entry size: 512
 Card Set container configuration: InlinePtr #cards 4 size 8 Array Of Cards #cards 16 size 48 Howl #buckets 8 coarsen threshold 3686 Howl Bitmap #cards 512 size 80 coarsen threshold 460 Card regions per heap region 1 cards per card region 4096
 CPUs: 8 total, 8 available
 Memory: 12010M
 Large Page Support: Disabled
 NUMA Support: Disabled
 Compressed Oops: Enabled (Zero based)
 Heap Region Size: 2M
 Heap Min Capacity: 8M
 Heap Initial Capacity: 188M
 Heap Max Capacity: 3004M
 Pre-touch: Disabled
 Parallel Workers: 8
 Concurrent Workers: 2
 Concurrent Refinement Workers: 8
 Periodic GC: Disabled

Heap:
 garbage-first heap   total reserved 3076096K, committed 348160K, used 279065K [0x0000000744400000, 0x0000000800000000)
  region size 2048K, 2 young (4096K), 2 survivors (4096K)
 Metaspace       used 13906K, committed 14208K, reserved 1114112K
  class space    used 2007K, committed 2112K, reserved 1048576K

Heap Regions: E=young(eden), S=young(survivor), O=old, HS=humongous(starts), HC=humongous(continues), CS=collection set, F=free, TAMS=top-at-mark-start, PB=parsable bottom
|   0|0x0000000744400000, 0x0000000744600000, 0x0000000744600000|100%|HS|  |TAMS 0x0000000744600000| PB 0x0000000744400000| Complete |  0
|   1|0x0000000744600000, 0x0000000744800000, 0x0000000744800000|100%|HC|  |TAMS 0x0000000744800000| PB 0x0000000744600000| Complete |  0
|   2|0x0000000744800000, 0x0000000744a00000, 0x0000000744a00000|100%|HC|  |TAMS 0x0000000744a00000| PB 0x0000000744800000| Complete |  0
|   3|0x0000000744a00000, 0x0000000744c00000, 0x0000000744c00000|100%|HC|  |TAMS 0x0000000744c00000| PB 0x0000000744a00000| Complete |  0
|   4|0x0000000744c00000, 0x0000000744e00000, 0x0000000744e00000|100%|HC|  |TAMS 0x0000000744e00000| PB 0x0000000744c00000| Complete |  0
|   5|0x0000000744e00000, 0x0000000745000000, 0x0000000745000000|100%|HC|  |TAMS 0x0000000745000000| PB 0x0000000744e00000| Complete |  0
|   6|0x0000000745000000, 0x0000000745200000, 0x0000000745200000|100%|HC|  |TAMS 0x0000000745200000| PB 0x0000000745000000| Complete |  0
|   7|0x0000000745200000, 0x0000000745400000, 0x0000000745400000|100%|HC|  |TAMS 0x0000000745400000| PB 0x0000000745200000| Complete |  0
|   8|0x0000000745400000, 0x0000000745600000, 0x0000000745600000|100%|HC|  |TAMS 0x0000000745600000| PB 0x0000000745400000| Complete |  0
|   9|0x0000000745600000, 0x0000000745800000, 0x0000000745800000|100%|HC|  |TAMS 0x0000000745800000| PB 0x0000000745600000| Complete |  0
|  10|0x0000000745800000, 0x0000000745a00000, 0x0000000745a00000|100%|HC|  |TAMS 0x0000000745a00000| PB 0x0000000745800000| Complete |  0
|  11|0x0000000745a00000, 0x0000000745c00000, 0x0000000745c00000|100%|HC|  |TAMS 0x0000000745c00000| PB 0x0000000745a00000| Complete |  0
|  12|0x0000000745c00000, 0x0000000745e00000, 0x0000000745e00000|100%|HC|  |TAMS 0x0000000745e00000| PB 0x0000000745c00000| Complete |  0
|  13|0x0000000745e00000, 0x0000000746000000, 0x0000000746000000|100%|HC|  |TAMS 0x0000000746000000| PB 0x0000000745e00000| Complete |  0
|  14|0x0000000746000000, 0x0000000746200000, 0x0000000746200000|100%|HC|  |TAMS 0x0000000746200000| PB 0x0000000746000000| Complete |  0
|  15|0x0000000746200000, 0x0000000746400000, 0x0000000746400000|100%|HC|  |TAMS 0x0000000746400000| PB 0x0000000746200000| Complete |  0
|  16|0x0000000746400000, 0x0000000746600000, 0x0000000746600000|100%|HC|  |TAMS 0x0000000746600000| PB 0x0000000746400000| Complete |  0
|  17|0x0000000746600000, 0x0000000746800000, 0x0000000746800000|100%|HC|  |TAMS 0x0000000746800000| PB 0x0000000746600000| Complete |  0
|  18|0x0000000746800000, 0x0000000746a00000, 0x0000000746a00000|100%|HC|  |TAMS 0x0000000746a00000| PB 0x0000000746800000| Complete |  0
|  19|0x0000000746a00000, 0x0000000746c00000, 0x0000000746c00000|100%|HC|  |TAMS 0x0000000746c00000| PB 0x0000000746a00000| Complete |  0
|  20|0x0000000746c00000, 0x0000000746e00000, 0x0000000746e00000|100%|HC|  |TAMS 0x0000000746e00000| PB 0x0000000746c00000| Complete |  0
|  21|0x0000000746e00000, 0x0000000747000000, 0x0000000747000000|100%|HC|  |TAMS 0x0000000747000000| PB 0x0000000746e00000| Complete |  0
|  22|0x0000000747000000, 0x0000000747200000, 0x0000000747200000|100%|HC|  |TAMS 0x0000000747200000| PB 0x0000000747000000| Complete |  0
|  23|0x0000000747200000, 0x0000000747400000, 0x0000000747400000|100%|HC|  |TAMS 0x0000000747400000| PB 0x0000000747200000| Complete |  0
|  24|0x0000000747400000, 0x0000000747600000, 0x0000000747600000|100%|HC|  |TAMS 0x0000000747600000| PB 0x0000000747400000| Complete |  0
|  25|0x0000000747600000, 0x0000000747800000, 0x0000000747800000|100%|HC|  |TAMS 0x0000000747800000| PB 0x0000000747600000| Complete |  0
|  26|0x0000000747800000, 0x0000000747a00000, 0x0000000747a00000|100%|HC|  |TAMS 0x0000000747a00000| PB 0x0000000747800000| Complete |  0
|  27|0x0000000747a00000, 0x0000000747c00000, 0x0000000747c00000|100%|HC|  |TAMS 0x0000000747c00000| PB 0x0000000747a00000| Complete |  0
|  28|0x0000000747c00000, 0x0000000747e00000, 0x0000000747e00000|100%|HS|  |TAMS 0x0000000747e00000| PB 0x0000000747c00000| Complete |  0
|  29|0x0000000747e00000, 0x0000000748000000, 0x0000000748000000|100%|HC|  |TAMS 0x0000000748000000| PB 0x0000000747e00000| Complete |  0
|  30|0x0000000748000000, 0x0000000748200000, 0x0000000748200000|100%|HC|  |TAMS 0x0000000748200000| PB 0x0000000748000000| Complete |  0
|  31|0x0000000748200000, 0x0000000748400000, 0x0000000748400000|100%|HC|  |TAMS 0x0000000748400000| PB 0x0000000748200000| Complete |  0
|  32|0x0000000748400000, 0x0000000748600000, 0x0000000748600000|100%|HC|  |TAMS 0x0000000748600000| PB 0x0000000748400000| Complete |  0
|  33|0x0000000748600000, 0x0000000748800000, 0x0000000748800000|100%|HC|  |TAMS 0x0000000748800000| PB 0x0000000748600000| Complete |  0
|  34|0x0000000748800000, 0x0000000748a00000, 0x0000000748a00000|100%|HC|  |TAMS 0x0000000748a00000| PB 0x0000000748800000| Complete |  0
|  35|0x0000000748a00000, 0x0000000748c00000, 0x0000000748c00000|100%|HC|  |TAMS 0x0000000748c00000| PB 0x0000000748a00000| Complete |  0
|  36|0x0000000748c00000, 0x0000000748e00000, 0x0000000748e00000|100%|HC|  |TAMS 0x0000000748e00000| PB 0x0000000748c00000| Complete |  0
|  37|0x0000000748e00000, 0x0000000749000000, 0x0000000749000000|100%|HC|  |TAMS 0x0000000749000000| PB 0x0000000748e00000| Complete |  0
|  38|0x0000000749000000, 0x0000000749200000, 0x0000000749200000|100%|HC|  |TAMS 0x0000000749200000| PB 0x0000000749000000| Complete |  0
|  39|0x0000000749200000, 0x0000000749400000, 0x0000000749400000|100%|HC|  |TAMS 0x0000000749400000| PB 0x0000000749200000| Complete |  0
|  40|0x0000000749400000, 0x0000000749600000, 0x0000000749600000|100%|HC|  |TAMS 0x0000000749600000| PB 0x0000000749400000| Complete |  0
|  41|0x0000000749600000, 0x0000000749800000, 0x0000000749800000|100%|HC|  |TAMS 0x0000000749800000| PB 0x0000000749600000| Complete |  0
|  42|0x0000000749800000, 0x0000000749a00000, 0x0000000749a00000|100%|HC|  |TAMS 0x0000000749a00000| PB 0x0000000749800000| Complete |  0
|  43|0x0000000749a00000, 0x0000000749c00000, 0x0000000749c00000|100%|HC|  |TAMS 0x0000000749c00000| PB 0x0000000749a00000| Complete |  0
|  44|0x0000000749c00000, 0x0000000749e00000, 0x0000000749e00000|100%|HC|  |TAMS 0x0000000749e00000| PB 0x0000000749c00000| Complete |  0
|  45|0x0000000749e00000, 0x000000074a000000, 0x000000074a000000|100%|HC|  |TAMS 0x000000074a000000| PB 0x0000000749e00000| Complete |  0
|  46|0x000000074a000000, 0x000000074a200000, 0x000000074a200000|100%|HC|  |TAMS 0x000000074a200000| PB 0x000000074a000000| Complete |  0
|  47|0x000000074a200000, 0x000000074a400000, 0x000000074a400000|100%|HC|  |TAMS 0x000000074a400000| PB 0x000000074a200000| Complete |  0
|  48|0x000000074a400000, 0x000000074a600000, 0x000000074a600000|100%|HC|  |TAMS 0x000000074a600000| PB 0x000000074a400000| Complete |  0
|  49|0x000000074a600000, 0x000000074a800000, 0x000000074a800000|100%|HC|  |TAMS 0x000000074a800000| PB 0x000000074a600000| Complete |  0
|  50|0x000000074a800000, 0x000000074aa00000, 0x000000074aa00000|100%|HC|  |TAMS 0x000000074aa00000| PB 0x000000074a800000| Complete |  0
|  51|0x000000074aa00000, 0x000000074ac00000, 0x000000074ac00000|100%|HC|  |TAMS 0x000000074ac00000| PB 0x000000074aa00000| Complete |  0
|  52|0x000000074ac00000, 0x000000074ae00000, 0x000000074ae00000|100%|HC|  |TAMS 0x000000074ae00000| PB 0x000000074ac00000| Complete |  0
|  53|0x000000074ae00000, 0x000000074b000000, 0x000000074b000000|100%|HC|  |TAMS 0x000000074b000000| PB 0x000000074ae00000| Complete |  0
|  54|0x000000074b000000, 0x000000074b200000, 0x000000074b200000|100%|HC|  |TAMS 0x000000074b200000| PB 0x000000074b000000| Complete |  0
|  55|0x000000074b200000, 0x000000074b400000, 0x000000074b400000|100%|HC|  |TAMS 0x000000074b400000| PB 0x000000074b200000| Complete |  0
|  56|0x000000074b400000, 0x000000074b600000, 0x000000074b600000|100%|HC|  |TAMS 0x000000074b600000| PB 0x000000074b400000| Complete |  0
|  57|0x000000074b600000, 0x000000074b800000, 0x000000074b800000|100%|HC|  |TAMS 0x000000074b800000| PB 0x000000074b600000| Complete |  0
|  58|0x000000074b800000, 0x000000074ba00000, 0x000000074ba00000|100%|HC|  |TAMS 0x000000074ba00000| PB 0x000000074b800000| Complete |  0
|  59|0x000000074ba00000, 0x000000074bc00000, 0x000000074bc00000|100%|HC|  |TAMS 0x000000074bc00000| PB 0x000000074ba00000| Complete |  0
|  60|0x000000074bc00000, 0x000000074be00000, 0x000000074be00000|100%|HC|  |TAMS 0x000000074be00000| PB 0x000000074bc00000| Complete |  0
|  61|0x000000074be00000, 0x000000074c000000, 0x000000074c000000|100%|HS|  |TAMS 0x000000074c000000| PB 0x000000074be00000| Complete |  0
|  62|0x000000074c000000, 0x000000074c200000, 0x000000074c200000|100%| O|  |TAMS 0x000000074c200000| PB 0x000000074c200000| Untracked |  0
|  63|0x000000074c200000, 0x000000074c400000, 0x000000074c400000|100%| O|  |TAMS 0x000000074c400000| PB 0x000000074c400000| Untracked |  0
|  64|0x000000074c400000, 0x000000074c5dbd10, 0x000000074c600000| 92%| O|  |TAMS 0x000000074c5dbd10| PB 0x000000074c5dbd10| Untracked |  0
|  65|0x000000074c600000, 0x000000074c800000, 0x000000074c800000|100%|HS|  |TAMS 0x000000074c800000| PB 0x000000074c600000| Complete |  0
|  66|0x000000074c800000, 0x000000074ca00000, 0x000000074ca00000|100%|HC|  |TAMS 0x000000074ca00000| PB 0x000000074c800000| Complete |  0
|  67|0x000000074ca00000, 0x000000074cc00000, 0x000000074cc00000|100%|HC|  |TAMS 0x000000074cc00000| PB 0x000000074ca00000| Complete |  0
|  68|0x000000074cc00000, 0x000000074ce00000, 0x000000074ce00000|100%|HC|  |TAMS 0x000000074ce00000| PB 0x000000074cc00000| Complete |  0
|  69|0x000000074ce00000, 0x000000074d000000, 0x000000074d000000|100%|HC|  |TAMS 0x000000074d000000| PB 0x000000074ce00000| Complete |  0
|  70|0x000000074d000000, 0x000000074d200000, 0x000000074d200000|100%|HC|  |TAMS 0x000000074d200000| PB 0x000000074d000000| Complete |  0
|  71|0x000000074d200000, 0x000000074d400000, 0x000000074d400000|100%|HC|  |TAMS 0x000000074d400000| PB 0x000000074d200000| Complete |  0
|  72|0x000000074d400000, 0x000000074d600000, 0x000000074d600000|100%|HC|  |TAMS 0x000000074d600000| PB 0x000000074d400000| Complete |  0
|  73|0x000000074d600000, 0x000000074d800000, 0x000000074d800000|100%|HC|  |TAMS 0x000000074d800000| PB 0x000000074d600000| Complete |  0
|  74|0x000000074d800000, 0x000000074da00000, 0x000000074da00000|100%|HC|  |TAMS 0x000000074da00000| PB 0x000000074d800000| Complete |  0
|  75|0x000000074da00000, 0x000000074dc00000, 0x000000074dc00000|100%|HC|  |TAMS 0x000000074dc00000| PB 0x000000074da00000| Complete |  0
|  76|0x000000074dc00000, 0x000000074de00000, 0x000000074de00000|100%|HC|  |TAMS 0x000000074de00000| PB 0x000000074dc00000| Complete |  0
|  77|0x000000074de00000, 0x000000074e000000, 0x000000074e000000|100%|HC|  |TAMS 0x000000074e000000| PB 0x000000074de00000| Complete |  0
|  78|0x000000074e000000, 0x000000074e200000, 0x000000074e200000|100%|HC|  |TAMS 0x000000074e200000| PB 0x000000074e000000| Complete |  0
|  79|0x000000074e200000, 0x000000074e400000, 0x000000074e400000|100%|HC|  |TAMS 0x000000074e400000| PB 0x000000074e200000| Complete |  0
|  80|0x000000074e400000, 0x000000074e600000, 0x000000074e600000|100%|HC|  |TAMS 0x000000074e600000| PB 0x000000074e400000| Complete |  0
|  81|0x000000074e600000, 0x000000074e800000, 0x000000074e800000|100%|HC|  |TAMS 0x000000074e800000| PB 0x000000074e600000| Complete |  0
|  82|0x000000074e800000, 0x000000074ea00000, 0x000000074ea00000|100%|HC|  |TAMS 0x000000074ea00000| PB 0x000000074e800000| Complete |  0
|  83|0x000000074ea00000, 0x000000074ec00000, 0x000000074ec00000|100%|HC|  |TAMS 0x000000074ec00000| PB 0x000000074ea00000| Complete |  0
|  84|0x000000074ec00000, 0x000000074ee00000, 0x000000074ee00000|100%|HC|  |TAMS 0x000000074ee00000| PB 0x000000074ec00000| Complete |  0
|  85|0x000000074ee00000, 0x000000074f000000, 0x000000074f000000|100%|HC|  |TAMS 0x000000074f000000| PB 0x000000074ee00000| Complete |  0
|  86|0x000000074f000000, 0x000000074f200000, 0x000000074f200000|100%|HC|  |TAMS 0x000000074f200000| PB 0x000000074f000000| Complete |  0
|  87|0x000000074f200000, 0x000000074f400000, 0x000000074f400000|100%|HC|  |TAMS 0x000000074f400000| PB 0x000000074f200000| Complete |  0
|  88|0x000000074f400000, 0x000000074f600000, 0x000000074f600000|100%|HC|  |TAMS 0x000000074f600000| PB 0x000000074f400000| Complete |  0
|  89|0x000000074f600000, 0x000000074f800000, 0x000000074f800000|100%|HC|  |TAMS 0x000000074f800000| PB 0x000000074f600000| Complete |  0
|  90|0x000000074f800000, 0x000000074fa00000, 0x000000074fa00000|100%|HC|  |TAMS 0x000000074fa00000| PB 0x000000074f800000| Complete |  0
|  91|0x000000074fa00000, 0x000000074fc00000, 0x000000074fc00000|100%|HC|  |TAMS 0x000000074fc00000| PB 0x000000074fa00000| Complete |  0
|  92|0x000000074fc00000, 0x000000074fe00000, 0x000000074fe00000|100%|HC|  |TAMS 0x000000074fe00000| PB 0x000000074fc00000| Complete |  0
|  93|0x000000074fe00000, 0x0000000750000000, 0x0000000750000000|100%|HC|  |TAMS 0x0000000750000000| PB 0x000000074fe00000| Complete |  0
|  94|0x0000000750000000, 0x0000000750200000, 0x0000000750200000|100%|HC|  |TAMS 0x0000000750200000| PB 0x0000000750000000| Complete |  0
|  95|0x0000000750200000, 0x0000000750400000, 0x0000000750400000|100%|HC|  |TAMS 0x0000000750400000| PB 0x0000000750200000| Complete |  0
|  96|0x0000000750400000, 0x0000000750600000, 0x0000000750600000|100%|HC|  |TAMS 0x0000000750600000| PB 0x0000000750400000| Complete |  0
|  97|0x0000000750600000, 0x0000000750800000, 0x0000000750800000|100%|HC|  |TAMS 0x0000000750800000| PB 0x0000000750600000| Complete |  0
|  98|0x0000000750800000, 0x0000000750a00000, 0x0000000750a00000|100%|HC|  |TAMS 0x0000000750a00000| PB 0x0000000750800000| Complete |  0
|  99|0x0000000750a00000, 0x0000000750c00000, 0x0000000750c00000|100%|HC|  |TAMS 0x0000000750c00000| PB 0x0000000750a00000| Complete |  0
| 100|0x0000000750c00000, 0x0000000750e00000, 0x0000000750e00000|100%|HS|  |TAMS 0x0000000750c00000| PB 0x0000000750c00000| Complete |  0
| 101|0x0000000750e00000, 0x0000000751000000, 0x0000000751000000|100%|HC|  |TAMS 0x0000000750e00000| PB 0x0000000750e00000| Complete |  0
| 102|0x0000000751000000, 0x0000000751200000, 0x0000000751200000|100%|HC|  |TAMS 0x0000000751000000| PB 0x0000000751000000| Complete |  0
| 103|0x0000000751200000, 0x0000000751400000, 0x0000000751400000|100%|HC|  |TAMS 0x0000000751200000| PB 0x0000000751200000| Complete |  0
| 104|0x0000000751400000, 0x0000000751600000, 0x0000000751600000|100%|HC|  |TAMS 0x0000000751400000| PB 0x0000000751400000| Complete |  0
| 105|0x0000000751600000, 0x0000000751800000, 0x0000000751800000|100%|HC|  |TAMS 0x0000000751600000| PB 0x0000000751600000| Complete |  0
| 106|0x0000000751800000, 0x0000000751a00000, 0x0000000751a00000|100%|HC|  |TAMS 0x0000000751800000| PB 0x0000000751800000| Complete |  0
| 107|0x0000000751a00000, 0x0000000751c00000, 0x0000000751c00000|100%|HC|  |TAMS 0x0000000751a00000| PB 0x0000000751a00000| Complete |  0
| 108|0x0000000751c00000, 0x0000000751e00000, 0x0000000751e00000|100%|HC|  |TAMS 0x0000000751c00000| PB 0x0000000751c00000| Complete |  0
| 109|0x0000000751e00000, 0x0000000752000000, 0x0000000752000000|100%|HC|  |TAMS 0x0000000751e00000| PB 0x0000000751e00000| Complete |  0
| 110|0x0000000752000000, 0x0000000752200000, 0x0000000752200000|100%|HC|  |TAMS 0x0000000752000000| PB 0x0000000752000000| Complete |  0
| 111|0x0000000752200000, 0x0000000752400000, 0x0000000752400000|100%|HC|  |TAMS 0x0000000752200000| PB 0x0000000752200000| Complete |  0
| 112|0x0000000752400000, 0x0000000752600000, 0x0000000752600000|100%|HC|  |TAMS 0x0000000752400000| PB 0x0000000752400000| Complete |  0
| 113|0x0000000752600000, 0x0000000752800000, 0x0000000752800000|100%|HC|  |TAMS 0x0000000752600000| PB 0x0000000752600000| Complete |  0
| 114|0x0000000752800000, 0x0000000752a00000, 0x0000000752a00000|100%|HC|  |TAMS 0x0000000752800000| PB 0x0000000752800000| Complete |  0
| 115|0x0000000752a00000, 0x0000000752c00000, 0x0000000752c00000|100%|HC|  |TAMS 0x0000000752a00000| PB 0x0000000752a00000| Complete |  0
| 116|0x0000000752c00000, 0x0000000752e00000, 0x0000000752e00000|100%|HC|  |TAMS 0x0000000752c00000| PB 0x0000000752c00000| Complete |  0
| 117|0x0000000752e00000, 0x0000000753000000, 0x0000000753000000|100%|HC|  |TAMS 0x0000000752e00000| PB 0x0000000752e00000| Complete |  0
| 118|0x0000000753000000, 0x0000000753200000, 0x0000000753200000|100%|HC|  |TAMS 0x0000000753000000| PB 0x0000000753000000| Complete |  0
| 119|0x0000000753200000, 0x0000000753400000, 0x0000000753400000|100%|HC|  |TAMS 0x0000000753200000| PB 0x0000000753200000| Complete |  0
| 120|0x0000000753400000, 0x0000000753600000, 0x0000000753600000|100%|HC|  |TAMS 0x0000000753400000| PB 0x0000000753400000| Complete |  0
| 121|0x0000000753600000, 0x0000000753800000, 0x0000000753800000|100%|HC|  |TAMS 0x0000000753600000| PB 0x0000000753600000| Complete |  0
| 122|0x0000000753800000, 0x0000000753a00000, 0x0000000753a00000|100%|HC|  |TAMS 0x0000000753800000| PB 0x0000000753800000| Complete |  0
| 123|0x0000000753a00000, 0x0000000753c00000, 0x0000000753c00000|100%|HC|  |TAMS 0x0000000753a00000| PB 0x0000000753a00000| Complete |  0
| 124|0x0000000753c00000, 0x0000000753e00000, 0x0000000753e00000|100%|HC|  |TAMS 0x0000000753c00000| PB 0x0000000753c00000| Complete |  0
| 125|0x0000000753e00000, 0x0000000754000000, 0x0000000754000000|100%|HC|  |TAMS 0x0000000753e00000| PB 0x0000000753e00000| Complete |  0
| 126|0x0000000754000000, 0x0000000754200000, 0x0000000754200000|100%|HC|  |TAMS 0x0000000754000000| PB 0x0000000754000000| Complete |  0
| 127|0x0000000754200000, 0x0000000754400000, 0x0000000754400000|100%|HC|  |TAMS 0x0000000754200000| PB 0x0000000754200000| Complete |  0
| 128|0x0000000754400000, 0x0000000754600000, 0x0000000754600000|100%|HC|  |TAMS 0x0000000754400000| PB 0x0000000754400000| Complete |  0
| 129|0x0000000754600000, 0x0000000754800000, 0x0000000754800000|100%|HC|  |TAMS 0x0000000754600000| PB 0x0000000754600000| Complete |  0
| 130|0x0000000754800000, 0x0000000754a00000, 0x0000000754a00000|100%|HC|  |TAMS 0x0000000754800000| PB 0x0000000754800000| Complete |  0
| 131|0x0000000754a00000, 0x0000000754c00000, 0x0000000754c00000|100%|HC|  |TAMS 0x0000000754a00000| PB 0x0000000754a00000| Complete |  0
| 132|0x0000000754c00000, 0x0000000754e00000, 0x0000000754e00000|100%|HC|  |TAMS 0x0000000754c00000| PB 0x0000000754c00000| Complete |  0
| 133|0x0000000754e00000, 0x0000000755000000, 0x0000000755000000|100%|HC|  |TAMS 0x0000000754e00000| PB 0x0000000754e00000| Complete |  0
| 134|0x0000000755000000, 0x0000000755200000, 0x0000000755200000|100%|HC|  |TAMS 0x0000000755000000| PB 0x0000000755000000| Complete |  0
| 135|0x0000000755200000, 0x0000000755200000, 0x0000000755400000|  0%| F|  |TAMS 0x0000000755200000| PB 0x0000000755200000| Untracked |  0
| 136|0x0000000755400000, 0x0000000755400000, 0x0000000755600000|  0%| F|  |TAMS 0x0000000755400000| PB 0x0000000755400000| Untracked |  0
| 137|0x0000000755600000, 0x0000000755600000, 0x0000000755800000|  0%| F|  |TAMS 0x0000000755600000| PB 0x0000000755600000| Untracked |  0
| 138|0x0000000755800000, 0x0000000755800000, 0x0000000755a00000|  0%| F|  |TAMS 0x0000000755800000| PB 0x0000000755800000| Untracked |  0
| 139|0x0000000755a00000, 0x0000000755a00000, 0x0000000755c00000|  0%| F|  |TAMS 0x0000000755a00000| PB 0x0000000755a00000| Untracked |  0
| 140|0x0000000755c00000, 0x0000000755c00000, 0x0000000755e00000|  0%| F|  |TAMS 0x0000000755c00000| PB 0x0000000755c00000| Untracked |  0
| 141|0x0000000755e00000, 0x0000000755e00000, 0x0000000756000000|  0%| F|  |TAMS 0x0000000755e00000| PB 0x0000000755e00000| Untracked |  0
| 142|0x0000000756000000, 0x0000000756000000, 0x0000000756200000|  0%| F|  |TAMS 0x0000000756000000| PB 0x0000000756000000| Untracked |  0
| 143|0x0000000756200000, 0x0000000756200000, 0x0000000756400000|  0%| F|  |TAMS 0x0000000756200000| PB 0x0000000756200000| Untracked |  0
| 144|0x0000000756400000, 0x0000000756400000, 0x0000000756600000|  0%| F|  |TAMS 0x0000000756400000| PB 0x0000000756400000| Untracked |  0
| 145|0x0000000756600000, 0x0000000756600000, 0x0000000756800000|  0%| F|  |TAMS 0x0000000756600000| PB 0x0000000756600000| Untracked |  0
| 146|0x0000000756800000, 0x0000000756800000, 0x0000000756a00000|  0%| F|  |TAMS 0x0000000756800000| PB 0x0000000756800000| Untracked |  0
| 147|0x0000000756a00000, 0x0000000756a00000, 0x0000000756c00000|  0%| F|  |TAMS 0x0000000756a00000| PB 0x0000000756a00000| Untracked |  0
| 148|0x0000000756c00000, 0x0000000756c00000, 0x0000000756e00000|  0%| F|  |TAMS 0x0000000756c00000| PB 0x0000000756c00000| Untracked |  0
| 149|0x0000000756e00000, 0x0000000756e00000, 0x0000000757000000|  0%| F|  |TAMS 0x0000000756e00000| PB 0x0000000756e00000| Untracked |  0
| 150|0x0000000757000000, 0x0000000757000000, 0x0000000757200000|  0%| F|  |TAMS 0x0000000757000000| PB 0x0000000757000000| Untracked |  0
| 151|0x0000000757200000, 0x0000000757200000, 0x0000000757400000|  0%| F|  |TAMS 0x0000000757200000| PB 0x0000000757200000| Untracked |  0
| 152|0x0000000757400000, 0x0000000757400000, 0x0000000757600000|  0%| F|  |TAMS 0x0000000757400000| PB 0x0000000757400000| Untracked |  0
| 153|0x0000000757600000, 0x0000000757600000, 0x0000000757800000|  0%| F|  |TAMS 0x0000000757600000| PB 0x0000000757600000| Untracked |  0
| 154|0x0000000757800000, 0x0000000757800000, 0x0000000757a00000|  0%| F|  |TAMS 0x0000000757800000| PB 0x0000000757800000| Untracked |  0
| 155|0x0000000757a00000, 0x0000000757a00000, 0x0000000757c00000|  0%| F|  |TAMS 0x0000000757a00000| PB 0x0000000757a00000| Untracked |  0
| 156|0x0000000757c00000, 0x0000000757c00000, 0x0000000757e00000|  0%| F|  |TAMS 0x0000000757c00000| PB 0x0000000757c00000| Untracked |  0
| 157|0x0000000757e00000, 0x0000000757e00000, 0x0000000758000000|  0%| F|  |TAMS 0x0000000757e00000| PB 0x0000000757e00000| Untracked |  0
| 158|0x0000000758000000, 0x0000000758000000, 0x0000000758200000|  0%| F|  |TAMS 0x0000000758000000| PB 0x0000000758000000| Untracked |  0
| 159|0x0000000758200000, 0x0000000758200000, 0x0000000758400000|  0%| F|  |TAMS 0x0000000758200000| PB 0x0000000758200000| Untracked |  0
| 160|0x0000000758400000, 0x0000000758400000, 0x0000000758600000|  0%| F|  |TAMS 0x0000000758400000| PB 0x0000000758400000| Untracked |  0
| 161|0x0000000758600000, 0x0000000758600000, 0x0000000758800000|  0%| F|  |TAMS 0x0000000758600000| PB 0x0000000758600000| Untracked |  0
| 162|0x0000000758800000, 0x0000000758800000, 0x0000000758a00000|  0%| F|  |TAMS 0x0000000758800000| PB 0x0000000758800000| Untracked |  0
| 163|0x0000000758a00000, 0x0000000758a00000, 0x0000000758c00000|  0%| F|  |TAMS 0x0000000758a00000| PB 0x0000000758a00000| Untracked |  0
| 164|0x0000000758c00000, 0x0000000758c00000, 0x0000000758e00000|  0%| F|  |TAMS 0x0000000758c00000| PB 0x0000000758c00000| Untracked |  0
| 165|0x0000000758e00000, 0x0000000758e00000, 0x0000000759000000|  0%| F|  |TAMS 0x0000000758e00000| PB 0x0000000758e00000| Untracked |  0
| 166|0x0000000759000000, 0x0000000759000000, 0x0000000759200000|  0%| F|  |TAMS 0x0000000759000000| PB 0x0000000759000000| Untracked |  0
| 167|0x0000000759200000, 0x0000000759200000, 0x0000000759400000|  0%| F|  |TAMS 0x0000000759200000| PB 0x0000000759200000| Untracked |  0
| 168|0x0000000759400000, 0x00000007594aa988, 0x0000000759600000| 33%| S|CS|TAMS 0x0000000759400000| PB 0x0000000759400000| Complete |  0
| 169|0x0000000759600000, 0x0000000759800000, 0x0000000759800000|100%| S|CS|TAMS 0x0000000759600000| PB 0x0000000759600000| Complete |  0

Card table byte_map: [0x00000214eda80000,0x00000214ee060000] _byte_map_base: 0x00000214ea05e000

Marking Bits: (CMBitMap*) 0x00000214d5e7cc20
 Bits: [0x00000214ee060000, 0x00000214f0f50000)

Polling page: 0x00000214d3d90000

Metaspace:

Usage:
  Non-class:     11.62 MB used.
      Class:      1.96 MB used.
       Both:     13.58 MB used.

Virtual space:
  Non-class space:       64.00 MB reserved,      11.81 MB ( 18%) committed,  1 nodes.
      Class space:        1.00 GB reserved,       2.06 MB ( <1%) committed,  1 nodes.
             Both:        1.06 GB reserved,      13.88 MB (  1%) committed. 

Chunk freelists:
   Non-Class:  3.60 MB
       Class:  13.78 MB
        Both:  17.38 MB

MaxMetaspaceSize: unlimited
CompressedClassSpaceSize: 1.00 GB
Initial GC threshold: 21.00 MB
Current GC threshold: 23.12 MB
CDS: on
 - commit_granule_bytes: 65536.
 - commit_granule_words: 8192.
 - virtual_space_node_default_size: 8388608.
 - enlarge_chunks_in_place: 1.
 - use_allocation_guard: 0.


Internal statistics:

num_allocs_failed_limit: 0.
num_arena_births: 268.
num_arena_deaths: 0.
num_vsnodes_births: 2.
num_vsnodes_deaths: 0.
num_space_committed: 222.
num_space_uncommitted: 0.
num_chunks_returned_to_freelist: 0.
num_chunks_taken_from_freelist: 719.
num_chunk_merges: 0.
num_chunk_splits: 502.
num_chunks_enlarged: 381.
num_inconsistent_stats: 0.

CodeHeap 'non-profiled nmethods': size=120000Kb used=889Kb max_used=1026Kb free=119110Kb
 bounds [0x00000214e5c40000, 0x00000214e5eb0000, 0x00000214ed170000]
CodeHeap 'profiled nmethods': size=120000Kb used=3938Kb max_used=4638Kb free=116061Kb
 bounds [0x00000214de170000, 0x00000214de600000, 0x00000214e56a0000]
CodeHeap 'non-nmethods': size=5760Kb used=2061Kb max_used=2085Kb free=3698Kb
 bounds [0x00000214e56a0000, 0x00000214e5910000, 0x00000214e5c40000]
 total_blobs=3199 nmethods=2373 adapters=730
 compilation: enabled
              stopped_count=0, restarted_count=0
 full_count=0

Compilation events (20 events):
Event: 9.634 Thread 0x00000214f3994330 nmethod 2658 0x00000214de5f3b10 code [0x00000214de5f3d00, 0x00000214de5f41c8]
Event: 9.635 Thread 0x00000214f3994330 2659       3       jdk.internal.org.objectweb.asm.AnnotationWriter::<init> (60 bytes)
Event: 9.636 Thread 0x00000214f3994330 nmethod 2659 0x00000214de5f4410 code [0x00000214de5f45e0, 0x00000214de5f49e8]
Event: 9.636 Thread 0x00000214f3994330 2660       3       jdk.internal.org.objectweb.asm.AnnotationVisitor::<init> (7 bytes)
Event: 9.636 Thread 0x00000214f3994330 nmethod 2660 0x00000214de5f4b90 code [0x00000214de5f4d40, 0x00000214de5f4e88]
Event: 9.636 Thread 0x00000214f3994330 2661       3       jdk.internal.org.objectweb.asm.AnnotationVisitor::<init> (78 bytes)
Event: 9.637 Thread 0x00000214f3994330 nmethod 2661 0x00000214de5f4f10 code [0x00000214de5f5140, 0x00000214de5f58e0]
Event: 9.637 Thread 0x00000214f3994330 2662       1       java.lang.Class::getClassData (5 bytes)
Event: 9.637 Thread 0x00000214f3994330 nmethod 2662 0x00000214e5d3f090 code [0x00000214e5d3f220, 0x00000214e5d3f2f0]
Event: 9.637 Thread 0x00000214f3994330 2657       1       java.lang.invoke.InvokerBytecodeGenerator::setClassWriter (6 bytes)
Event: 9.637 Thread 0x00000214f3994330 nmethod 2657 0x00000214e5d3f390 code [0x00000214e5d3f520, 0x00000214e5d3f638]
Event: 9.638 Thread 0x00000214f3994330 2666       3       javafx.scene.Node::layoutBoundsChanged (47 bytes)
Event: 9.638 Thread 0x00000214f3994330 nmethod 2666 0x00000214de5f5b90 code [0x00000214de5f5dc0, 0x00000214de5f65f0]
Event: 9.640 Thread 0x00000214f3972860 nmethod 2651% 0x00000214e5d3f690 code [0x00000214e5d3f880, 0x00000214e5d40260]
Event: 9.755 Thread 0x00000214f3994330 2667       3       jdk.internal.misc.Unsafe::getAndAddLong (27 bytes)
Event: 9.755 Thread 0x00000214f3994330 nmethod 2667 0x00000214de5f6910 code [0x00000214de5f6ac0, 0x00000214de5f6d00]
Event: 9.755 Thread 0x00000214f3994330 2669       3       jdk.internal.misc.Unsafe::weakCompareAndSetLong (11 bytes)
Event: 9.756 Thread 0x00000214f3994330 nmethod 2669 0x00000214de5f6e10 code [0x00000214de5f6fa0, 0x00000214de5f70c8]
Event: 9.756 Thread 0x00000214f3994330 2670       3       jdk.internal.misc.Unsafe::checkPointer (19 bytes)
Event: 9.756 Thread 0x00000214f3994330 nmethod 2670 0x00000214de5f7190 code [0x00000214de5f7360, 0x00000214de5f76e8]

GC Heap History (10 events):
Event: 0.911 GC heap before
{Heap before GC invocations=0 (full 0):
 garbage-first heap   total reserved 3076096K, committed 192512K, used 22528K [0x0000000744400000, 0x0000000800000000)
  region size 2048K, 12 young (24576K), 0 survivors (0K)
 Metaspace       used 5113K, committed 5376K, reserved 1114112K
  class space    used 579K, committed 704K, reserved 1048576K
}
Event: 0.915 GC heap after
{Heap after GC invocations=1 (full 0):
 garbage-first heap   total reserved 3076096K, committed 192512K, used 2773K [0x0000000744400000, 0x0000000800000000)
  region size 2048K, 2 young (4096K), 2 survivors (4096K)
 Metaspace       used 5113K, committed 5376K, reserved 1114112K
  class space    used 579K, committed 704K, reserved 1048576K
}
Event: 1.886 GC heap before
{Heap before GC invocations=1 (full 0):
 garbage-first heap   total reserved 3076096K, committed 192512K, used 74453K [0x0000000744400000, 0x0000000800000000)
  region size 2048K, 11 young (22528K), 2 survivors (4096K)
 Metaspace       used 8300K, committed 8576K, reserved 1114112K
  class space    used 1141K, committed 1280K, reserved 1048576K
}
Event: 1.891 GC heap after
{Heap after GC invocations=2 (full 0):
 garbage-first heap   total reserved 3076096K, committed 192512K, used 63307K [0x0000000744400000, 0x0000000800000000)
  region size 2048K, 3 young (6144K), 3 survivors (6144K)
 Metaspace       used 8300K, committed 8576K, reserved 1114112K
  class space    used 1141K, committed 1280K, reserved 1048576K
}
Event: 3.381 GC heap before
{Heap before GC invocations=2 (full 0):
 garbage-first heap   total reserved 3076096K, committed 192512K, used 155467K [0x0000000744400000, 0x0000000800000000)
  region size 2048K, 16 young (32768K), 3 survivors (6144K)
 Metaspace       used 13074K, committed 13312K, reserved 1114112K
  class space    used 1910K, committed 1984K, reserved 1048576K
}
Event: 3.391 GC heap after
{Heap after GC invocations=3 (full 0):
 garbage-first heap   total reserved 3076096K, committed 192512K, used 132504K [0x0000000744400000, 0x0000000800000000)
  region size 2048K, 4 young (8192K), 4 survivors (8192K)
 Metaspace       used 13074K, committed 13312K, reserved 1114112K
  class space    used 1910K, committed 1984K, reserved 1048576K
}
Event: 9.747 GC heap before
{Heap before GC invocations=4 (full 0):
 garbage-first heap   total reserved 3076096K, committed 225280K, used 140696K [0x0000000744400000, 0x0000000800000000)
  region size 2048K, 8 young (16384K), 4 survivors (8192K)
 Metaspace       used 13903K, committed 14208K, reserved 1114112K
  class space    used 2007K, committed 2112K, reserved 1048576K
}
Event: 9.755 GC heap after
{Heap after GC invocations=5 (full 0):
 garbage-first heap   total reserved 3076096K, committed 225280K, used 135686K [0x0000000744400000, 0x0000000800000000)
  region size 2048K, 2 young (4096K), 2 survivors (4096K)
 Metaspace       used 13903K, committed 14208K, reserved 1114112K
  class space    used 2007K, committed 2112K, reserved 1048576K
}
Event: 10.036 GC heap before
{Heap before GC invocations=6 (full 0):
 garbage-first heap   total reserved 3076096K, committed 348160K, used 207366K [0x0000000744400000, 0x0000000800000000)
  region size 2048K, 3 young (6144K), 2 survivors (4096K)
 Metaspace       used 13906K, committed 14208K, reserved 1114112K
  class space    used 2007K, committed 2112K, reserved 1048576K
}
Event: 10.039 GC heap after
{Heap after GC invocations=7 (full 0):
 garbage-first heap   total reserved 3076096K, committed 348160K, used 207385K [0x0000000744400000, 0x0000000800000000)
  region size 2048K, 2 young (4096K), 2 survivors (4096K)
 Metaspace       used 13906K, committed 14208K, reserved 1114112K
  class space    used 2007K, committed 2112K, reserved 1048576K
}

Dll operation events (20 events):
Event: 0.611 Loaded shared library C:\Users\DELL\.openjfx\cache\22-ea+11\amd64\api-ms-win-crt-math-l1-1-0.dll
Event: 0.616 Loaded shared library C:\Users\DELL\.openjfx\cache\22-ea+11\amd64\api-ms-win-crt-multibyte-l1-1-0.dll
Event: 0.619 Loaded shared library C:\Users\DELL\.openjfx\cache\22-ea+11\amd64\api-ms-win-crt-private-l1-1-0.dll
Event: 0.622 Loaded shared library C:\Users\DELL\.openjfx\cache\22-ea+11\amd64\api-ms-win-crt-process-l1-1-0.dll
Event: 0.626 Loaded shared library C:\Users\DELL\.openjfx\cache\22-ea+11\amd64\api-ms-win-crt-runtime-l1-1-0.dll
Event: 0.629 Loaded shared library C:\Users\DELL\.openjfx\cache\22-ea+11\amd64\api-ms-win-crt-stdio-l1-1-0.dll
Event: 0.634 Loaded shared library C:\Users\DELL\.openjfx\cache\22-ea+11\amd64\api-ms-win-crt-string-l1-1-0.dll
Event: 0.637 Loaded shared library C:\Users\DELL\.openjfx\cache\22-ea+11\amd64\api-ms-win-crt-time-l1-1-0.dll
Event: 0.639 Loaded shared library C:\Users\DELL\.openjfx\cache\22-ea+11\amd64\api-ms-win-crt-utility-l1-1-0.dll
Event: 0.657 Loaded shared library C:\Users\DELL\.openjfx\cache\22-ea+11\amd64\ucrtbase.dll
Event: 0.661 Loaded shared library C:\Users\DELL\.openjfx\cache\22-ea+11\amd64\vcruntime140.dll
Event: 0.665 Loaded shared library C:\Users\DELL\.openjfx\cache\22-ea+11\amd64\vcruntime140_1.dll
Event: 0.674 Loaded shared library C:\Users\DELL\.openjfx\cache\22-ea+11\amd64\msvcp140.dll
Event: 0.677 Loaded shared library C:\Users\DELL\.openjfx\cache\22-ea+11\amd64\msvcp140_1.dll
Event: 0.683 Loaded shared library C:\Users\DELL\.openjfx\cache\22-ea+11\amd64\msvcp140_2.dll
Event: 0.734 Loaded shared library C:\Users\DELL\.openjfx\cache\22-ea+11\amd64\prism_d3d.dll
Event: 0.778 Loaded shared library C:\Users\DELL\.openjfx\cache\22-ea+11\amd64\glass.dll
Event: 1.027 Loaded shared library C:\Users\DELL\.openjfx\cache\22-ea+11\amd64\javafx_font.dll
Event: 1.190 Loaded shared library C:\Users\DELL\.openjfx\cache\22-ea+11\amd64\javafx_iio.dll
Event: 1.254 Loaded shared library C:\Program Files\Java\jdk-22\bin\jimage.dll

Deoptimization events (20 events):
Event: 2.371 Thread 0x00000214c5f28ac0 DEOPT PACKING pc=0x00000214e5c50b50 sp=0x00000095c24fdae0
Event: 2.371 Thread 0x00000214c5f28ac0 DEOPT UNPACKING pc=0x00000214e56f7da2 sp=0x00000095c24fda78 mode 2
Event: 2.371 Thread 0x00000214c5f28ac0 Uncommon trap: trap_request=0xffffffde fr.pc=0x00000214e5c50b50 relative=0x00000000000001b0
Event: 2.371 Thread 0x00000214c5f28ac0 Uncommon trap: reason=class_check action=maybe_recompile pc=0x00000214e5c50b50 method=java.lang.String.equals(Ljava/lang/Object;)Z @ 8 c2
Event: 2.371 Thread 0x00000214c5f28ac0 DEOPT PACKING pc=0x00000214e5c50b50 sp=0x00000095c24fdae0
Event: 2.371 Thread 0x00000214c5f28ac0 DEOPT UNPACKING pc=0x00000214e56f7da2 sp=0x00000095c24fda78 mode 2
Event: 2.372 Thread 0x00000214c5f28ac0 Uncommon trap: trap_request=0xffffffde fr.pc=0x00000214e5c50b50 relative=0x00000000000001b0
Event: 2.372 Thread 0x00000214c5f28ac0 Uncommon trap: reason=class_check action=maybe_recompile pc=0x00000214e5c50b50 method=java.lang.String.equals(Ljava/lang/Object;)Z @ 8 c2
Event: 2.372 Thread 0x00000214c5f28ac0 DEOPT PACKING pc=0x00000214e5c50b50 sp=0x00000095c24fdbd0
Event: 2.372 Thread 0x00000214c5f28ac0 DEOPT UNPACKING pc=0x00000214e56f7da2 sp=0x00000095c24fdb68 mode 2
Event: 2.735 Thread 0x00000214c5f28ac0 Uncommon trap: trap_request=0xffffff45 fr.pc=0x00000214e5ca7b18 relative=0x00000000000001f8
Event: 2.735 Thread 0x00000214c5f28ac0 Uncommon trap: reason=unstable_if action=reinterpret pc=0x00000214e5ca7b18 method=java.io.ByteArrayInputStream.read()I @ 8 c2
Event: 2.735 Thread 0x00000214c5f28ac0 DEOPT PACKING pc=0x00000214e5ca7b18 sp=0x00000095c24fc2f0
Event: 2.735 Thread 0x00000214c5f28ac0 DEOPT UNPACKING pc=0x00000214e56f7da2 sp=0x00000095c24fc298 mode 2
Event: 9.079 Thread 0x00000214c5f28ac0 Uncommon trap: trap_request=0xffffff45 fr.pc=0x00000214e5d27f18 relative=0x00000000000005d8
Event: 9.079 Thread 0x00000214c5f28ac0 Uncommon trap: reason=unstable_if action=reinterpret pc=0x00000214e5d27f18 method=javafx.scene.Node.updateLocalToParentTransform()V @ 125 c2
Event: 9.079 Thread 0x00000214c5f28ac0 DEOPT PACKING pc=0x00000214e5d27f18 sp=0x00000095c24fd900
Event: 9.079 Thread 0x00000214c5f28ac0 DEOPT UNPACKING pc=0x00000214e56f7da2 sp=0x00000095c24fd890 mode 2
Event: 9.080 Thread 0x00000214c5f28ac0 DEOPT PACKING pc=0x00000214de5bba35 sp=0x00000095c24fdd30
Event: 9.080 Thread 0x00000214c5f28ac0 DEOPT UNPACKING pc=0x00000214e56f88e2 sp=0x00000095c24fd240 mode 3

Classes loaded (20 events):
Event: 3.337 Loading class java/lang/FdLibm$Hypot
Event: 3.338 Loading class java/lang/FdLibm$Hypot done
Event: 3.345 Loading class java/util/concurrent/ConcurrentLinkedQueue
Event: 3.345 Loading class java/util/concurrent/ConcurrentLinkedQueue done
Event: 3.346 Loading class java/util/concurrent/ConcurrentLinkedQueue$Node
Event: 3.346 Loading class java/util/concurrent/ConcurrentLinkedQueue$Node done
Event: 3.349 Loading class jdk/internal/ref/CleanerImpl$InnocuousThreadFactory
Event: 3.349 Loading class jdk/internal/ref/CleanerImpl$InnocuousThreadFactory done
Event: 3.358 Loading class sun/misc/Unsafe
Event: 3.358 Loading class sun/misc/Unsafe done
Event: 3.359 Loading class java/lang/invoke/DirectMethodHandle$StaticAccessor
Event: 3.359 Loading class java/lang/invoke/DirectMethodHandle$StaticAccessor done
Event: 4.835 Loading class java/util/EnumMap$Values
Event: 4.835 Loading class java/util/EnumMap$Values done
Event: 4.835 Loading class java/util/EnumMap$ValueIterator
Event: 4.835 Loading class java/util/EnumMap$EnumMapIterator
Event: 4.835 Loading class java/util/EnumMap$EnumMapIterator done
Event: 4.835 Loading class java/util/EnumMap$ValueIterator done
Event: 9.410 Loading class java/io/UnsupportedEncodingException
Event: 9.410 Loading class java/io/UnsupportedEncodingException done

Classes unloaded (0 events):
No events

Classes redefined (0 events):
No events

Internal exceptions (20 events):
Event: 1.228 Thread 0x00000214c5f28ac0 Exception <a 'java/io/IOException'{0x000000074f1f24b8}: Insufficient memory (case 4)> (0x000000074f1f24b8) 
thrown [s\open\src\hotspot\share\prims\jni.cpp, line 539]
Event: 2.162 Thread 0x00000214c5f28ac0 Exception <a 'sun/nio/fs/WindowsException'{0x000000074ffa8118}> (0x000000074ffa8118) 
thrown [s\open\src\hotspot\share\prims\jni.cpp, line 520]
Event: 2.179 Thread 0x00000214c5f28ac0 Implicit null exception at 0x00000214e5c8da29 to 0x00000214e5c8dd64
Event: 2.194 Thread 0x00000214c5f28ac0 Implicit null exception at 0x00000214e5ca6c1d to 0x00000214e5ca6e24
Event: 2.534 Thread 0x00000214c5f28ac0 Exception <a 'java/lang/IncompatibleClassChangeError'{0x000000074f011b88}: Found class java.lang.Object, but interface was expected> (0x000000074f011b88) 
thrown [s\open\src\hotspot\share\interpreter\linkResolver.cpp, line 841]
Event: 2.721 Thread 0x00000214c5f28ac0 Exception <a 'sun/nio/fs/WindowsException'{0x000000074ee6fdc8}> (0x000000074ee6fdc8) 
thrown [s\open\src\hotspot\share\prims\jni.cpp, line 520]
Event: 2.748 Thread 0x00000214c5f28ac0 Exception <a 'java/lang/NoSuchMethodError'{0x000000074eee6db8}: 'int java.lang.invoke.DirectMethodHandle$Holder.invokeSpecial(java.lang.Object, java.lang.Object, int)'> (0x000000074eee6db8) 
thrown [s\open\src\hotspot\share\interpreter\linkResolver.cpp, line 774]
Event: 2.749 Thread 0x00000214c5f28ac0 Exception <a 'java/lang/NoSuchMethodError'{0x000000074eeee870}: 'int java.lang.invoke.DirectMethodHandle$Holder.invokeSpecial(java.lang.Object, java.lang.Object, java.lang.Object, int)'> (0x000000074eeee870) 
thrown [s\open\src\hotspot\share\interpreter\linkResolver.cpp, line 774]
Event: 2.754 Thread 0x00000214c5f28ac0 Exception <a 'java/lang/NoSuchMethodError'{0x000000074ef00850}: 'java.lang.Object java.lang.invoke.DirectMethodHandle$Holder.invokeStatic(java.lang.Object, java.lang.Object, java.lang.Object, java.lang.Object, int)'> (0x000000074ef00850) 
thrown [s\open\src\hotspot\share\interpreter\linkResolver.cpp, line 774]
Event: 2.755 Thread 0x00000214c5f28ac0 Exception <a 'java/lang/NoSuchMethodError'{0x000000074ef08d68}: 'int java.lang.invoke.DirectMethodHandle$Holder.invokeSpecial(java.lang.Object, java.lang.Object, java.lang.Object)'> (0x000000074ef08d68) 
thrown [s\open\src\hotspot\share\interpreter\linkResolver.cpp, line 774]
Event: 2.793 Thread 0x00000214c5f28ac0 Exception <a 'java/lang/NoSuchMethodError'{0x000000074efb0d80}: 'java.lang.Object java.lang.invoke.DirectMethodHandle$Holder.newInvokeSpecial(java.lang.Object, java.lang.Object, int)'> (0x000000074efb0d80) 
thrown [s\open\src\hotspot\share\interpreter\linkResolver.cpp, line 774]
Event: 2.826 Thread 0x00000214c5f28ac0 Exception <a 'java/io/FileNotFoundException'{0x000000074efc1068}> (0x000000074efc1068) 
thrown [s\open\src\hotspot\share\prims\jni.cpp, line 520]
Event: 2.896 Thread 0x00000214c5dc07c0 Exception <a 'java/lang/NoSuchMethodError'{0x000000074e4905b8}: 'int java.lang.invoke.DirectMethodHandle$Holder.invokeStaticInit(java.lang.Object, java.lang.Object)'> (0x000000074e4905b8) 
thrown [s\open\src\hotspot\share\interpreter\linkResolver.cpp, line 774]
Event: 3.337 Thread 0x00000214c5dc07c0 Exception <a 'java/lang/NoSuchMethodError'{0x000000074e2d22e0}: 'java.lang.Object java.lang.invoke.DirectMethodHandle$Holder.invokeStaticInit(java.lang.Object, int)'> (0x000000074e2d22e0) 
thrown [s\open\src\hotspot\share\interpreter\linkResolver.cpp, line 774]
Event: 5.555 Thread 0x00000214c5f28ac0 Exception <a 'java/lang/NoSuchMethodError'{0x0000000751f09cc0}: 'java.lang.Object java.lang.invoke.DirectMethodHandle$Holder.newInvokeSpecial(java.lang.Object, java.lang.Object, java.lang.Object, double, double, double, double, int, int, int, int, int, int, int, int, int)'> (0x0000000751f09cc0) 
thrown [s\open\src\hotspot\share\interpreter\linkResolver.cpp, line 774]
Event: 9.420 Thread 0x00000214c5f28ac0 Exception <a 'java/lang/NoSuchMethodError'{0x0000000751a569d0}: 'long java.lang.invoke.DirectMethodHandle$Holder.invokeStatic(java.lang.Object, java.lang.Object, java.lang.Object)'> (0x0000000751a569d0) 
thrown [s\open\src\hotspot\share\interpreter\linkResolver.cpp, line 774]
Event: 9.420 Thread 0x00000214c5f28ac0 Exception <a 'java/lang/NoSuchMethodError'{0x0000000751a59dd0}: 'long java.lang.invoke.DirectMethodHandle$Holder.invokeStaticInit(java.lang.Object, java.lang.Object, java.lang.Object)'> (0x0000000751a59dd0) 
thrown [s\open\src\hotspot\share\interpreter\linkResolver.cpp, line 774]
Event: 9.421 Thread 0x00000214c5f28ac0 Exception <a 'java/lang/NoSuchMethodError'{0x0000000751a6eb60}: 'java.lang.Object java.lang.invoke.DirectMethodHandle$Holder.newInvokeSpecial(java.lang.Object, java.lang.Object, long)'> (0x0000000751a6eb60) 
thrown [s\open\src\hotspot\share\interpreter\linkResolver.cpp, line 774]
Event: 9.421 Thread 0x00000214c5f28ac0 Exception <a 'java/lang/NoSuchMethodError'{0x0000000751a724a8}: 'java.lang.Object java.lang.invoke.Invokers$Holder.linkToTargetMethod(java.lang.Object, long, java.lang.Object)'> (0x0000000751a724a8) 
thrown [s\open\src\hotspot\share\interpreter\linkResolver.cpp, line 774]
Event: 9.629 Thread 0x00000214c5f28ac0 Exception <a 'java/lang/NoSuchMethodError'{0x0000000751b19d28}: 'void java.lang.invoke.DirectMethodHandle$Holder.invokeSpecial(java.lang.Object, java.lang.Object, java.lang.Object, java.lang.Object, java.lang.Object, java.lang.Object)'> (0x0000000751b19d28) 
thrown [s\open\src\hotspot\share\interpreter\linkResolver.cpp, line 774]

ZGC Phase Switch (0 events):
No events

VM Operations (20 events):
Event: 3.399 Executing VM operation: G1PauseCleanup done
Event: 4.400 Executing VM operation: Cleanup
Event: 4.400 Executing VM operation: Cleanup done
Event: 5.401 Executing VM operation: Cleanup
Event: 5.401 Executing VM operation: Cleanup done
Event: 7.401 Executing VM operation: Cleanup
Event: 7.401 Executing VM operation: Cleanup done
Event: 8.401 Executing VM operation: Cleanup
Event: 8.401 Executing VM operation: Cleanup done
Event: 9.080 Executing VM operation: HandshakeAllThreads (Deoptimize)
Event: 9.080 Executing VM operation: HandshakeAllThreads (Deoptimize) done
Event: 9.747 Executing VM operation: G1TryInitiateConcMark (G1 Humongous Allocation)
Event: 9.755 Executing VM operation: G1TryInitiateConcMark (G1 Humongous Allocation) done
Event: 9.758 Executing VM operation: G1PauseRemark
Event: 9.776 Executing VM operation: G1PauseRemark done
Event: 9.777 Executing VM operation: G1PauseCleanup
Event: 9.777 Executing VM operation: G1PauseCleanup done
Event: 10.036 Executing VM operation: G1TryInitiateConcMark (G1 Humongous Allocation)
Event: 10.039 Executing VM operation: G1TryInitiateConcMark (G1 Humongous Allocation) done
Event: 10.047 Executing VM operation: G1PauseRemark

Events (20 events):
Event: 10.068 Thread 0x00000214f3938120 flushing nmethod 0x00000214de313210
Event: 10.068 Thread 0x00000214f3938120 flushing nmethod 0x00000214de313a90
Event: 10.068 Thread 0x00000214f3938120 flushing nmethod 0x00000214de314c10
Event: 10.068 Thread 0x00000214f3938120 flushing nmethod 0x00000214de372710
Event: 10.068 Thread 0x00000214f3938120 flushing nmethod 0x00000214de372b90
Event: 10.068 Thread 0x00000214f3938120 flushing nmethod 0x00000214de37cd90
Event: 10.068 Thread 0x00000214f3938120 flushing nmethod 0x00000214de4c4790
Event: 10.068 Thread 0x00000214f3938120 flushing nmethod 0x00000214de4c4b10
Event: 10.068 Thread 0x00000214f3938120 flushing nmethod 0x00000214de4c6210
Event: 10.068 Thread 0x00000214f3938120 flushing nmethod 0x00000214de4c6510
Event: 10.068 Thread 0x00000214f3938120 flushing nmethod 0x00000214de4c6b10
Event: 10.068 Thread 0x00000214f3938120 flushing nmethod 0x00000214de4c6f90
Event: 10.068 Thread 0x00000214f3938120 flushing nmethod 0x00000214de4c7390
Event: 10.068 Thread 0x00000214f3938120 flushing nmethod 0x00000214de353b90
Event: 10.068 Thread 0x00000214f3938120 flushing nmethod 0x00000214de354290
Event: 10.068 Thread 0x00000214f3938120 flushing nmethod 0x00000214de357410
Event: 10.068 Thread 0x00000214f3938120 flushing nmethod 0x00000214de35a290
Event: 10.068 Thread 0x00000214f3938120 flushing nmethod 0x00000214de46ca10
Event: 10.068 Thread 0x00000214f3938120 flushing nmethod 0x00000214de471710
Event: 10.068 Thread 0x00000214f3938120 flushing nmethod 0x00000214de5c3210


Dynamic libraries:
0x00007ff6f5340000 - 0x00007ff6f5350000 	C:\Program Files\Java\jdk-22\bin\java.exe
0x00007ff940f90000 - 0x00007ff941188000 	C:\WINDOWS\SYSTEM32\ntdll.dll
0x00007ff92b340000 - 0x00007ff92b35a000 	C:\Program Files\Avast Software\Avast\aswhook.dll
0x00007ff93fca0000 - 0x00007ff93fd62000 	C:\WINDOWS\System32\KERNEL32.DLL
0x00007ff93ea20000 - 0x00007ff93ed1e000 	C:\WINDOWS\System32\KERNELBASE.dll
0x00007ff93e630000 - 0x00007ff93e730000 	C:\WINDOWS\System32\ucrtbase.dll
0x00007ff934300000 - 0x00007ff934317000 	C:\Program Files\Java\jdk-22\bin\jli.dll
0x00007ff934320000 - 0x00007ff93433b000 	C:\Program Files\Java\jdk-22\bin\VCRUNTIME140.dll
0x00007ff93f770000 - 0x00007ff93f821000 	C:\WINDOWS\System32\ADVAPI32.dll
0x00007ff93f100000 - 0x00007ff93f19e000 	C:\WINDOWS\System32\msvcrt.dll
0x00007ff93fb80000 - 0x00007ff93fc1f000 	C:\WINDOWS\System32\sechost.dll
0x00007ff93f340000 - 0x00007ff93f463000 	C:\WINDOWS\System32\RPCRT4.dll
0x00007ff93e730000 - 0x00007ff93e757000 	C:\WINDOWS\System32\bcrypt.dll
0x00007ff93f1a0000 - 0x00007ff93f33d000 	C:\WINDOWS\System32\USER32.dll
0x00007ff93ef80000 - 0x00007ff93efa2000 	C:\WINDOWS\System32\win32u.dll
0x00007ff93fb50000 - 0x00007ff93fb7b000 	C:\WINDOWS\System32\GDI32.dll
0x00007ff93e760000 - 0x00007ff93e877000 	C:\WINDOWS\System32\gdi32full.dll
0x00007ff93e980000 - 0x00007ff93ea1d000 	C:\WINDOWS\System32\msvcp_win.dll
0x00007ff904540000 - 0x00007ff9047da000 	C:\WINDOWS\WinSxS\amd64_microsoft.windows.common-controls_6595b64144ccf1df_6.0.19041.4355_none_60b8b9eb71f62e16\COMCTL32.dll
0x00007ff935e20000 - 0x00007ff935e2a000 	C:\WINDOWS\SYSTEM32\VERSION.dll
0x00007ff9401e0000 - 0x00007ff94020f000 	C:\WINDOWS\System32\IMM32.DLL
0x00007ff934580000 - 0x00007ff93458c000 	C:\Program Files\Java\jdk-22\bin\vcruntime140_1.dll
0x00007ff9208b0000 - 0x00007ff92093e000 	C:\Program Files\Java\jdk-22\bin\msvcp140.dll
0x00007ff8e3180000 - 0x00007ff8e3ec7000 	C:\Program Files\Java\jdk-22\bin\server\jvm.dll
0x00007ff93f550000 - 0x00007ff93f5bb000 	C:\WINDOWS\System32\WS2_32.dll
0x00007ff93db70000 - 0x00007ff93dbbb000 	C:\WINDOWS\SYSTEM32\POWRPROF.dll
0x00007ff9323a0000 - 0x00007ff9323c7000 	C:\WINDOWS\SYSTEM32\WINMM.dll
0x00007ff93da30000 - 0x00007ff93da42000 	C:\WINDOWS\SYSTEM32\UMPDC.dll
0x00007ff93ce50000 - 0x00007ff93ce62000 	C:\WINDOWS\SYSTEM32\kernel.appcore.dll
0x00007ff934350000 - 0x00007ff93435a000 	C:\Program Files\Java\jdk-22\bin\jimage.dll
0x00007ff93b840000 - 0x00007ff93ba24000 	C:\WINDOWS\SYSTEM32\DBGHELP.DLL
0x00007ff931e70000 - 0x00007ff931ea4000 	C:\WINDOWS\SYSTEM32\dbgcore.DLL
0x00007ff93eef0000 - 0x00007ff93ef72000 	C:\WINDOWS\System32\bcryptPrimitives.dll
0x00007ff927e50000 - 0x00007ff927e5f000 	C:\Program Files\Java\jdk-22\bin\instrument.dll
0x00007ff92b3b0000 - 0x00007ff92b3ce000 	C:\Program Files\Java\jdk-22\bin\java.dll
0x00007ff9407e0000 - 0x00007ff940f4d000 	C:\WINDOWS\System32\SHELL32.dll
0x00007ff9406b0000 - 0x00007ff9407db000 	C:\WINDOWS\System32\ole32.dll
0x00007ff940220000 - 0x00007ff940573000 	C:\WINDOWS\System32\combase.dll
0x00007ff93c690000 - 0x00007ff93ce34000 	C:\WINDOWS\SYSTEM32\windows.storage.dll
0x00007ff93e060000 - 0x00007ff93e08e000 	C:\WINDOWS\SYSTEM32\Wldp.dll
0x00007ff93fa80000 - 0x00007ff93fb4d000 	C:\WINDOWS\System32\OLEAUT32.dll
0x00007ff93efc0000 - 0x00007ff93f06d000 	C:\WINDOWS\System32\SHCORE.dll
0x00007ff93f8e0000 - 0x00007ff93f935000 	C:\WINDOWS\System32\shlwapi.dll
0x00007ff93e560000 - 0x00007ff93e584000 	C:\WINDOWS\SYSTEM32\profapi.dll
0x00007ff8e30a0000 - 0x00007ff8e3177000 	C:\Program Files\Java\jdk-22\bin\jsvml.dll
0x00007ff92b3a0000 - 0x00007ff92b3b0000 	C:\Program Files\Java\jdk-22\bin\net.dll
0x00007ff93ddc0000 - 0x00007ff93de2a000 	C:\WINDOWS\system32\mswsock.dll
0x00007ff92aa30000 - 0x00007ff92aa46000 	C:\Program Files\Java\jdk-22\bin\nio.dll
0x00007ff92a5e0000 - 0x00007ff92a5f7000 	C:\Program Files\Java\jdk-22\bin\zip.dll
0x00007ff8f5b00000 - 0x00007ff8f5b1a000 	C:\Program Files\JetBrains\IntelliJ IDEA Community Edition 2024.1\bin\breakgen64.dll
0x00000214c6cf0000 - 0x00000214c6cf3000 	C:\Users\DELL\.openjfx\cache\22-ea+11\amd64\api-ms-win-core-console-l1-1-0.dll
0x00000214c7070000 - 0x00000214c7073000 	C:\Users\DELL\.openjfx\cache\22-ea+11\amd64\api-ms-win-core-console-l1-2-0.dll
0x00000214c7080000 - 0x00000214c7083000 	C:\Users\DELL\.openjfx\cache\22-ea+11\amd64\api-ms-win-core-datetime-l1-1-0.dll
0x00000214c7090000 - 0x00000214c7093000 	C:\Users\DELL\.openjfx\cache\22-ea+11\amd64\api-ms-win-core-debug-l1-1-0.dll
0x00000214c6d00000 - 0x00000214c6d03000 	C:\Users\DELL\.openjfx\cache\22-ea+11\amd64\api-ms-win-core-errorhandling-l1-1-0.dll
0x00000214c6d10000 - 0x00000214c6d14000 	C:\Users\DELL\.openjfx\cache\22-ea+11\amd64\api-ms-win-core-file-l1-1-0.dll
0x00000214c6d20000 - 0x00000214c6d23000 	C:\Users\DELL\.openjfx\cache\22-ea+11\amd64\api-ms-win-core-file-l1-2-0.dll
0x00000214c6d30000 - 0x00000214c6d33000 	C:\Users\DELL\.openjfx\cache\22-ea+11\amd64\api-ms-win-core-file-l2-1-0.dll
0x00000214c6d40000 - 0x00000214c6d43000 	C:\Users\DELL\.openjfx\cache\22-ea+11\amd64\api-ms-win-core-handle-l1-1-0.dll
0x00000214c6d50000 - 0x00000214c6d53000 	C:\Users\DELL\.openjfx\cache\22-ea+11\amd64\api-ms-win-core-heap-l1-1-0.dll
0x00000214c6d60000 - 0x00000214c6d63000 	C:\Users\DELL\.openjfx\cache\22-ea+11\amd64\api-ms-win-core-interlocked-l1-1-0.dll
0x00000214c6d70000 - 0x00000214c6d73000 	C:\Users\DELL\.openjfx\cache\22-ea+11\amd64\api-ms-win-core-libraryloader-l1-1-0.dll
0x00000214c6d80000 - 0x00000214c6d83000 	C:\Users\DELL\.openjfx\cache\22-ea+11\amd64\api-ms-win-core-localization-l1-2-0.dll
0x00000214c6d90000 - 0x00000214c6d93000 	C:\Users\DELL\.openjfx\cache\22-ea+11\amd64\api-ms-win-core-memory-l1-1-0.dll
0x00000214c6da0000 - 0x00000214c6da3000 	C:\Users\DELL\.openjfx\cache\22-ea+11\amd64\api-ms-win-core-namedpipe-l1-1-0.dll
0x00000214c6db0000 - 0x00000214c6db3000 	C:\Users\DELL\.openjfx\cache\22-ea+11\amd64\api-ms-win-core-processenvironment-l1-1-0.dll
0x00000214c6dc0000 - 0x00000214c6dc3000 	C:\Users\DELL\.openjfx\cache\22-ea+11\amd64\api-ms-win-core-processthreads-l1-1-0.dll
0x00000214c6dd0000 - 0x00000214c6dd3000 	C:\Users\DELL\.openjfx\cache\22-ea+11\amd64\api-ms-win-core-processthreads-l1-1-1.dll
0x00000214c6de0000 - 0x00000214c6de3000 	C:\Users\DELL\.openjfx\cache\22-ea+11\amd64\api-ms-win-core-profile-l1-1-0.dll
0x00000214c6df0000 - 0x00000214c6df3000 	C:\Users\DELL\.openjfx\cache\22-ea+11\amd64\api-ms-win-core-rtlsupport-l1-1-0.dll
0x00000214c6f20000 - 0x00000214c6f23000 	C:\Users\DELL\.openjfx\cache\22-ea+11\amd64\api-ms-win-core-string-l1-1-0.dll
0x00000214c6f30000 - 0x00000214c6f33000 	C:\Users\DELL\.openjfx\cache\22-ea+11\amd64\api-ms-win-core-synch-l1-1-0.dll
0x00000214c6f40000 - 0x00000214c6f43000 	C:\Users\DELL\.openjfx\cache\22-ea+11\amd64\api-ms-win-core-synch-l1-2-0.dll
0x00000214c6f50000 - 0x00000214c6f53000 	C:\Users\DELL\.openjfx\cache\22-ea+11\amd64\api-ms-win-core-sysinfo-l1-1-0.dll
0x00000214c6f60000 - 0x00000214c6f63000 	C:\Users\DELL\.openjfx\cache\22-ea+11\amd64\api-ms-win-core-timezone-l1-1-0.dll
0x00000214c6f70000 - 0x00000214c6f73000 	C:\Users\DELL\.openjfx\cache\22-ea+11\amd64\api-ms-win-core-util-l1-1-0.dll
0x00000214c6f10000 - 0x00000214c6f13000 	C:\Users\DELL\.openjfx\cache\22-ea+11\amd64\api-ms-win-crt-conio-l1-1-0.dll
0x00000214c6f80000 - 0x00000214c6f84000 	C:\Users\DELL\.openjfx\cache\22-ea+11\amd64\api-ms-win-crt-convert-l1-1-0.dll
0x00000214c6f90000 - 0x00000214c6f93000 	C:\Users\DELL\.openjfx\cache\22-ea+11\amd64\api-ms-win-crt-environment-l1-1-0.dll
0x00000214c6fa0000 - 0x00000214c6fa3000 	C:\Users\DELL\.openjfx\cache\22-ea+11\amd64\api-ms-win-crt-filesystem-l1-1-0.dll
0x00000214c6fb0000 - 0x00000214c6fb3000 	C:\Users\DELL\.openjfx\cache\22-ea+11\amd64\api-ms-win-crt-heap-l1-1-0.dll
0x00000214c6fc0000 - 0x00000214c6fc3000 	C:\Users\DELL\.openjfx\cache\22-ea+11\amd64\api-ms-win-crt-locale-l1-1-0.dll
0x00000214c6fd0000 - 0x00000214c6fd5000 	C:\Users\DELL\.openjfx\cache\22-ea+11\amd64\api-ms-win-crt-math-l1-1-0.dll
0x00000214c6e00000 - 0x00000214c6e05000 	C:\Users\DELL\.openjfx\cache\22-ea+11\amd64\api-ms-win-crt-multibyte-l1-1-0.dll
0x00000214c6e10000 - 0x00000214c6e20000 	C:\Users\DELL\.openjfx\cache\22-ea+11\amd64\api-ms-win-crt-private-l1-1-0.dll
0x00000214c6e20000 - 0x00000214c6e23000 	C:\Users\DELL\.openjfx\cache\22-ea+11\amd64\api-ms-win-crt-process-l1-1-0.dll
0x00000214c6e30000 - 0x00000214c6e34000 	C:\Users\DELL\.openjfx\cache\22-ea+11\amd64\api-ms-win-crt-runtime-l1-1-0.dll
0x00000214c6e40000 - 0x00000214c6e44000 	C:\Users\DELL\.openjfx\cache\22-ea+11\amd64\api-ms-win-crt-stdio-l1-1-0.dll
0x00000214c6e50000 - 0x00000214c6e54000 	C:\Users\DELL\.openjfx\cache\22-ea+11\amd64\api-ms-win-crt-string-l1-1-0.dll
0x00000214c6e60000 - 0x00000214c6e63000 	C:\Users\DELL\.openjfx\cache\22-ea+11\amd64\api-ms-win-crt-time-l1-1-0.dll
0x00000214c6e70000 - 0x00000214c6e73000 	C:\Users\DELL\.openjfx\cache\22-ea+11\amd64\api-ms-win-crt-utility-l1-1-0.dll
0x00007ff8e2fa0000 - 0x00007ff8e309c000 	C:\Users\DELL\.openjfx\cache\22-ea+11\amd64\ucrtbase.dll
0x00007ff9232e0000 - 0x00007ff9232fb000 	C:\Users\DELL\.openjfx\cache\22-ea+11\amd64\vcruntime140.dll
0x00007ff9232d0000 - 0x00007ff9232dc000 	C:\Users\DELL\.openjfx\cache\22-ea+11\amd64\vcruntime140_1.dll
0x00007ff91f7f0000 - 0x00007ff91f87e000 	C:\Users\DELL\.openjfx\cache\22-ea+11\amd64\msvcp140.dll
0x00007ff920f40000 - 0x00007ff920f49000 	C:\Users\DELL\.openjfx\cache\22-ea+11\amd64\msvcp140_1.dll
0x00007ff8f5840000 - 0x00007ff8f586f000 	C:\Users\DELL\.openjfx\cache\22-ea+11\amd64\msvcp140_2.dll
0x00007ff8f3790000 - 0x00007ff8f37bf000 	C:\Users\DELL\.openjfx\cache\22-ea+11\amd64\prism_d3d.dll
0x00007ff8f1b60000 - 0x00007ff8f1d31000 	C:\WINDOWS\system32\d3d9.dll
0x00007ff93bfa0000 - 0x00007ff93bfcf000 	C:\WINDOWS\SYSTEM32\dwmapi.dll
0x00007ff93beb0000 - 0x00007ff93bf4e000 	C:\WINDOWS\system32\uxtheme.dll
0x00007ff8e2d40000 - 0x00007ff8e2f9f000 	C:\WINDOWS\System32\DriverStore\FileRepository\iigd_dch.inf_amd64_9b100458e9ec9dc8\igdumdim64.dll
0x00007ff8b36d0000 - 0x00007ff8b4c19000 	C:\WINDOWS\System32\DriverStore\FileRepository\iigd_dch.inf_amd64_9b100458e9ec9dc8\igd9dxva64.dll
0x00007ff93fd70000 - 0x00007ff9401de000 	C:\WINDOWS\System32\SETUPAPI.dll
0x00007ff93e930000 - 0x00007ff93e97e000 	C:\WINDOWS\System32\cfgmgr32.dll
0x00007ff8db650000 - 0x00007ff8dd37b000 	C:\WINDOWS\System32\DriverStore\FileRepository\iigd_dch.inf_amd64_9b100458e9ec9dc8\media_bin_64.dll
0x00007ff931eb0000 - 0x00007ff9322ee000 	C:\WINDOWS\System32\DriverStore\FileRepository\iigd_dch.inf_amd64_9b100458e9ec9dc8\igdgmm64.dll
0x00007ff8f3740000 - 0x00007ff8f3782000 	C:\Users\DELL\.openjfx\cache\22-ea+11\amd64\glass.dll
0x00007ff93f940000 - 0x00007ff93fa1a000 	C:\WINDOWS\System32\COMDLG32.dll
0x00007ff940590000 - 0x00007ff9406a5000 	C:\WINDOWS\System32\MSCTF.dll
0x00007ff8e1670000 - 0x00007ff8e1697000 	C:\WINDOWS\System32\DriverStore\FileRepository\iigd_dch.inf_amd64_9b100458e9ec9dc8\igdinfo64.dll
0x00007ff92de20000 - 0x00007ff931e62000 	C:\WINDOWS\System32\DriverStore\FileRepository\iigd_dch.inf_amd64_9b100458e9ec9dc8\igc64.dll
0x00007ff934170000 - 0x00007ff9341ab000 	C:\WINDOWS\SYSTEM32\dxcore.dll
0x00007ff920a00000 - 0x00007ff920a14000 	C:\Users\DELL\.openjfx\cache\22-ea+11\amd64\javafx_font.dll
0x00007ff8f27e0000 - 0x00007ff8f280d000 	C:\Users\DELL\.openjfx\cache\22-ea+11\amd64\javafx_iio.dll
0x00007ff8fbc10000 - 0x00007ff8fbe8f000 	C:\WINDOWS\SYSTEM32\dwrite.dll
0x00007ff93f830000 - 0x00007ff93f8d9000 	C:\WINDOWS\System32\clbcatq.dll
0x00007ff93bcf0000 - 0x00007ff93bea4000 	C:\WINDOWS\SYSTEM32\WindowsCodecs.dll
0x00007ff9026c0000 - 0x00007ff9026fe000 	C:\WINDOWS\system32\dataexchange.dll
0x00007ff939760000 - 0x00007ff9399c3000 	C:\WINDOWS\system32\d3d11.dll
0x00007ff93a410000 - 0x00007ff93a5f4000 	C:\WINDOWS\system32\dcomp.dll
0x00007ff93cec0000 - 0x00007ff93cfb6000 	C:\WINDOWS\system32\dxgi.dll
0x00007ff937820000 - 0x00007ff937a23000 	C:\WINDOWS\system32\twinapi.appcore.dll
0x00007ff91fa10000 - 0x00007ff91fa44000 	C:\Program Files\Common Files\Microsoft Shared\Ink\rtscom.dll
0x00007ff903730000 - 0x00007ff903829000 	C:\WINDOWS\SYSTEM32\textinputframework.dll
0x00007ff93a600000 - 0x00007ff93a95b000 	C:\WINDOWS\System32\CoreUIComponents.dll
0x00007ff93d8c0000 - 0x00007ff93d8f3000 	C:\WINDOWS\SYSTEM32\ntmarta.dll
0x00007ff93adc0000 - 0x00007ff93aeb2000 	C:\WINDOWS\System32\CoreMessaging.dll

dbghelp: loaded successfully - version: 4.0.5 - missing functions: none
symbol engine: initialized successfully - sym options: 0x614 - pdb path: .;C:\Program Files\Java\jdk-22\bin;C:\WINDOWS\SYSTEM32;C:\Program Files\Avast Software\Avast;C:\WINDOWS\WinSxS\amd64_microsoft.windows.common-controls_6595b64144ccf1df_6.0.19041.4355_none_60b8b9eb71f62e16;C:\Program Files\Java\jdk-22\bin\server;C:\Program Files\JetBrains\IntelliJ IDEA Community Edition 2024.1\bin;C:\Users\DELL\.openjfx\cache\22-ea+11\amd64;C:\WINDOWS\System32\DriverStore\FileRepository\iigd_dch.inf_amd64_9b100458e9ec9dc8;C:\Program Files\Common Files\Microsoft Shared\Ink

VM Arguments:
jvm_args: -javaagent:C:\Program Files\JetBrains\IntelliJ IDEA Community Edition 2024.1\lib\idea_rt.jar=51574:C:\Program Files\JetBrains\IntelliJ IDEA Community Edition 2024.1\bin -Dfile.encoding=UTF-8 -Dsun.stdout.encoding=UTF-8 -Dsun.stderr.encoding=UTF-8 --module-path=C:\Users\DELL\IdeaProjects\Tryme\target\classes;C:\Users\DELL\.m2\repository\org\openjfx\javafx-fxml\22-ea+11\javafx-fxml-22-ea+11-win.jar;C:\Users\DELL\.m2\repository\org\openjfx\javafx-graphics\22-ea+11\javafx-graphics-22-ea+11-win.jar;C:\Users\DELL\.m2\repository\org\openjfx\javafx-base\22-ea+11\javafx-base-22-ea+11-win.jar;C:\Users\DELL\.m2\repository\org\openjfx\javafx-controls\22-ea+11\javafx-controls-22-ea+11-win.jar -Djdk.module.main=com.example.tryme 
java_command: com.example.tryme/com.example.tryme.HelloApplication
java_class_path (initial): C:\Users\DELL\.m2\repository\org\openjfx\javafx-controls\22-ea+11\javafx-controls-22-ea+11.jar;C:\Users\DELL\.m2\repository\org\openjfx\javafx-graphics\22-ea+11\javafx-graphics-22-ea+11.jar;C:\Users\DELL\.m2\repository\org\openjfx\javafx-base\22-ea+11\javafx-base-22-ea+11.jar;C:\Users\DELL\.m2\repository\org\openjfx\javafx-fxml\22-ea+11\javafx-fxml-22-ea+11.jar
Launcher Type: SUN_STANDARD

[Global flags]
     intx CICompilerCount                          = 4                                         {product} {ergonomic}
     uint ConcGCThreads                            = 2                                         {product} {ergonomic}
     uint G1ConcRefinementThreads                  = 8                                         {product} {ergonomic}
   size_t G1HeapRegionSize                         = 2097152                                   {product} {ergonomic}
   size_t InitialHeapSize                          = 197132288                                 {product} {ergonomic}
   size_t MarkStackSize                            = 4194304                                   {product} {ergonomic}
   size_t MaxHeapSize                              = 3149922304                                {product} {ergonomic}
   size_t MaxNewSize                               = 1889533952                                {product} {ergonomic}
   size_t MinHeapDeltaBytes                        = 2097152                                   {product} {ergonomic}
   size_t MinHeapSize                              = 8388608                                   {product} {ergonomic}
    uintx NonNMethodCodeHeapSize                   = 5839372                                {pd product} {ergonomic}
    uintx NonProfiledCodeHeapSize                  = 122909434                              {pd product} {ergonomic}
    uintx ProfiledCodeHeapSize                     = 122909434                              {pd product} {ergonomic}
    uintx ReservedCodeCacheSize                    = 251658240                              {pd product} {ergonomic}
     bool SegmentedCodeCache                       = true                                      {product} {ergonomic}
   size_t SoftMaxHeapSize                          = 3149922304                             {manageable} {ergonomic}
     bool UseCompressedOops                        = true                           {product lp64_product} {ergonomic}
     bool UseG1GC                                  = true                                      {product} {ergonomic}
     bool UseLargePagesIndividualAllocation        = false                                  {pd product} {ergonomic}

Logging:
Log output configuration:
 #0: stdout all=warning uptime,level,tags foldmultilines=false
 #1: stderr all=off uptime,level,tags foldmultilines=false

Environment Variables:
PATH=C:\Program Files\Common Files\Oracle\Java\javapath;C:\Program Files (x86)\Common Files\Oracle\Java\java8path;C:\Program Files (x86)\Common Files\Oracle\Java\javapath;C:\Users\DELL\Videos\Softwares\OracleDB\bin;C:\Program Files (x86)\Embarcadero\Studio\19.0\bin;C:\Users\Public\Documents\Embarcadero\Studio\19.0\Bpl;C:\Program Files (x86)\Embarcadero\Studio\19.0\bin64;C:\Users\Public\Documents\Embarcadero\Studio\19.0\Bpl\Win64;C:\Program Files (x86)\Embarcadero\Studio\23.0\bin;C:\Users\Public\Documents\Embarcadero\Studio\23.0\Bpl;C:\Program Files (x86)\Embarcadero\Studio\23.0\bin64;C:\Users\Public\Documents\Embarcadero\Studio\23.0\Bpl\Win64;C:\Program Files\Microsoft\jdk-11.0.12.7-hotspot\bin;C:\Windows\system32;C:\Windows;C:\Windows\System32\Wbem;C:\Windows\System32\WindowsPowerShell\v1.0\;C:\Windows\System32\OpenSSH\;C:\Program Files\Microsoft SQL Server\150\Tools\Binn\;C:\Program Files\Microsoft SQL Server\Client SDK\ODBC\170\Tools\Binn\;C:\Program Files\dotnet\;C:\Program Files\nodejs\;C:\Program Files (x86)\Microsoft SQL Server\100\Tools\Binn\;C:\Program Files\Microsoft SQL Server\100\Tools\Binn\;C:\Program Files\Microsoft SQL Server\100\DTS\Binn\;C:\WINDOWS\system32;C:\WINDOWS;C:\WINDOWS\System32\Wbem;C:\WINDOWS\System32\WindowsPowerShell\v1.0\;C:\WINDOWS\System32\OpenSSH\;C:\Program Files\Microsoft SQL Server\130\Tools\Binn\;C:\Program Files\MySQL\MySQL Shell 8.0\bin\;C:\Users\DELL\AppData\Local\Microsoft\WindowsApps;C:\Users\DELL\.dotnet\tools;C:\Users\DELL\AppData\Local\atom\bin;C:\Users\DELL\AppData\Roaming\npm;C:\Program Files (x86)\Embarcadero\Dev-Cpp;C:\Program Files (x86)\Embarcadero\Dev-Cpp\TDM-GCC-64\bin;C:\Users\DELL\.dotnet\tools;C:\Users\DELL\AppData\Local\Microsoft\WindowsApps;C:\Program Files\JetBrains\IntelliJ IDEA 2024.1\bin;;C:\Users\DELL\AppData\Local\GitHubDesktop\bin
USERNAME=DELL
OS=Windows_NT
PROCESSOR_IDENTIFIER=Intel64 Family 6 Model 140 Stepping 1, GenuineIntel
TMP=C:\Users\DELL\AppData\Local\Temp
TEMP=C:\Users\DELL\AppData\Local\Temp




Periodic native trim disabled

---------------  S Y S T E M  ---------------

OS:
 Windows 10 , 64 bit Build 19041 (10.0.19041.5072)
OS uptime: 0 days 4:10 hours

CPU: total 8 (initial active 8) (4 cores per cpu, 2 threads per core) family 6 model 140 stepping 1 microcode 0xb8, cx8, cmov, fxsr, ht, mmx, 3dnowpref, sse, sse2, sse3, ssse3, sse4.1, sse4.2, popcnt, lzcnt, tsc, tscinvbit, avx, avx2, aes, erms, clmul, bmi1, bmi2, adx, avx512f, avx512dq, avx512cd, avx512bw, avx512vl, sha, fma, vzeroupper, avx512_vpopcntdq, avx512_vpclmulqdq, avx512_vaes, avx512_vnni, clflush, clflushopt, clwb, avx512_vbmi2, avx512_vbmi, rdtscp, rdpid, fsrm, gfni, avx512_bitalg, f16c, pku, cet_ibt, cet_ss, avx512_ifma
Processor Information for all 8 processors :
  Max Mhz: 1498, Current Mhz: 1498, Mhz Limit: 1498

Memory: 4k page, system-wide physical 12010M (2242M free)
TotalPageFile size 15605M (AvailPageFile size 37M)
current process WorkingSet (physical memory assigned to process): 810M, peak: 810M
current process commit charge ("private bytes"): 920M, peak: 1037M

vm_info: Java HotSpot(TM) 64-Bit Server VM (22.0.1+8-16) for windows-amd64 JRE (22.0.1+8-16), built on 2024-03-12T10:33:16Z by "mach5one" with MS VC++ 17.6 (VS2022)

END.
