#
# There is insufficient memory for the Java Runtime Environment to continue.
# Native memory allocation (mmap) failed to map 102760448 bytes. Error detail: G1 virtual space
# Possible reasons:
#   The system is out of physical RAM or swap space
#   This process is running with CompressedOops enabled, and the Java Heap may be blocking the growth of the native heap
# Possible solutions:
#   Reduce memory load on the system
#   Increase physical memory or swap space
#   Check if swap backing store is full
#   Decrease Java heap size (-Xmx/-Xms)
#   Decrease number of Java threads
#   Decrease Java thread stack sizes (-Xss)
#   Set larger code cache with -XX:ReservedCodeCacheSize=
#   JVM is running with Zero Based Compressed Oops mode in which the Java heap is
#     placed in the first 32GB address space. The Java Heap base address is the
#     maximum limit for the native heap growth. Please use -XX:HeapBaseMinAddress
#     to set the Java Heap base and to place the Java Heap above 32GB virtual address.
# This output file may be truncated or incomplete.
#
#  Out of Memory Error (os_windows.cpp:3631), pid=9328, tid=1344
#
# JRE version: Java(TM) SE Runtime Environment (22.0.1+8) (build 22.0.1+8-16)
# Java VM: Java HotSpot(TM) 64-Bit Server VM (22.0.1+8-16, mixed mode, sharing, tiered, compressed oops, compressed class ptrs, g1 gc, windows-amd64)
# No core dump will be written. Minidumps are not enabled by default on client versions of Windows
#

---------------  S U M M A R Y ------------

Command Line: -agentlib:jdwp=transport=dt_socket,address=127.0.0.1:51571,suspend=y,server=n -javaagent:C:\Users\DELL\AppData\Local\JetBrains\IdeaIC2024.1\captureAgent\debugger-agent.jar -Dfile.encoding=UTF-8 -Dsun.stdout.encoding=UTF-8 -Dsun.stderr.encoding=UTF-8 --module-path=C:\Users\DELL\IdeaProjects\Tryme\target\classes;C:\Users\DELL\.m2\repository\org\openjfx\javafx-fxml\22-ea+11\javafx-fxml-22-ea+11-win.jar;C:\Users\DELL\.m2\repository\org\openjfx\javafx-graphics\22-ea+11\javafx-graphics-22-ea+11-win.jar;C:\Users\DELL\.m2\repository\org\openjfx\javafx-base\22-ea+11\javafx-base-22-ea+11-win.jar;C:\Users\DELL\.m2\repository\org\openjfx\javafx-controls\22-ea+11\javafx-controls-22-ea+11-win.jar -Djdk.module.main=com.example.tryme com.example.tryme/com.example.tryme.HelloApplication

Host: 11th Gen Intel(R) Core(TM) i5-1145G7 @ 2.60GHz, 8 cores, 11G,  Windows 10 , 64 bit Build 19041 (10.0.19041.5072)
Time: Mon Mar  3 23:47:26 2025 Egypt Standard Time elapsed time: 3.723607 seconds (0d 0h 0m 3s)

---------------  T H R E A D  ---------------

Current thread (0x000001b02ac389e0):  VMThread "VM Thread"          [id=1344, stack(0x0000002f34900000,0x0000002f34a00000) (1024K)]

Stack: [0x0000002f34900000,0x0000002f34a00000]
Native frames: (J=compiled Java code, j=interpreted, Vv=VM code, C=native code)
V  [jvm.dll+0x6e2279]  (no source info available)
V  [jvm.dll+0x874e33]  (no source info available)
V  [jvm.dll+0x87725e]  (no source info available)
V  [jvm.dll+0x877933]  (no source info available)
V  [jvm.dll+0x27fd76]  (no source info available)
V  [jvm.dll+0x6de915]  (no source info available)
V  [jvm.dll+0x6d341a]  (no source info available)
V  [jvm.dll+0x3589da]  (no source info available)
V  [jvm.dll+0x360f06]  (no source info available)
V  [jvm.dll+0x3b3e2e]  (no source info available)
V  [jvm.dll+0x3b40d8]  (no source info available)
V  [jvm.dll+0x32c59c]  (no source info available)
V  [jvm.dll+0x32eef6]  (no source info available)
V  [jvm.dll+0x3391c1]  (no source info available)
V  [jvm.dll+0x370365]  (no source info available)
V  [jvm.dll+0x87d7d0]  (no source info available)
V  [jvm.dll+0x87eb57]  (no source info available)
V  [jvm.dll+0x87f0d0]  (no source info available)
V  [jvm.dll+0x87f373]  (no source info available)
V  [jvm.dll+0x81d44b]  (no source info available)
V  [jvm.dll+0x6e0915]  (no source info available)
C  [ucrtbase.dll+0x21bb2]  (no source info available)
C  [KERNEL32.DLL+0x17374]  (no source info available)
C  [ntdll.dll+0x4cc91]  (no source info available)

VM_Operation (0x0000002f344ff5d0): G1PauseRemark, mode: safepoint, requested by thread 0x000001b00d18ad40


---------------  P R O C E S S  ---------------

Threads class SMR info:
_java_thread_list=0x000001b0773e9150, length=19, elements={
0x000001b00af34740, 0x000001b02ac55e10, 0x000001b02ac56d30, 0x000001b02ac5b290,
0x000001b02ac5dd00, 0x000001b02ac5e760, 0x000001b02ac626c0, 0x000001b02ac6b860,
0x000001b02ac6c310, 0x000001b070088970, 0x000001b070b226c0, 0x000001b070617120,
0x000001b0706177b0, 0x000001b0701e6350, 0x000001b0701a9f60, 0x000001b070e6d380,
0x000001b070c0ffa0, 0x000001b07738f320, 0x000001b0773ef960
}

Java Threads: ( => current thread )
  0x000001b00af34740 JavaThread "main"                              [_thread_blocked, id=16376, stack(0x0000002f34200000,0x0000002f34300000) (1024K)]
  0x000001b02ac55e10 JavaThread "Reference Handler"          daemon [_thread_blocked, id=13096, stack(0x0000002f34a00000,0x0000002f34b00000) (1024K)]
  0x000001b02ac56d30 JavaThread "Finalizer"                  daemon [_thread_blocked, id=10132, stack(0x0000002f34b00000,0x0000002f34c00000) (1024K)]
  0x000001b02ac5b290 JavaThread "Signal Dispatcher"          daemon [_thread_blocked, id=11000, stack(0x0000002f34c00000,0x0000002f34d00000) (1024K)]
  0x000001b02ac5dd00 JavaThread "Attach Listener"            daemon [_thread_blocked, id=3028, stack(0x0000002f34d00000,0x0000002f34e00000) (1024K)]
  0x000001b02ac5e760 JavaThread "Service Thread"             daemon [_thread_blocked, id=4824, stack(0x0000002f34e00000,0x0000002f34f00000) (1024K)]
  0x000001b02ac626c0 JavaThread "Monitor Deflation Thread"   daemon [_thread_blocked, id=5112, stack(0x0000002f34f00000,0x0000002f35000000) (1024K)]
  0x000001b02ac6b860 JavaThread "C2 CompilerThread0"         daemon [_thread_blocked, id=15640, stack(0x0000002f35000000,0x0000002f35100000) (1024K)]
  0x000001b02ac6c310 JavaThread "C1 CompilerThread0"         daemon [_thread_blocked, id=1268, stack(0x0000002f35100000,0x0000002f35200000) (1024K)]
  0x000001b070088970 JavaThread "Common-Cleaner"             daemon [_thread_blocked, id=612, stack(0x0000002f35200000,0x0000002f35300000) (1024K)]
  0x000001b070b226c0 JavaThread "JDWP Transport Listener: dt_socket" daemon [_thread_blocked, id=9944, stack(0x0000002f35500000,0x0000002f35600000) (1024K)]
  0x000001b070617120 JavaThread "JDWP Event Helper Thread"   daemon [_thread_blocked, id=9892, stack(0x0000002f35600000,0x0000002f35700000) (1024K)]
  0x000001b0706177b0 JavaThread "JDWP Command Reader"        daemon [_thread_in_native, id=11640, stack(0x0000002f35700000,0x0000002f35800000) (1024K)]
  0x000001b0701e6350 JavaThread "Notification Thread"        daemon [_thread_blocked, id=17220, stack(0x0000002f35400000,0x0000002f35500000) (1024K)]
  0x000001b0701a9f60 JavaThread "QuantumRenderer-0"          daemon [_thread_blocked, id=1328, stack(0x0000002f35300000,0x0000002f35400000) (1024K)]
  0x000001b070e6d380 JavaThread "InvokeLaterDispatcher"      daemon [_thread_blocked, id=1028, stack(0x0000002f35800000,0x0000002f35900000) (1024K)]
  0x000001b070c0ffa0 JavaThread "JavaFX Application Thread"         [_thread_blocked, id=14428, stack(0x0000002f35900000,0x0000002f35a00000) (1024K)]
  0x000001b07738f320 JavaThread "Thread-1"                   daemon [_thread_blocked, id=4232, stack(0x0000002f35d00000,0x0000002f35e00000) (1024K)]
  0x000001b0773ef960 JavaThread "JavaFX-Launcher"                   [_thread_blocked, id=17208, stack(0x0000002f36500000,0x0000002f36600000) (1024K)]
Total: 19

Other Threads:
=>0x000001b02ac389e0 VMThread "VM Thread"                           [id=1344, stack(0x0000002f34900000,0x0000002f34a00000) (1024K)]
  0x000001b02ac217c0 WatcherThread "VM Periodic Task Thread"        [id=12544, stack(0x0000002f34800000,0x0000002f34900000) (1024K)]
  0x000001b00d17df10 WorkerThread "GC Thread#0"                     [id=6112, stack(0x0000002f34300000,0x0000002f34400000) (1024K)]
  0x000001b07737b400 WorkerThread "GC Thread#1"                     [id=1056, stack(0x0000002f35e00000,0x0000002f35f00000) (1024K)]
  0x000001b071080c50 WorkerThread "GC Thread#2"                     [id=16944, stack(0x0000002f35f00000,0x0000002f36000000) (1024K)]
  0x000001b0772bb2c0 WorkerThread "GC Thread#3"                     [id=17364, stack(0x0000002f36000000,0x0000002f36100000) (1024K)]
  0x000001b0773b1790 WorkerThread "GC Thread#4"                     [id=14936, stack(0x0000002f36100000,0x0000002f36200000) (1024K)]
  0x000001b07733d0d0 WorkerThread "GC Thread#5"                     [id=2988, stack(0x0000002f36200000,0x0000002f36300000) (1024K)]
  0x000001b0773733e0 WorkerThread "GC Thread#6"                     [id=14444, stack(0x0000002f36300000,0x0000002f36400000) (1024K)]
  0x000001b077373fa0 WorkerThread "GC Thread#7"                     [id=16060, stack(0x0000002f36400000,0x0000002f36500000) (1024K)]
  0x000001b00d18ad40 ConcurrentGCThread "G1 Main Marker"            [id=3460, stack(0x0000002f34400000,0x0000002f34500000) (1024K)]
  0x000001b00d18bff0 WorkerThread "G1 Conc#0"                       [id=6316, stack(0x0000002f34500000,0x0000002f34600000) (1024K)]
  0x000001b0772d45f0 WorkerThread "G1 Conc#1"                       [id=5668, stack(0x0000002f36600000,0x0000002f36700000) (1024K)]
  0x000001b02aaf24c0 ConcurrentGCThread "G1 Refine#0"               [id=8588, stack(0x0000002f34600000,0x0000002f34700000) (1024K)]
  0x000001b00d1ee230 ConcurrentGCThread "G1 Service"                [id=4464, stack(0x0000002f34700000,0x0000002f34800000) (1024K)]
Total: 15

Threads with active compile tasks:
Total: 0

VM state: at safepoint (normal execution)

VM Mutex/Monitor currently owned by a thread:  ([mutex/lock_event])
[0x00007ff8e3debbb8] Threads_lock - owner thread: 0x000001b02ac389e0
[0x00007ff8e3debcb8] Heap_lock - owner thread: 0x000001b00d18ad40

Heap address: 0x0000000744400000, size: 3004 MB, Compressed Oops mode: Zero based, Oop shift amount: 3

CDS archive(s) mapped at: [0x000001b02b000000-0x000001b02bc60000-0x000001b02bc60000), size 12976128, SharedBaseAddress: 0x000001b02b000000, ArchiveRelocationMode: 1.
Compressed class space mapped at: 0x000001b02c000000-0x000001b06c000000, reserved size: 1073741824
Narrow klass base: 0x000001b02b000000, Narrow klass shift: 0, Narrow klass range: 0x41000000

GC Precious Log:
 CardTable entry size: 512
 Card Set container configuration: InlinePtr #cards 4 size 8 Array Of Cards #cards 16 size 48 Howl #buckets 8 coarsen threshold 3686 Howl Bitmap #cards 512 size 80 coarsen threshold 460 Card regions per heap region 1 cards per card region 4096
 CPUs: 8 total, 8 available
 Memory: 12010M
 Large Page Support: Disabled
 NUMA Support: Disabled
 Compressed Oops: Enabled (Zero based)
 Heap Region Size: 2M
 Heap Min Capacity: 8M
 Heap Initial Capacity: 188M
 Heap Max Capacity: 3004M
 Pre-touch: Disabled
 Parallel Workers: 8
 Concurrent Workers: 2
 Concurrent Refinement Workers: 8
 Periodic GC: Disabled

Heap:
 garbage-first heap   total reserved 3076096K, committed 368640K, used 277676K [0x0000000744400000, 0x0000000800000000)
  region size 2048K, 1 young (2048K), 1 survivors (2048K)
 Metaspace       used 8353K, committed 8640K, reserved 1114112K
  class space    used 1132K, committed 1280K, reserved 1048576K

Heap Regions: E=young(eden), S=young(survivor), O=old, HS=humongous(starts), HC=humongous(continues), CS=collection set, F=free, TAMS=top-at-mark-start, PB=parsable bottom
|   0|0x0000000744400000, 0x0000000744600000, 0x0000000744600000|100%|HS|  |TAMS 0x0000000744600000| PB 0x0000000744400000| Complete |  0
|   1|0x0000000744600000, 0x0000000744800000, 0x0000000744800000|100%|HC|  |TAMS 0x0000000744800000| PB 0x0000000744600000| Complete |  0
|   2|0x0000000744800000, 0x0000000744a00000, 0x0000000744a00000|100%|HC|  |TAMS 0x0000000744a00000| PB 0x0000000744800000| Complete |  0
|   3|0x0000000744a00000, 0x0000000744c00000, 0x0000000744c00000|100%|HC|  |TAMS 0x0000000744c00000| PB 0x0000000744a00000| Complete |  0
|   4|0x0000000744c00000, 0x0000000744e00000, 0x0000000744e00000|100%|HC|  |TAMS 0x0000000744e00000| PB 0x0000000744c00000| Complete |  0
|   5|0x0000000744e00000, 0x0000000745000000, 0x0000000745000000|100%|HC|  |TAMS 0x0000000745000000| PB 0x0000000744e00000| Complete |  0
|   6|0x0000000745000000, 0x0000000745200000, 0x0000000745200000|100%|HC|  |TAMS 0x0000000745200000| PB 0x0000000745000000| Complete |  0
|   7|0x0000000745200000, 0x0000000745400000, 0x0000000745400000|100%|HC|  |TAMS 0x0000000745400000| PB 0x0000000745200000| Complete |  0
|   8|0x0000000745400000, 0x0000000745600000, 0x0000000745600000|100%|HC|  |TAMS 0x0000000745600000| PB 0x0000000745400000| Complete |  0
|   9|0x0000000745600000, 0x0000000745800000, 0x0000000745800000|100%|HC|  |TAMS 0x0000000745800000| PB 0x0000000745600000| Complete |  0
|  10|0x0000000745800000, 0x0000000745a00000, 0x0000000745a00000|100%|HC|  |TAMS 0x0000000745a00000| PB 0x0000000745800000| Complete |  0
|  11|0x0000000745a00000, 0x0000000745c00000, 0x0000000745c00000|100%|HC|  |TAMS 0x0000000745c00000| PB 0x0000000745a00000| Complete |  0
|  12|0x0000000745c00000, 0x0000000745e00000, 0x0000000745e00000|100%|HC|  |TAMS 0x0000000745e00000| PB 0x0000000745c00000| Complete |  0
|  13|0x0000000745e00000, 0x0000000746000000, 0x0000000746000000|100%|HC|  |TAMS 0x0000000746000000| PB 0x0000000745e00000| Complete |  0
|  14|0x0000000746000000, 0x0000000746200000, 0x0000000746200000|100%|HC|  |TAMS 0x0000000746200000| PB 0x0000000746000000| Complete |  0
|  15|0x0000000746200000, 0x0000000746400000, 0x0000000746400000|100%|HC|  |TAMS 0x0000000746400000| PB 0x0000000746200000| Complete |  0
|  16|0x0000000746400000, 0x0000000746600000, 0x0000000746600000|100%|HC|  |TAMS 0x0000000746600000| PB 0x0000000746400000| Complete |  0
|  17|0x0000000746600000, 0x0000000746800000, 0x0000000746800000|100%|HC|  |TAMS 0x0000000746800000| PB 0x0000000746600000| Complete |  0
|  18|0x0000000746800000, 0x0000000746a00000, 0x0000000746a00000|100%|HC|  |TAMS 0x0000000746a00000| PB 0x0000000746800000| Complete |  0
|  19|0x0000000746a00000, 0x0000000746c00000, 0x0000000746c00000|100%|HC|  |TAMS 0x0000000746c00000| PB 0x0000000746a00000| Complete |  0
|  20|0x0000000746c00000, 0x0000000746e00000, 0x0000000746e00000|100%|HC|  |TAMS 0x0000000746e00000| PB 0x0000000746c00000| Complete |  0
|  21|0x0000000746e00000, 0x0000000747000000, 0x0000000747000000|100%|HC|  |TAMS 0x0000000747000000| PB 0x0000000746e00000| Complete |  0
|  22|0x0000000747000000, 0x0000000747200000, 0x0000000747200000|100%|HC|  |TAMS 0x0000000747200000| PB 0x0000000747000000| Complete |  0
|  23|0x0000000747200000, 0x0000000747400000, 0x0000000747400000|100%|HC|  |TAMS 0x0000000747400000| PB 0x0000000747200000| Complete |  0
|  24|0x0000000747400000, 0x0000000747600000, 0x0000000747600000|100%|HC|  |TAMS 0x0000000747600000| PB 0x0000000747400000| Complete |  0
|  25|0x0000000747600000, 0x0000000747800000, 0x0000000747800000|100%|HC|  |TAMS 0x0000000747800000| PB 0x0000000747600000| Complete |  0
|  26|0x0000000747800000, 0x0000000747a00000, 0x0000000747a00000|100%|HC|  |TAMS 0x0000000747a00000| PB 0x0000000747800000| Complete |  0
|  27|0x0000000747a00000, 0x0000000747c00000, 0x0000000747c00000|100%|HC|  |TAMS 0x0000000747c00000| PB 0x0000000747a00000| Complete |  0
|  28|0x0000000747c00000, 0x0000000747e00000, 0x0000000747e00000|100%|HC|  |TAMS 0x0000000747e00000| PB 0x0000000747c00000| Complete |  0
|  29|0x0000000747e00000, 0x0000000748000000, 0x0000000748000000|100%|HC|  |TAMS 0x0000000748000000| PB 0x0000000747e00000| Complete |  0
|  30|0x0000000748000000, 0x0000000748200000, 0x0000000748200000|100%|HC|  |TAMS 0x0000000748200000| PB 0x0000000748000000| Complete |  0
|  31|0x0000000748200000, 0x0000000748400000, 0x0000000748400000|100%|HC|  |TAMS 0x0000000748400000| PB 0x0000000748200000| Complete |  0
|  32|0x0000000748400000, 0x0000000748600000, 0x0000000748600000|100%|HC|  |TAMS 0x0000000748600000| PB 0x0000000748400000| Complete |  0
|  33|0x0000000748600000, 0x0000000748800000, 0x0000000748800000|100%|HC|  |TAMS 0x0000000748800000| PB 0x0000000748600000| Complete |  0
|  34|0x0000000748800000, 0x0000000748a00000, 0x0000000748a00000|100%|HC|  |TAMS 0x0000000748a00000| PB 0x0000000748800000| Complete |  0
|  35|0x0000000748a00000, 0x0000000748c00000, 0x0000000748c00000|100%|HS|  |TAMS 0x0000000748c00000| PB 0x0000000748a00000| Complete |  0
|  36|0x0000000748c00000, 0x0000000748e00000, 0x0000000748e00000|100%|HC|  |TAMS 0x0000000748e00000| PB 0x0000000748c00000| Complete |  0
|  37|0x0000000748e00000, 0x0000000749000000, 0x0000000749000000|100%|HC|  |TAMS 0x0000000749000000| PB 0x0000000748e00000| Complete |  0
|  38|0x0000000749000000, 0x0000000749200000, 0x0000000749200000|100%|HC|  |TAMS 0x0000000749200000| PB 0x0000000749000000| Complete |  0
|  39|0x0000000749200000, 0x0000000749400000, 0x0000000749400000|100%|HC|  |TAMS 0x0000000749400000| PB 0x0000000749200000| Complete |  0
|  40|0x0000000749400000, 0x0000000749600000, 0x0000000749600000|100%|HC|  |TAMS 0x0000000749600000| PB 0x0000000749400000| Complete |  0
|  41|0x0000000749600000, 0x0000000749800000, 0x0000000749800000|100%|HC|  |TAMS 0x0000000749800000| PB 0x0000000749600000| Complete |  0
|  42|0x0000000749800000, 0x0000000749a00000, 0x0000000749a00000|100%|HC|  |TAMS 0x0000000749a00000| PB 0x0000000749800000| Complete |  0
|  43|0x0000000749a00000, 0x0000000749c00000, 0x0000000749c00000|100%|HC|  |TAMS 0x0000000749c00000| PB 0x0000000749a00000| Complete |  0
|  44|0x0000000749c00000, 0x0000000749e00000, 0x0000000749e00000|100%|HC|  |TAMS 0x0000000749e00000| PB 0x0000000749c00000| Complete |  0
|  45|0x0000000749e00000, 0x000000074a000000, 0x000000074a000000|100%|HC|  |TAMS 0x000000074a000000| PB 0x0000000749e00000| Complete |  0
|  46|0x000000074a000000, 0x000000074a200000, 0x000000074a200000|100%|HC|  |TAMS 0x000000074a200000| PB 0x000000074a000000| Complete |  0
|  47|0x000000074a200000, 0x000000074a400000, 0x000000074a400000|100%|HC|  |TAMS 0x000000074a400000| PB 0x000000074a200000| Complete |  0
|  48|0x000000074a400000, 0x000000074a600000, 0x000000074a600000|100%|HC|  |TAMS 0x000000074a600000| PB 0x000000074a400000| Complete |  0
|  49|0x000000074a600000, 0x000000074a800000, 0x000000074a800000|100%|HC|  |TAMS 0x000000074a800000| PB 0x000000074a600000| Complete |  0
|  50|0x000000074a800000, 0x000000074aa00000, 0x000000074aa00000|100%|HC|  |TAMS 0x000000074aa00000| PB 0x000000074a800000| Complete |  0
|  51|0x000000074aa00000, 0x000000074ac00000, 0x000000074ac00000|100%|HC|  |TAMS 0x000000074ac00000| PB 0x000000074aa00000| Complete |  0
|  52|0x000000074ac00000, 0x000000074ae00000, 0x000000074ae00000|100%|HC|  |TAMS 0x000000074ae00000| PB 0x000000074ac00000| Complete |  0
|  53|0x000000074ae00000, 0x000000074b000000, 0x000000074b000000|100%|HC|  |TAMS 0x000000074b000000| PB 0x000000074ae00000| Complete |  0
|  54|0x000000074b000000, 0x000000074b200000, 0x000000074b200000|100%|HC|  |TAMS 0x000000074b200000| PB 0x000000074b000000| Complete |  0
|  55|0x000000074b200000, 0x000000074b400000, 0x000000074b400000|100%|HC|  |TAMS 0x000000074b400000| PB 0x000000074b200000| Complete |  0
|  56|0x000000074b400000, 0x000000074b600000, 0x000000074b600000|100%|HC|  |TAMS 0x000000074b600000| PB 0x000000074b400000| Complete |  0
|  57|0x000000074b600000, 0x000000074b800000, 0x000000074b800000|100%|HC|  |TAMS 0x000000074b800000| PB 0x000000074b600000| Complete |  0
|  58|0x000000074b800000, 0x000000074ba00000, 0x000000074ba00000|100%|HC|  |TAMS 0x000000074ba00000| PB 0x000000074b800000| Complete |  0
|  59|0x000000074ba00000, 0x000000074bc00000, 0x000000074bc00000|100%|HC|  |TAMS 0x000000074bc00000| PB 0x000000074ba00000| Complete |  0
|  60|0x000000074bc00000, 0x000000074be00000, 0x000000074be00000|100%|HC|  |TAMS 0x000000074be00000| PB 0x000000074bc00000| Complete |  0
|  61|0x000000074be00000, 0x000000074c000000, 0x000000074c000000|100%|HC|  |TAMS 0x000000074c000000| PB 0x000000074be00000| Complete |  0
|  62|0x000000074c000000, 0x000000074c200000, 0x000000074c200000|100%|HC|  |TAMS 0x000000074c200000| PB 0x000000074c000000| Complete |  0
|  63|0x000000074c200000, 0x000000074c400000, 0x000000074c400000|100%|HC|  |TAMS 0x000000074c400000| PB 0x000000074c200000| Complete |  0
|  64|0x000000074c400000, 0x000000074c600000, 0x000000074c600000|100%|HC|  |TAMS 0x000000074c600000| PB 0x000000074c400000| Complete |  0
|  65|0x000000074c600000, 0x000000074c800000, 0x000000074c800000|100%|HC|  |TAMS 0x000000074c800000| PB 0x000000074c600000| Complete |  0
|  66|0x000000074c800000, 0x000000074ca00000, 0x000000074ca00000|100%|HC|  |TAMS 0x000000074ca00000| PB 0x000000074c800000| Complete |  0
|  67|0x000000074ca00000, 0x000000074cc00000, 0x000000074cc00000|100%|HC|  |TAMS 0x000000074cc00000| PB 0x000000074ca00000| Complete |  0
|  68|0x000000074cc00000, 0x000000074ce00000, 0x000000074ce00000|100%|HC|  |TAMS 0x000000074ce00000| PB 0x000000074cc00000| Complete |  0
|  69|0x000000074ce00000, 0x000000074d000000, 0x000000074d000000|100%|HC|  |TAMS 0x000000074d000000| PB 0x000000074ce00000| Complete |  0
|  70|0x000000074d000000, 0x000000074d200000, 0x000000074d200000|100%| O|  |TAMS 0x000000074d000000| PB 0x000000074d000000| Untracked |  0
|  71|0x000000074d200000, 0x000000074d400000, 0x000000074d400000|100%| O|  |TAMS 0x000000074d200000| PB 0x000000074d200000| Untracked |  0
|  72|0x000000074d400000, 0x000000074d4f3e40, 0x000000074d600000| 47%| O|  |TAMS 0x000000074d400000| PB 0x000000074d400000| Updating |  0
|  73|0x000000074d600000, 0x000000074d600000, 0x000000074d800000|  0%| F|  |TAMS 0x000000074d600000| PB 0x000000074d600000| Untracked |  0
|  74|0x000000074d800000, 0x000000074d800000, 0x000000074da00000|  0%| F|  |TAMS 0x000000074d800000| PB 0x000000074d800000| Untracked |  0
|  75|0x000000074da00000, 0x000000074da00000, 0x000000074dc00000|  0%| F|  |TAMS 0x000000074da00000| PB 0x000000074da00000| Untracked |  0
|  76|0x000000074dc00000, 0x000000074dc00000, 0x000000074de00000|  0%| F|  |TAMS 0x000000074dc00000| PB 0x000000074dc00000| Untracked |  0
|  77|0x000000074de00000, 0x000000074de00000, 0x000000074e000000|  0%| F|  |TAMS 0x000000074de00000| PB 0x000000074de00000| Untracked |  0
|  78|0x000000074e000000, 0x000000074e000000, 0x000000074e200000|  0%| F|  |TAMS 0x000000074e000000| PB 0x000000074e000000| Untracked |  0
|  79|0x000000074e200000, 0x000000074e200000, 0x000000074e400000|  0%| F|  |TAMS 0x000000074e200000| PB 0x000000074e200000| Untracked |  0
|  80|0x000000074e400000, 0x000000074e400000, 0x000000074e600000|  0%| F|  |TAMS 0x000000074e400000| PB 0x000000074e400000| Untracked |  0
|  81|0x000000074e600000, 0x000000074e600000, 0x000000074e800000|  0%| F|  |TAMS 0x000000074e600000| PB 0x000000074e600000| Untracked |  0
|  82|0x000000074e800000, 0x000000074e800000, 0x000000074ea00000|  0%| F|  |TAMS 0x000000074e800000| PB 0x000000074e800000| Untracked |  0
|  83|0x000000074ea00000, 0x000000074ea00000, 0x000000074ec00000|  0%| F|  |TAMS 0x000000074ea00000| PB 0x000000074ea00000| Untracked |  0
|  84|0x000000074ec00000, 0x000000074ec00000, 0x000000074ee00000|  0%| F|  |TAMS 0x000000074ec00000| PB 0x000000074ec00000| Untracked |  0
|  85|0x000000074ee00000, 0x000000074ee00000, 0x000000074f000000|  0%| F|  |TAMS 0x000000074ee00000| PB 0x000000074ee00000| Untracked |  0
|  86|0x000000074f000000, 0x000000074f000000, 0x000000074f200000|  0%| F|  |TAMS 0x000000074f000000| PB 0x000000074f000000| Untracked |  0
|  87|0x000000074f200000, 0x000000074f200000, 0x000000074f400000|  0%| F|  |TAMS 0x000000074f200000| PB 0x000000074f200000| Untracked |  0
|  88|0x000000074f400000, 0x000000074f400000, 0x000000074f600000|  0%| F|  |TAMS 0x000000074f400000| PB 0x000000074f400000| Untracked |  0
|  89|0x000000074f600000, 0x000000074f600000, 0x000000074f800000|  0%| F|  |TAMS 0x000000074f600000| PB 0x000000074f600000| Untracked |  0
|  90|0x000000074f800000, 0x000000074f800000, 0x000000074fa00000|  0%| F|  |TAMS 0x000000074f800000| PB 0x000000074f800000| Untracked |  0
|  91|0x000000074fa00000, 0x000000074fa00000, 0x000000074fc00000|  0%| F|  |TAMS 0x000000074fa00000| PB 0x000000074fa00000| Untracked |  0
|  92|0x000000074fc00000, 0x000000074fc00000, 0x000000074fe00000|  0%| F|  |TAMS 0x000000074fc00000| PB 0x000000074fc00000| Untracked |  0
|  93|0x000000074fe00000, 0x0000000750000000, 0x0000000750000000|100%|HS|  |TAMS 0x0000000750000000| PB 0x000000074fe00000| Complete |  0
|  94|0x0000000750000000, 0x0000000750200000, 0x0000000750200000|100%|HC|  |TAMS 0x0000000750200000| PB 0x0000000750000000| Complete |  0
|  95|0x0000000750200000, 0x0000000750400000, 0x0000000750400000|100%|HC|  |TAMS 0x0000000750400000| PB 0x0000000750200000| Complete |  0
|  96|0x0000000750400000, 0x0000000750600000, 0x0000000750600000|100%|HC|  |TAMS 0x0000000750600000| PB 0x0000000750400000| Complete |  0
|  97|0x0000000750600000, 0x0000000750800000, 0x0000000750800000|100%|HC|  |TAMS 0x0000000750800000| PB 0x0000000750600000| Complete |  0
|  98|0x0000000750800000, 0x0000000750a00000, 0x0000000750a00000|100%|HC|  |TAMS 0x0000000750a00000| PB 0x0000000750800000| Complete |  0
|  99|0x0000000750a00000, 0x0000000750c00000, 0x0000000750c00000|100%|HC|  |TAMS 0x0000000750c00000| PB 0x0000000750a00000| Complete |  0
| 100|0x0000000750c00000, 0x0000000750e00000, 0x0000000750e00000|100%|HC|  |TAMS 0x0000000750e00000| PB 0x0000000750c00000| Complete |  0
| 101|0x0000000750e00000, 0x0000000751000000, 0x0000000751000000|100%|HC|  |TAMS 0x0000000751000000| PB 0x0000000750e00000| Complete |  0
| 102|0x0000000751000000, 0x0000000751200000, 0x0000000751200000|100%|HC|  |TAMS 0x0000000751200000| PB 0x0000000751000000| Complete |  0
| 103|0x0000000751200000, 0x0000000751400000, 0x0000000751400000|100%|HC|  |TAMS 0x0000000751400000| PB 0x0000000751200000| Complete |  0
| 104|0x0000000751400000, 0x0000000751600000, 0x0000000751600000|100%|HC|  |TAMS 0x0000000751600000| PB 0x0000000751400000| Complete |  0
| 105|0x0000000751600000, 0x0000000751800000, 0x0000000751800000|100%|HC|  |TAMS 0x0000000751800000| PB 0x0000000751600000| Complete |  0
| 106|0x0000000751800000, 0x0000000751a00000, 0x0000000751a00000|100%|HC|  |TAMS 0x0000000751a00000| PB 0x0000000751800000| Complete |  0
| 107|0x0000000751a00000, 0x0000000751c00000, 0x0000000751c00000|100%|HC|  |TAMS 0x0000000751c00000| PB 0x0000000751a00000| Complete |  0
| 108|0x0000000751c00000, 0x0000000751e00000, 0x0000000751e00000|100%|HC|  |TAMS 0x0000000751e00000| PB 0x0000000751c00000| Complete |  0
| 109|0x0000000751e00000, 0x0000000752000000, 0x0000000752000000|100%|HC|  |TAMS 0x0000000752000000| PB 0x0000000751e00000| Complete |  0
| 110|0x0000000752000000, 0x0000000752200000, 0x0000000752200000|100%|HC|  |TAMS 0x0000000752200000| PB 0x0000000752000000| Complete |  0
| 111|0x0000000752200000, 0x0000000752400000, 0x0000000752400000|100%|HC|  |TAMS 0x0000000752400000| PB 0x0000000752200000| Complete |  0
| 112|0x0000000752400000, 0x0000000752600000, 0x0000000752600000|100%|HC|  |TAMS 0x0000000752600000| PB 0x0000000752400000| Complete |  0
| 113|0x0000000752600000, 0x0000000752800000, 0x0000000752800000|100%|HC|  |TAMS 0x0000000752800000| PB 0x0000000752600000| Complete |  0
| 114|0x0000000752800000, 0x0000000752a00000, 0x0000000752a00000|100%|HC|  |TAMS 0x0000000752a00000| PB 0x0000000752800000| Complete |  0
| 115|0x0000000752a00000, 0x0000000752c00000, 0x0000000752c00000|100%|HC|  |TAMS 0x0000000752c00000| PB 0x0000000752a00000| Complete |  0
| 116|0x0000000752c00000, 0x0000000752e00000, 0x0000000752e00000|100%|HC|  |TAMS 0x0000000752e00000| PB 0x0000000752c00000| Complete |  0
| 117|0x0000000752e00000, 0x0000000753000000, 0x0000000753000000|100%|HC|  |TAMS 0x0000000753000000| PB 0x0000000752e00000| Complete |  0
| 118|0x0000000753000000, 0x0000000753200000, 0x0000000753200000|100%|HC|  |TAMS 0x0000000753200000| PB 0x0000000753000000| Complete |  0
| 119|0x0000000753200000, 0x0000000753400000, 0x0000000753400000|100%|HC|  |TAMS 0x0000000753400000| PB 0x0000000753200000| Complete |  0
| 120|0x0000000753400000, 0x0000000753600000, 0x0000000753600000|100%|HC|  |TAMS 0x0000000753600000| PB 0x0000000753400000| Complete |  0
| 121|0x0000000753600000, 0x0000000753800000, 0x0000000753800000|100%|HC|  |TAMS 0x0000000753800000| PB 0x0000000753600000| Complete |  0
| 122|0x0000000753800000, 0x0000000753a00000, 0x0000000753a00000|100%|HC|  |TAMS 0x0000000753a00000| PB 0x0000000753800000| Complete |  0
| 123|0x0000000753a00000, 0x0000000753c00000, 0x0000000753c00000|100%|HC|  |TAMS 0x0000000753c00000| PB 0x0000000753a00000| Complete |  0
| 124|0x0000000753c00000, 0x0000000753e00000, 0x0000000753e00000|100%|HC|  |TAMS 0x0000000753e00000| PB 0x0000000753c00000| Complete |  0
| 125|0x0000000753e00000, 0x0000000754000000, 0x0000000754000000|100%|HC|  |TAMS 0x0000000754000000| PB 0x0000000753e00000| Complete |  0
| 126|0x0000000754000000, 0x0000000754200000, 0x0000000754200000|100%|HC|  |TAMS 0x0000000754200000| PB 0x0000000754000000| Complete |  0
| 127|0x0000000754200000, 0x0000000754400000, 0x0000000754400000|100%|HC|  |TAMS 0x0000000754400000| PB 0x0000000754200000| Complete |  0
| 128|0x0000000754400000, 0x0000000754600000, 0x0000000754600000|100%|HS|  |TAMS 0x0000000754400000| PB 0x0000000754400000| Complete |  0
| 129|0x0000000754600000, 0x0000000754800000, 0x0000000754800000|100%|HC|  |TAMS 0x0000000754600000| PB 0x0000000754600000| Complete |  0
| 130|0x0000000754800000, 0x0000000754a00000, 0x0000000754a00000|100%|HC|  |TAMS 0x0000000754800000| PB 0x0000000754800000| Complete |  0
| 131|0x0000000754a00000, 0x0000000754c00000, 0x0000000754c00000|100%|HC|  |TAMS 0x0000000754a00000| PB 0x0000000754a00000| Complete |  0
| 132|0x0000000754c00000, 0x0000000754e00000, 0x0000000754e00000|100%|HC|  |TAMS 0x0000000754c00000| PB 0x0000000754c00000| Complete |  0
| 133|0x0000000754e00000, 0x0000000755000000, 0x0000000755000000|100%|HC|  |TAMS 0x0000000754e00000| PB 0x0000000754e00000| Complete |  0
| 134|0x0000000755000000, 0x0000000755200000, 0x0000000755200000|100%|HC|  |TAMS 0x0000000755000000| PB 0x0000000755000000| Complete |  0
| 135|0x0000000755200000, 0x0000000755400000, 0x0000000755400000|100%|HC|  |TAMS 0x0000000755200000| PB 0x0000000755200000| Complete |  0
| 136|0x0000000755400000, 0x0000000755600000, 0x0000000755600000|100%|HC|  |TAMS 0x0000000755400000| PB 0x0000000755400000| Complete |  0
| 137|0x0000000755600000, 0x0000000755800000, 0x0000000755800000|100%|HC|  |TAMS 0x0000000755600000| PB 0x0000000755600000| Complete |  0
| 138|0x0000000755800000, 0x0000000755a00000, 0x0000000755a00000|100%|HC|  |TAMS 0x0000000755800000| PB 0x0000000755800000| Complete |  0
| 139|0x0000000755a00000, 0x0000000755c00000, 0x0000000755c00000|100%|HC|  |TAMS 0x0000000755a00000| PB 0x0000000755a00000| Complete |  0
| 140|0x0000000755c00000, 0x0000000755e00000, 0x0000000755e00000|100%|HC|  |TAMS 0x0000000755c00000| PB 0x0000000755c00000| Complete |  0
| 141|0x0000000755e00000, 0x0000000756000000, 0x0000000756000000|100%|HC|  |TAMS 0x0000000755e00000| PB 0x0000000755e00000| Complete |  0
| 142|0x0000000756000000, 0x0000000756200000, 0x0000000756200000|100%|HC|  |TAMS 0x0000000756000000| PB 0x0000000756000000| Complete |  0
| 143|0x0000000756200000, 0x0000000756400000, 0x0000000756400000|100%|HC|  |TAMS 0x0000000756200000| PB 0x0000000756200000| Complete |  0
| 144|0x0000000756400000, 0x0000000756600000, 0x0000000756600000|100%|HC|  |TAMS 0x0000000756400000| PB 0x0000000756400000| Complete |  0
| 145|0x0000000756600000, 0x0000000756800000, 0x0000000756800000|100%|HC|  |TAMS 0x0000000756600000| PB 0x0000000756600000| Complete |  0
| 146|0x0000000756800000, 0x0000000756a00000, 0x0000000756a00000|100%|HC|  |TAMS 0x0000000756800000| PB 0x0000000756800000| Complete |  0
| 147|0x0000000756a00000, 0x0000000756c00000, 0x0000000756c00000|100%|HC|  |TAMS 0x0000000756a00000| PB 0x0000000756a00000| Complete |  0
| 148|0x0000000756c00000, 0x0000000756e00000, 0x0000000756e00000|100%|HC|  |TAMS 0x0000000756c00000| PB 0x0000000756c00000| Complete |  0
| 149|0x0000000756e00000, 0x0000000757000000, 0x0000000757000000|100%|HC|  |TAMS 0x0000000756e00000| PB 0x0000000756e00000| Complete |  0
| 150|0x0000000757000000, 0x0000000757200000, 0x0000000757200000|100%|HC|  |TAMS 0x0000000757000000| PB 0x0000000757000000| Complete |  0
| 151|0x0000000757200000, 0x0000000757400000, 0x0000000757400000|100%|HC|  |TAMS 0x0000000757200000| PB 0x0000000757200000| Complete |  0
| 152|0x0000000757400000, 0x0000000757600000, 0x0000000757600000|100%|HC|  |TAMS 0x0000000757400000| PB 0x0000000757400000| Complete |  0
| 153|0x0000000757600000, 0x0000000757800000, 0x0000000757800000|100%|HC|  |TAMS 0x0000000757600000| PB 0x0000000757600000| Complete |  0
| 154|0x0000000757800000, 0x0000000757a00000, 0x0000000757a00000|100%|HC|  |TAMS 0x0000000757800000| PB 0x0000000757800000| Complete |  0
| 155|0x0000000757a00000, 0x0000000757c00000, 0x0000000757c00000|100%|HC|  |TAMS 0x0000000757a00000| PB 0x0000000757a00000| Complete |  0
| 156|0x0000000757c00000, 0x0000000757c00000, 0x0000000757e00000|  0%| F|  |TAMS 0x0000000757c00000| PB 0x0000000757c00000| Untracked |  0
| 157|0x0000000757e00000, 0x0000000757e00000, 0x0000000758000000|  0%| F|  |TAMS 0x0000000757e00000| PB 0x0000000757e00000| Untracked |  0
| 158|0x0000000758000000, 0x0000000758000000, 0x0000000758200000|  0%| F|  |TAMS 0x0000000758000000| PB 0x0000000758000000| Untracked |  0
| 159|0x0000000758200000, 0x0000000758200000, 0x0000000758400000|  0%| F|  |TAMS 0x0000000758200000| PB 0x0000000758200000| Untracked |  0
| 160|0x0000000758400000, 0x0000000758400000, 0x0000000758600000|  0%| F|  |TAMS 0x0000000758400000| PB 0x0000000758400000| Untracked |  0
| 161|0x0000000758600000, 0x0000000758600000, 0x0000000758800000|  0%| F|  |TAMS 0x0000000758600000| PB 0x0000000758600000| Untracked |  0
| 162|0x0000000758800000, 0x0000000758800000, 0x0000000758a00000|  0%| F|  |TAMS 0x0000000758800000| PB 0x0000000758800000| Untracked |  0
| 163|0x0000000758a00000, 0x0000000758a00000, 0x0000000758c00000|  0%| F|  |TAMS 0x0000000758a00000| PB 0x0000000758a00000| Untracked |  0
| 164|0x0000000758c00000, 0x0000000758c00000, 0x0000000758e00000|  0%| F|  |TAMS 0x0000000758c00000| PB 0x0000000758c00000| Untracked |  0
| 165|0x0000000758e00000, 0x0000000758e00000, 0x0000000759000000|  0%| F|  |TAMS 0x0000000758e00000| PB 0x0000000758e00000| Untracked |  0
| 166|0x0000000759000000, 0x0000000759000000, 0x0000000759200000|  0%| F|  |TAMS 0x0000000759000000| PB 0x0000000759000000| Untracked |  0
| 167|0x0000000759200000, 0x0000000759200000, 0x0000000759400000|  0%| F|  |TAMS 0x0000000759200000| PB 0x0000000759200000| Untracked |  0
| 168|0x0000000759400000, 0x0000000759400000, 0x0000000759600000|  0%| F|  |TAMS 0x0000000759400000| PB 0x0000000759400000| Untracked |  0
| 169|0x0000000759600000, 0x0000000759600000, 0x0000000759800000|  0%| F|  |TAMS 0x0000000759600000| PB 0x0000000759600000| Untracked |  0
| 170|0x0000000759800000, 0x0000000759800000, 0x0000000759a00000|  0%| F|  |TAMS 0x0000000759800000| PB 0x0000000759800000| Untracked |  0
| 171|0x0000000759a00000, 0x0000000759a00000, 0x0000000759c00000|  0%| F|  |TAMS 0x0000000759a00000| PB 0x0000000759a00000| Untracked |  0
| 172|0x0000000759c00000, 0x0000000759c00000, 0x0000000759e00000|  0%| F|  |TAMS 0x0000000759c00000| PB 0x0000000759c00000| Untracked |  0
| 173|0x0000000759e00000, 0x0000000759e00000, 0x000000075a000000|  0%| F|  |TAMS 0x0000000759e00000| PB 0x0000000759e00000| Untracked |  0
| 174|0x000000075a000000, 0x000000075a000000, 0x000000075a200000|  0%| F|  |TAMS 0x000000075a000000| PB 0x000000075a000000| Untracked |  0
| 175|0x000000075a200000, 0x000000075a200000, 0x000000075a400000|  0%| F|  |TAMS 0x000000075a200000| PB 0x000000075a200000| Untracked |  0
| 176|0x000000075a400000, 0x000000075a400000, 0x000000075a600000|  0%| F|  |TAMS 0x000000075a400000| PB 0x000000075a400000| Untracked |  0
| 177|0x000000075a600000, 0x000000075a600000, 0x000000075a800000|  0%| F|  |TAMS 0x000000075a600000| PB 0x000000075a600000| Untracked |  0
| 178|0x000000075a800000, 0x000000075a8372c0, 0x000000075aa00000| 10%| S|CS|TAMS 0x000000075a800000| PB 0x000000075a800000| Complete |  0
| 179|0x000000075aa00000, 0x000000075aa00000, 0x000000075ac00000|  0%| F|  |TAMS 0x000000075aa00000| PB 0x000000075aa00000| Untracked |  0

Card table byte_map: [0x000001b024d80000,0x000001b025360000] _byte_map_base: 0x000001b02135e000

Marking Bits: (CMBitMap*) 0x000001b00d17e620
 Bits: [0x000001b025360000, 0x000001b028250000)

Polling page: 0x000001b00c8f0000

Metaspace:

Usage:
  Non-class:      7.05 MB used.
      Class:      1.11 MB used.
       Both:      8.16 MB used.

Virtual space:
  Non-class space:       64.00 MB reserved,       7.19 MB ( 11%) committed,  1 nodes.
      Class space:        1.00 GB reserved,       1.25 MB ( <1%) committed,  1 nodes.
             Both:        1.06 GB reserved,       8.44 MB ( <1%) committed. 

Chunk freelists:
   Non-Class:  7.55 MB
       Class:  14.61 MB
        Both:  22.15 MB

MaxMetaspaceSize: unlimited
CompressedClassSpaceSize: 1.00 GB
Initial GC threshold: 21.00 MB
Current GC threshold: 21.00 MB
CDS: on
 - commit_granule_bytes: 65536.
 - commit_granule_words: 8192.
 - virtual_space_node_default_size: 8388608.
 - enlarge_chunks_in_place: 1.
 - use_allocation_guard: 0.


Internal statistics:

num_allocs_failed_limit: 0.
num_arena_births: 162.
num_arena_deaths: 0.
num_vsnodes_births: 2.
num_vsnodes_deaths: 0.
num_space_committed: 135.
num_space_uncommitted: 0.
num_chunks_returned_to_freelist: 0.
num_chunks_taken_from_freelist: 395.
num_chunk_merges: 0.
num_chunk_splits: 282.
num_chunks_enlarged: 211.
num_inconsistent_stats: 0.

CodeHeap 'non-profiled nmethods': size=120000Kb used=466Kb max_used=553Kb free=119533Kb
 bounds [0x000001b01cf40000, 0x000001b01d1b0000, 0x000001b024470000]
CodeHeap 'profiled nmethods': size=120000Kb used=1850Kb max_used=2286Kb free=118149Kb
 bounds [0x000001b015470000, 0x000001b0156e0000, 0x000001b01c9a0000]
CodeHeap 'non-nmethods': size=5760Kb used=1794Kb max_used=1841Kb free=3965Kb
 bounds [0x000001b01c9a0000, 0x000001b01cc10000, 0x000001b01cf40000]
 total_blobs=1757 nmethods=1143 adapters=519
 compilation: enabled
              stopped_count=0, restarted_count=0
 full_count=0

Compilation events (20 events):
Event: 2.241 Thread 0x000001b02ac6c310 1302       3       java.io.BufferedInputStream::fill (204 bytes)
Event: 2.242 Thread 0x000001b02ac6c310 nmethod 1302 0x000001b0156a7f10 code [0x000001b0156a8180, 0x000001b0156a8d00]
Event: 2.242 Thread 0x000001b02ac6c310 1303       3       java.io.BufferedInputStream::getInIfOpen (21 bytes)
Event: 2.243 Thread 0x000001b02ac6c310 nmethod 1303 0x000001b0156a9090 code [0x000001b0156a9240, 0x000001b0156a9480]
Event: 2.251 Thread 0x000001b02ac6c310 1304       3       java.util.concurrent.locks.ReentrantLock$Sync::isHeldExclusively (16 bytes)
Event: 2.252 Thread 0x000001b02ac6c310 nmethod 1304 0x000001b0156a9590 code [0x000001b0156a9720, 0x000001b0156a98b8]
Event: 2.618 Thread 0x000001b02ac6c310 1306       3       javafx.beans.property.ObjectPropertyBase::get (29 bytes)
Event: 2.619 Thread 0x000001b02ac6c310 nmethod 1306 0x000001b0156a9990 code [0x000001b0156a9b40, 0x000001b0156a9d78]
Event: 2.620 Thread 0x000001b02ac6c310 1307   !   3       java.io.FileInputStream::available (24 bytes)
Event: 2.621 Thread 0x000001b02ac6c310 nmethod 1307 0x000001b0156a9e90 code [0x000001b0156aa060, 0x000001b0156aa278]
Event: 2.804 Thread 0x000001b02ac6b860 1309       4       jdk.internal.misc.Blocker::end (71 bytes)
Event: 2.805 Thread 0x000001b02ac6b860 nmethod 1309 0x000001b01cfca310 code [0x000001b01cfca480, 0x000001b01cfca518]
Event: 3.255 Thread 0x000001b02ac6c310 1310       3       java.util.concurrent.atomic.AtomicBoolean::get (13 bytes)
Event: 3.255 Thread 0x000001b02ac6c310 nmethod 1310 0x000001b0156aa410 code [0x000001b0156aa5a0, 0x000001b0156aa700]
Event: 3.353 Thread 0x000001b02ac6c310 1311       3       javafx.scene.Node::getParent (22 bytes)
Event: 3.354 Thread 0x000001b02ac6c310 nmethod 1311 0x000001b0156aa790 code [0x000001b0156aa960, 0x000001b0156aadd8]
Event: 3.354 Thread 0x000001b02ac6c310 1312       3       java.util.regex.Pattern$$Lambda/0x000001b02c057460::is (5 bytes)
Event: 3.354 Thread 0x000001b02ac6c310 nmethod 1312 0x000001b0156aaf10 code [0x000001b0156ab0c0, 0x000001b0156ab318]
Event: 3.354 Thread 0x000001b02ac6c310 1313       3       java.util.regex.Pattern::lambda$DOT$11 (34 bytes)
Event: 3.354 Thread 0x000001b02ac6c310 nmethod 1313 0x000001b0156ab410 code [0x000001b0156ab5a0, 0x000001b0156ab778]

GC Heap History (8 events):
Event: 1.405 GC heap before
{Heap before GC invocations=0 (full 0):
 garbage-first heap   total reserved 3076096K, committed 192512K, used 24576K [0x0000000744400000, 0x0000000800000000)
  region size 2048K, 12 young (24576K), 0 survivors (0K)
 Metaspace       used 4590K, committed 4800K, reserved 1114112K
  class space    used 481K, committed 576K, reserved 1048576K
}
Event: 1.409 GC heap after
{Heap after GC invocations=1 (full 0):
 garbage-first heap   total reserved 3076096K, committed 192512K, used 2752K [0x0000000744400000, 0x0000000800000000)
  region size 2048K, 2 young (4096K), 2 survivors (4096K)
 Metaspace       used 4590K, committed 4800K, reserved 1114112K
  class space    used 481K, committed 576K, reserved 1048576K
}
Event: 2.246 GC heap before
{Heap before GC invocations=1 (full 0):
 garbage-first heap   total reserved 3076096K, committed 192512K, used 94912K [0x0000000744400000, 0x0000000800000000)
  region size 2048K, 13 young (26624K), 2 survivors (4096K)
 Metaspace       used 8352K, committed 8640K, reserved 1114112K
  class space    used 1132K, committed 1280K, reserved 1048576K
}
Event: 2.250 GC heap after
{Heap after GC invocations=2 (full 0):
 garbage-first heap   total reserved 3076096K, committed 192512K, used 76623K [0x0000000744400000, 0x0000000800000000)
  region size 2048K, 3 young (6144K), 3 survivors (6144K)
 Metaspace       used 8352K, committed 8640K, reserved 1114112K
  class space    used 1132K, committed 1280K, reserved 1048576K
}
Event: 2.940 GC heap before
{Heap before GC invocations=2 (full 0):
 garbage-first heap   total reserved 3076096K, committed 192512K, used 148303K [0x0000000744400000, 0x0000000800000000)
  region size 2048K, 4 young (8192K), 3 survivors (6144K)
 Metaspace       used 8353K, committed 8640K, reserved 1114112K
  class space    used 1132K, committed 1280K, reserved 1048576K
}
Event: 2.944 GC heap after
{Heap after GC invocations=3 (full 0):
 garbage-first heap   total reserved 3076096K, committed 192512K, used 148758K [0x0000000744400000, 0x0000000800000000)
  region size 2048K, 3 young (6144K), 3 survivors (6144K)
 Metaspace       used 8353K, committed 8640K, reserved 1114112K
  class space    used 1132K, committed 1280K, reserved 1048576K
}
Event: 3.653 GC heap before
{Heap before GC invocations=4 (full 0):
 garbage-first heap   total reserved 3076096K, committed 368640K, used 220438K [0x0000000744400000, 0x0000000800000000)
  region size 2048K, 4 young (8192K), 3 survivors (6144K)
 Metaspace       used 8353K, committed 8640K, reserved 1114112K
  class space    used 1132K, committed 1280K, reserved 1048576K
}
Event: 3.657 GC heap after
{Heap after GC invocations=5 (full 0):
 garbage-first heap   total reserved 3076096K, committed 368640K, used 220332K [0x0000000744400000, 0x0000000800000000)
  region size 2048K, 1 young (2048K), 1 survivors (2048K)
 Metaspace       used 8353K, committed 8640K, reserved 1114112K
  class space    used 1132K, committed 1280K, reserved 1048576K
}

Dll operation events (20 events):
Event: 1.127 Loaded shared library C:\Users\DELL\.openjfx\cache\22-ea+11\amd64\api-ms-win-crt-locale-l1-1-0.dll
Event: 1.131 Loaded shared library C:\Users\DELL\.openjfx\cache\22-ea+11\amd64\api-ms-win-crt-math-l1-1-0.dll
Event: 1.135 Loaded shared library C:\Users\DELL\.openjfx\cache\22-ea+11\amd64\api-ms-win-crt-multibyte-l1-1-0.dll
Event: 1.138 Loaded shared library C:\Users\DELL\.openjfx\cache\22-ea+11\amd64\api-ms-win-crt-private-l1-1-0.dll
Event: 1.140 Loaded shared library C:\Users\DELL\.openjfx\cache\22-ea+11\amd64\api-ms-win-crt-process-l1-1-0.dll
Event: 1.144 Loaded shared library C:\Users\DELL\.openjfx\cache\22-ea+11\amd64\api-ms-win-crt-runtime-l1-1-0.dll
Event: 1.147 Loaded shared library C:\Users\DELL\.openjfx\cache\22-ea+11\amd64\api-ms-win-crt-stdio-l1-1-0.dll
Event: 1.152 Loaded shared library C:\Users\DELL\.openjfx\cache\22-ea+11\amd64\api-ms-win-crt-string-l1-1-0.dll
Event: 1.154 Loaded shared library C:\Users\DELL\.openjfx\cache\22-ea+11\amd64\api-ms-win-crt-time-l1-1-0.dll
Event: 1.157 Loaded shared library C:\Users\DELL\.openjfx\cache\22-ea+11\amd64\api-ms-win-crt-utility-l1-1-0.dll
Event: 1.170 Loaded shared library C:\Users\DELL\.openjfx\cache\22-ea+11\amd64\ucrtbase.dll
Event: 1.175 Loaded shared library C:\Users\DELL\.openjfx\cache\22-ea+11\amd64\vcruntime140.dll
Event: 1.179 Loaded shared library C:\Users\DELL\.openjfx\cache\22-ea+11\amd64\vcruntime140_1.dll
Event: 1.188 Loaded shared library C:\Users\DELL\.openjfx\cache\22-ea+11\amd64\msvcp140.dll
Event: 1.191 Loaded shared library C:\Users\DELL\.openjfx\cache\22-ea+11\amd64\msvcp140_1.dll
Event: 1.196 Loaded shared library C:\Users\DELL\.openjfx\cache\22-ea+11\amd64\msvcp140_2.dll
Event: 1.251 Loaded shared library C:\Users\DELL\.openjfx\cache\22-ea+11\amd64\prism_d3d.dll
Event: 1.298 Loaded shared library C:\Users\DELL\.openjfx\cache\22-ea+11\amd64\glass.dll
Event: 1.544 Loaded shared library C:\Users\DELL\.openjfx\cache\22-ea+11\amd64\javafx_font.dll
Event: 1.653 Loaded shared library C:\Users\DELL\.openjfx\cache\22-ea+11\amd64\javafx_iio.dll

Deoptimization events (20 events):
Event: 1.656 Thread 0x000001b070c0ffa0 Uncommon trap: trap_request=0xffffffde fr.pc=0x000001b01cfa0e00 relative=0x0000000000000c00
Event: 1.656 Thread 0x000001b070c0ffa0 Uncommon trap: reason=class_check action=maybe_recompile pc=0x000001b01cfa0e00 method=java.io.BufferedInputStream.implRead([BII)I @ 100 c2
Event: 1.656 Thread 0x000001b070c0ffa0 DEOPT PACKING pc=0x000001b01cfa0e00 sp=0x0000002f359fd550
Event: 1.656 Thread 0x000001b070c0ffa0 DEOPT UNPACKING pc=0x000001b01c9f7da2 sp=0x0000002f359fd4d8 mode 2
Event: 1.676 Thread 0x000001b070c0ffa0 Uncommon trap: trap_request=0xffffffde fr.pc=0x000001b01cfa0e00 relative=0x0000000000000c00
Event: 1.676 Thread 0x000001b070c0ffa0 Uncommon trap: reason=class_check action=maybe_recompile pc=0x000001b01cfa0e00 method=java.io.BufferedInputStream.implRead([BII)I @ 100 c2
Event: 1.676 Thread 0x000001b070c0ffa0 DEOPT PACKING pc=0x000001b01cfa0e00 sp=0x0000002f359fd550
Event: 1.676 Thread 0x000001b070c0ffa0 DEOPT UNPACKING pc=0x000001b01c9f7da2 sp=0x0000002f359fd4d8 mode 2
Event: 1.677 Thread 0x000001b070c0ffa0 Uncommon trap: trap_request=0xffffffde fr.pc=0x000001b01cfa0e00 relative=0x0000000000000c00
Event: 1.677 Thread 0x000001b070c0ffa0 Uncommon trap: reason=class_check action=maybe_recompile pc=0x000001b01cfa0e00 method=java.io.BufferedInputStream.implRead([BII)I @ 100 c2
Event: 1.677 Thread 0x000001b070c0ffa0 DEOPT PACKING pc=0x000001b01cfa0e00 sp=0x0000002f359fd550
Event: 1.677 Thread 0x000001b070c0ffa0 DEOPT UNPACKING pc=0x000001b01c9f7da2 sp=0x0000002f359fd4d8 mode 2
Event: 1.679 Thread 0x000001b070c0ffa0 Uncommon trap: trap_request=0xffffffde fr.pc=0x000001b01cfa0e00 relative=0x0000000000000c00
Event: 1.679 Thread 0x000001b070c0ffa0 Uncommon trap: reason=class_check action=maybe_recompile pc=0x000001b01cfa0e00 method=java.io.BufferedInputStream.implRead([BII)I @ 100 c2
Event: 1.679 Thread 0x000001b070c0ffa0 DEOPT PACKING pc=0x000001b01cfa0e00 sp=0x0000002f359fd550
Event: 1.679 Thread 0x000001b070c0ffa0 DEOPT UNPACKING pc=0x000001b01c9f7da2 sp=0x0000002f359fd4d8 mode 2
Event: 1.679 Thread 0x000001b070c0ffa0 Uncommon trap: trap_request=0xffffffde fr.pc=0x000001b01cf9da38 relative=0x0000000000000778
Event: 1.679 Thread 0x000001b070c0ffa0 Uncommon trap: reason=class_check action=maybe_recompile pc=0x000001b01cf9da38 method=java.io.BufferedInputStream.implRead([BII)I @ 100 c2
Event: 1.679 Thread 0x000001b070c0ffa0 DEOPT PACKING pc=0x000001b01cf9da38 sp=0x0000002f359fd4e0
Event: 1.679 Thread 0x000001b070c0ffa0 DEOPT UNPACKING pc=0x000001b01c9f7da2 sp=0x0000002f359fd4d8 mode 2

Classes loaded (20 events):
Event: 1.667 Loading class javafx/event/Event
Event: 1.667 Loading class javafx/event/Event done
Event: 1.667 Loading class javafx/scene/image/ImageView
Event: 1.667 Loading class javafx/scene/image/ImageView done
Event: 1.667 Loading class javafx/scene/input/MouseEvent
Event: 1.667 Loading class javafx/scene/input/MouseEvent done
Event: 1.669 Loading class javafx/scene/image/ImageView
Event: 1.669 Loading class javafx/scene/image/ImageView done
Event: 1.669 Loading class javafx/scene/image/ImageView
Event: 1.669 Loading class javafx/scene/image/ImageView done
Event: 1.670 Loading class javafx/util/Callback
Event: 1.670 Loading class javafx/util/Callback done
Event: 1.670 Loading class javafx/scene/Node
Event: 1.670 Loading class javafx/scene/Node done
Event: 1.671 Loading class javafx/scene/Node
Event: 1.671 Loading class javafx/scene/Node done
Event: 1.671 Loading class com/example/tryme/HelloApplication
Event: 1.671 Loading class com/example/tryme/HelloApplication done
Event: 1.671 Loading class javafx/stage/Stage
Event: 1.671 Loading class javafx/stage/Stage done

Classes unloaded (0 events):
No events

Classes redefined (0 events):
No events

Internal exceptions (20 events):
Event: 0.916 Thread 0x000001b00af34740 Exception <a 'java/lang/NoSuchMethodError'{0x000000074f6fe668}: 'void java.lang.invoke.DirectMethodHandle$Holder.invokeStatic(java.lang.Object, java.lang.Object, java.lang.Object, java.lang.Object)'> (0x000000074f6fe668) 
thrown [s\open\src\hotspot\share\interpreter\linkResolver.cpp, line 774]
Event: 0.917 Thread 0x000001b00af34740 Exception <a 'java/lang/NoSuchMethodError'{0x000000074f702428}: 'void java.lang.invoke.DirectMethodHandle$Holder.invokeSpecial(java.lang.Object, java.lang.Object, java.lang.Object, java.lang.Object, java.lang.Object)'> (0x000000074f702428) 
thrown [s\open\src\hotspot\share\interpreter\linkResolver.cpp, line 774]
Event: 0.921 Thread 0x000001b00af34740 Exception <a 'java/lang/NoSuchMethodError'{0x000000074f71ff48}: 'java.lang.Object java.lang.invoke.Invokers$Holder.invokeExact_MT(java.lang.Object, java.lang.Object, java.lang.Object, java.lang.Object, java.lang.Object, java.lang.Object)'> (0x000000074f71ff48) 
thrown [s\open\src\hotspot\share\interpreter\linkResolver.cpp, line 774]
Event: 0.925 Thread 0x000001b00af34740 Exception <a 'java/lang/NoSuchMethodError'{0x000000074f735aa0}: 'void java.lang.invoke.DirectMethodHandle$Holder.invokeStatic(java.lang.Object, java.lang.Object)'> (0x000000074f735aa0) 
thrown [s\open\src\hotspot\share\interpreter\linkResolver.cpp, line 774]
Event: 1.221 Thread 0x000001b00af34740 Exception <a 'java/lang/NoSuchMethodError'{0x000000074eeadba8}: 'void java.lang.invoke.DirectMethodHandle$Holder.invokeSpecial(java.lang.Object, java.lang.Object, java.lang.Object)'> (0x000000074eeadba8) 
thrown [s\open\src\hotspot\share\interpreter\linkResolver.cpp, line 774]
Event: 1.274 Thread 0x000001b00af34740 Exception <a 'java/lang/NoSuchMethodError'{0x000000074ef30350}: 'int java.lang.invoke.DirectMethodHandle$Holder.invokeStaticInit(java.lang.Object, java.lang.Object, java.lang.Object)'> (0x000000074ef30350) 
thrown [s\open\src\hotspot\share\interpreter\linkResolver.cpp, line 774]
Event: 1.304 Thread 0x000001b00af34740 Exception <a 'java/lang/NoSuchMethodError'{0x000000074ed53960}: 'java.lang.Object java.lang.invoke.DirectMethodHandle$Holder.newInvokeSpecial(java.lang.Object, java.lang.Object, int, java.lang.Object)'> (0x000000074ed53960) 
thrown [s\open\src\hotspot\share\interpreter\linkResolver.cpp, line 774]
Event: 1.305 Thread 0x000001b00af34740 Exception <a 'java/lang/NoSuchMethodError'{0x000000074ed57b98}: 'java.lang.Object java.lang.invoke.DirectMethodHandle$Holder.invokeSpecial(java.lang.Object, java.lang.Object, java.lang.Object, int, java.lang.Object)'> (0x000000074ed57b98) 
thrown [s\open\src\hotspot\share\interpreter\linkResolver.cpp, line 774]
Event: 1.375 Thread 0x000001b070c0ffa0 Exception <a 'java/lang/NoSuchMethodError'{0x000000074e8efe88}: 'void java.lang.invoke.DirectMethodHandle$Holder.invokeStaticInit(java.lang.Object)'> (0x000000074e8efe88) 
thrown [s\open\src\hotspot\share\interpreter\linkResolver.cpp, line 774]
Event: 1.380 Thread 0x000001b00af34740 Exception <a 'java/lang/NoSuchMethodError'{0x000000074ed6b228}: 'java.lang.Object java.lang.invoke.DirectMethodHandle$Holder.newInvokeSpecial(java.lang.Object, java.lang.Object, java.lang.Object, java.lang.Object, java.lang.Object, java.lang.Object)'> (0x000000074ed6b228) 
thrown [s\open\src\hotspot\share\interpreter\linkResolver.cpp, line 774]
Event: 1.423 Thread 0x000001b00af34740 Exception <a 'java/lang/NoSuchMethodError'{0x000000074fc1e588}: 'java.lang.Object java.lang.invoke.DirectMethodHandle$Holder.newInvokeSpecial(java.lang.Object, java.lang.Object, java.lang.Object, java.lang.Object, java.lang.Object)'> (0x000000074fc1e588) 
thrown [s\open\src\hotspot\share\interpreter\linkResolver.cpp, line 774]
Event: 1.483 Thread 0x000001b070c0ffa0 Exception <a 'java/lang/NoSuchMethodError'{0x000000074f6dda10}: 'java.lang.Object java.lang.invoke.DirectMethodHandle$Holder.invokeStaticInit(java.lang.Object, java.lang.Object, java.lang.Object, java.lang.Object)'> (0x000000074f6dda10) 
thrown [s\open\src\hotspot\share\interpreter\linkResolver.cpp, line 774]
Event: 1.485 Thread 0x000001b070c0ffa0 Exception <a 'java/lang/NullPointerException'{0x000000074f6eefa0}> (0x000000074f6eefa0) 
thrown [s\open\src\hotspot\share\interpreter\linkResolver.cpp, line 1374]
Event: 1.512 Thread 0x000001b070c0ffa0 Exception <a 'java/lang/ClassNotFoundException'{0x000000074f4923a0}: com/sun/glass/ui/win/themes> (0x000000074f4923a0) 
thrown [s\open\src\hotspot\share\prims\jni.cpp, line 539]
Event: 1.516 Thread 0x000001b070c0ffa0 Exception <a 'java/lang/ClassNotFoundException'{0x000000074f4b0b70}: com/sun/glass/ui/win/themes_en> (0x000000074f4b0b70) 
thrown [s\open\src\hotspot\share\prims\jni.cpp, line 539]
Event: 1.516 Thread 0x000001b070c0ffa0 Exception <a 'java/lang/ClassNotFoundException'{0x000000074f4b87a8}: com/sun/glass/ui/win/themes_en_US> (0x000000074f4b87a8) 
thrown [s\open\src\hotspot\share\prims\jni.cpp, line 539]
Event: 1.625 Thread 0x000001b070c0ffa0 Exception <a 'java/lang/NoSuchMethodError'{0x000000074efefa68}: 'void java.lang.invoke.DirectMethodHandle$Holder.invokeStaticInit(java.lang.Object, java.lang.Object)'> (0x000000074efefa68) 
thrown [s\open\src\hotspot\share\interpreter\linkResolver.cpp, line 774]
Event: 1.672 Thread 0x000001b070c0ffa0 Exception <a 'java/lang/NoSuchMethodError'{0x000000074ea93528}: 'java.lang.Object java.lang.invoke.DirectMethodHandle$Holder.newInvokeSpecial(java.lang.Object, java.lang.Object, java.lang.Object, java.lang.Object, int)'> (0x000000074ea93528) 
thrown [s\open\src\hotspot\share\interpreter\linkResolver.cpp, line 774]
Event: 1.673 Thread 0x000001b070c0ffa0 Exception <a 'java/lang/NoSuchMethodError'{0x000000074ea978a0}: 'java.lang.Object java.lang.invoke.DirectMethodHandle$Holder.invokeSpecial(java.lang.Object, java.lang.Object, java.lang.Object, java.lang.Object, java.lang.Object, int)'> (0x000000074ea978a0) 
thrown [s\open\src\hotspot\share\interpreter\linkResolver.cpp, line 774]
Event: 1.673 Thread 0x000001b070c0ffa0 Exception <a 'java/lang/NoSuchMethodError'{0x000000074ea9b320}: 'java.lang.Object java.lang.invoke.Invokers$Holder.linkToTargetMethod(java.lang.Object, java.lang.Object, java.lang.Object, int, java.lang.Object)'> (0x000000074ea9b320) 
thrown [s\open\src\hotspot\share\interpreter\linkResolver.cpp, line 774]

ZGC Phase Switch (0 events):
No events

VM Operations (20 events):
Event: 0.867 Executing VM operation: ChangeBreakpoints done
Event: 0.870 Executing VM operation: ChangeBreakpoints
Event: 0.870 Executing VM operation: ChangeBreakpoints done
Event: 1.288 Executing VM operation: HandshakeAllThreads (Deoptimize)
Event: 1.288 Executing VM operation: HandshakeAllThreads (Deoptimize) done
Event: 1.405 Executing VM operation: G1CollectForAllocation (G1 Evacuation Pause)
Event: 1.409 Executing VM operation: G1CollectForAllocation (G1 Evacuation Pause) done
Event: 1.550 Executing VM operation: HandshakeAllThreads (Deoptimize)
Event: 1.550 Executing VM operation: HandshakeAllThreads (Deoptimize) done
Event: 2.246 Executing VM operation: G1TryInitiateConcMark (G1 Humongous Allocation)
Event: 2.250 Executing VM operation: G1TryInitiateConcMark (G1 Humongous Allocation) done
Event: 2.940 Executing VM operation: G1TryInitiateConcMark (G1 Humongous Allocation)
Event: 2.944 Executing VM operation: G1TryInitiateConcMark (G1 Humongous Allocation) done
Event: 2.956 Executing VM operation: G1PauseRemark
Event: 2.995 Executing VM operation: G1PauseRemark done
Event: 2.995 Executing VM operation: G1PauseCleanup
Event: 2.995 Executing VM operation: G1PauseCleanup done
Event: 3.653 Executing VM operation: G1TryInitiateConcMark (G1 Humongous Allocation)
Event: 3.657 Executing VM operation: G1TryInitiateConcMark (G1 Humongous Allocation) done
Event: 3.659 Executing VM operation: G1PauseRemark

Events (20 events):
Event: 3.720 Thread 0x000001b02ac389e0 flushing nmethod 0x000001b015503b90
Event: 3.720 Thread 0x000001b02ac389e0 flushing nmethod 0x000001b015504290
Event: 3.720 Thread 0x000001b02ac389e0 flushing nmethod 0x000001b01562d910
Event: 3.720 Thread 0x000001b02ac389e0 flushing nmethod 0x000001b01566ac90
Event: 3.720 Thread 0x000001b02ac389e0 flushing nmethod 0x000001b01566b190
Event: 3.720 Thread 0x000001b02ac389e0 flushing nmethod 0x000001b01566bb90
Event: 3.720 Thread 0x000001b02ac389e0 flushing nmethod 0x000001b01566c210
Event: 3.720 Thread 0x000001b02ac389e0 flushing nmethod 0x000001b015679790
Event: 3.720 Thread 0x000001b02ac389e0 flushing nmethod 0x000001b015679f10
Event: 3.720 Thread 0x000001b02ac389e0 flushing nmethod 0x000001b01567b090
Event: 3.720 Thread 0x000001b02ac389e0 flushing nmethod 0x000001b015487490
Event: 3.720 Thread 0x000001b02ac389e0 flushing nmethod 0x000001b015488090
Event: 3.721 Thread 0x000001b02ac389e0 flushing nmethod 0x000001b015489210
Event: 3.721 Thread 0x000001b02ac389e0 flushing nmethod 0x000001b01548db10
Event: 3.721 Thread 0x000001b02ac389e0 flushing nmethod 0x000001b01548e190
Event: 3.721 Thread 0x000001b02ac389e0 flushing nmethod 0x000001b0154f0010
Event: 3.721 Thread 0x000001b02ac389e0 flushing nmethod 0x000001b0154f0410
Event: 3.721 Thread 0x000001b02ac389e0 flushing nmethod 0x000001b0155a3190
Event: 3.721 Thread 0x000001b02ac389e0 flushing nmethod 0x000001b0155f8b90
Event: 3.721 Thread 0x000001b02ac389e0 flushing nmethod 0x000001b0155f9c10


Dynamic libraries:
0x00007ff6f5340000 - 0x00007ff6f5350000 	C:\Program Files\Java\jdk-22\bin\java.exe
0x00007ff940f90000 - 0x00007ff941188000 	C:\WINDOWS\SYSTEM32\ntdll.dll
0x00007ff92b340000 - 0x00007ff92b35a000 	C:\Program Files\Avast Software\Avast\aswhook.dll
0x00007ff93fca0000 - 0x00007ff93fd62000 	C:\WINDOWS\System32\KERNEL32.DLL
0x00007ff93ea20000 - 0x00007ff93ed1e000 	C:\WINDOWS\System32\KERNELBASE.dll
0x00007ff93e630000 - 0x00007ff93e730000 	C:\WINDOWS\System32\ucrtbase.dll
0x00007ff934300000 - 0x00007ff934317000 	C:\Program Files\Java\jdk-22\bin\jli.dll
0x00007ff934320000 - 0x00007ff93433b000 	C:\Program Files\Java\jdk-22\bin\VCRUNTIME140.dll
0x00007ff93f770000 - 0x00007ff93f821000 	C:\WINDOWS\System32\ADVAPI32.dll
0x00007ff93f100000 - 0x00007ff93f19e000 	C:\WINDOWS\System32\msvcrt.dll
0x00007ff93fb80000 - 0x00007ff93fc1f000 	C:\WINDOWS\System32\sechost.dll
0x00007ff93f340000 - 0x00007ff93f463000 	C:\WINDOWS\System32\RPCRT4.dll
0x00007ff93e730000 - 0x00007ff93e757000 	C:\WINDOWS\System32\bcrypt.dll
0x00007ff93f1a0000 - 0x00007ff93f33d000 	C:\WINDOWS\System32\USER32.dll
0x00007ff93ef80000 - 0x00007ff93efa2000 	C:\WINDOWS\System32\win32u.dll
0x00007ff904540000 - 0x00007ff9047da000 	C:\WINDOWS\WinSxS\amd64_microsoft.windows.common-controls_6595b64144ccf1df_6.0.19041.4355_none_60b8b9eb71f62e16\COMCTL32.dll
0x00007ff93fb50000 - 0x00007ff93fb7b000 	C:\WINDOWS\System32\GDI32.dll
0x00007ff93e760000 - 0x00007ff93e877000 	C:\WINDOWS\System32\gdi32full.dll
0x00007ff93e980000 - 0x00007ff93ea1d000 	C:\WINDOWS\System32\msvcp_win.dll
0x00007ff935e20000 - 0x00007ff935e2a000 	C:\WINDOWS\SYSTEM32\VERSION.dll
0x00007ff9401e0000 - 0x00007ff94020f000 	C:\WINDOWS\System32\IMM32.DLL
0x00007ff934580000 - 0x00007ff93458c000 	C:\Program Files\Java\jdk-22\bin\vcruntime140_1.dll
0x00007ff9208b0000 - 0x00007ff92093e000 	C:\Program Files\Java\jdk-22\bin\msvcp140.dll
0x00007ff8e3180000 - 0x00007ff8e3ec7000 	C:\Program Files\Java\jdk-22\bin\server\jvm.dll
0x00007ff93f550000 - 0x00007ff93f5bb000 	C:\WINDOWS\System32\WS2_32.dll
0x00007ff93db70000 - 0x00007ff93dbbb000 	C:\WINDOWS\SYSTEM32\POWRPROF.dll
0x00007ff9323a0000 - 0x00007ff9323c7000 	C:\WINDOWS\SYSTEM32\WINMM.dll
0x00007ff93da30000 - 0x00007ff93da42000 	C:\WINDOWS\SYSTEM32\UMPDC.dll
0x00007ff93ce50000 - 0x00007ff93ce62000 	C:\WINDOWS\SYSTEM32\kernel.appcore.dll
0x00007ff934350000 - 0x00007ff93435a000 	C:\Program Files\Java\jdk-22\bin\jimage.dll
0x00007ff93b840000 - 0x00007ff93ba24000 	C:\WINDOWS\SYSTEM32\DBGHELP.DLL
0x00007ff931e70000 - 0x00007ff931ea4000 	C:\WINDOWS\SYSTEM32\dbgcore.DLL
0x00007ff93eef0000 - 0x00007ff93ef72000 	C:\WINDOWS\System32\bcryptPrimitives.dll
0x00007ff91fa10000 - 0x00007ff91fa4c000 	C:\Program Files\Java\jdk-22\bin\jdwp.dll
0x00007ff927e50000 - 0x00007ff927e5f000 	C:\Program Files\Java\jdk-22\bin\instrument.dll
0x00007ff92b3b0000 - 0x00007ff92b3ce000 	C:\Program Files\Java\jdk-22\bin\java.dll
0x00007ff9407e0000 - 0x00007ff940f4d000 	C:\WINDOWS\System32\SHELL32.dll
0x00007ff9406b0000 - 0x00007ff9407db000 	C:\WINDOWS\System32\ole32.dll
0x00007ff940220000 - 0x00007ff940573000 	C:\WINDOWS\System32\combase.dll
0x00007ff92a5e0000 - 0x00007ff92a5f7000 	C:\Program Files\Java\jdk-22\bin\zip.dll
0x00007ff93c690000 - 0x00007ff93ce34000 	C:\WINDOWS\SYSTEM32\windows.storage.dll
0x00007ff93e060000 - 0x00007ff93e08e000 	C:\WINDOWS\SYSTEM32\Wldp.dll
0x00007ff93fa80000 - 0x00007ff93fb4d000 	C:\WINDOWS\System32\OLEAUT32.dll
0x00007ff93efc0000 - 0x00007ff93f06d000 	C:\WINDOWS\System32\SHCORE.dll
0x00007ff93f8e0000 - 0x00007ff93f935000 	C:\WINDOWS\System32\shlwapi.dll
0x00007ff93e560000 - 0x00007ff93e584000 	C:\WINDOWS\SYSTEM32\profapi.dll
0x00007ff8e30a0000 - 0x00007ff8e3177000 	C:\Program Files\Java\jdk-22\bin\jsvml.dll
0x00007ff92b3a0000 - 0x00007ff92b3b0000 	C:\Program Files\Java\jdk-22\bin\net.dll
0x00007ff93ddc0000 - 0x00007ff93de2a000 	C:\WINDOWS\system32\mswsock.dll
0x00007ff92aa30000 - 0x00007ff92aa46000 	C:\Program Files\Java\jdk-22\bin\nio.dll
0x00007ff923cc0000 - 0x00007ff923ccc000 	C:\Program Files\Java\jdk-22\bin\dt_socket.dll
0x00007ff93da50000 - 0x00007ff93da8b000 	C:\WINDOWS\SYSTEM32\IPHLPAPI.DLL
0x000001b00d0d0000 - 0x000001b00d0d3000 	C:\Users\DELL\.openjfx\cache\22-ea+11\amd64\api-ms-win-core-console-l1-1-0.dll
0x000001b00d0e0000 - 0x000001b00d0e3000 	C:\Users\DELL\.openjfx\cache\22-ea+11\amd64\api-ms-win-core-console-l1-2-0.dll
0x000001b02add0000 - 0x000001b02add3000 	C:\Users\DELL\.openjfx\cache\22-ea+11\amd64\api-ms-win-core-datetime-l1-1-0.dll
0x000001b02ade0000 - 0x000001b02ade3000 	C:\Users\DELL\.openjfx\cache\22-ea+11\amd64\api-ms-win-core-debug-l1-1-0.dll
0x000001b02adf0000 - 0x000001b02adf3000 	C:\Users\DELL\.openjfx\cache\22-ea+11\amd64\api-ms-win-core-errorhandling-l1-1-0.dll
0x000001b02ae00000 - 0x000001b02ae04000 	C:\Users\DELL\.openjfx\cache\22-ea+11\amd64\api-ms-win-core-file-l1-1-0.dll
0x000001b02ae10000 - 0x000001b02ae13000 	C:\Users\DELL\.openjfx\cache\22-ea+11\amd64\api-ms-win-core-file-l1-2-0.dll
0x000001b02ae20000 - 0x000001b02ae23000 	C:\Users\DELL\.openjfx\cache\22-ea+11\amd64\api-ms-win-core-file-l2-1-0.dll
0x000001b02ae30000 - 0x000001b02ae33000 	C:\Users\DELL\.openjfx\cache\22-ea+11\amd64\api-ms-win-core-handle-l1-1-0.dll
0x000001b02ae40000 - 0x000001b02ae43000 	C:\Users\DELL\.openjfx\cache\22-ea+11\amd64\api-ms-win-core-heap-l1-1-0.dll
0x000001b02ae50000 - 0x000001b02ae53000 	C:\Users\DELL\.openjfx\cache\22-ea+11\amd64\api-ms-win-core-interlocked-l1-1-0.dll
0x000001b02ae60000 - 0x000001b02ae63000 	C:\Users\DELL\.openjfx\cache\22-ea+11\amd64\api-ms-win-core-libraryloader-l1-1-0.dll
0x000001b02ae70000 - 0x000001b02ae73000 	C:\Users\DELL\.openjfx\cache\22-ea+11\amd64\api-ms-win-core-localization-l1-2-0.dll
0x000001b02ae80000 - 0x000001b02ae83000 	C:\Users\DELL\.openjfx\cache\22-ea+11\amd64\api-ms-win-core-memory-l1-1-0.dll
0x000001b02ae90000 - 0x000001b02ae93000 	C:\Users\DELL\.openjfx\cache\22-ea+11\amd64\api-ms-win-core-namedpipe-l1-1-0.dll
0x000001b02aea0000 - 0x000001b02aea3000 	C:\Users\DELL\.openjfx\cache\22-ea+11\amd64\api-ms-win-core-processenvironment-l1-1-0.dll
0x000001b02aeb0000 - 0x000001b02aeb3000 	C:\Users\DELL\.openjfx\cache\22-ea+11\amd64\api-ms-win-core-processthreads-l1-1-0.dll
0x000001b02aec0000 - 0x000001b02aec3000 	C:\Users\DELL\.openjfx\cache\22-ea+11\amd64\api-ms-win-core-processthreads-l1-1-1.dll
0x000001b02aed0000 - 0x000001b02aed3000 	C:\Users\DELL\.openjfx\cache\22-ea+11\amd64\api-ms-win-core-profile-l1-1-0.dll
0x000001b02aee0000 - 0x000001b02aee3000 	C:\Users\DELL\.openjfx\cache\22-ea+11\amd64\api-ms-win-core-rtlsupport-l1-1-0.dll
0x000001b02aef0000 - 0x000001b02aef3000 	C:\Users\DELL\.openjfx\cache\22-ea+11\amd64\api-ms-win-core-string-l1-1-0.dll
0x000001b02af00000 - 0x000001b02af03000 	C:\Users\DELL\.openjfx\cache\22-ea+11\amd64\api-ms-win-core-synch-l1-1-0.dll
0x000001b02af10000 - 0x000001b02af13000 	C:\Users\DELL\.openjfx\cache\22-ea+11\amd64\api-ms-win-core-synch-l1-2-0.dll
0x000001b02af20000 - 0x000001b02af23000 	C:\Users\DELL\.openjfx\cache\22-ea+11\amd64\api-ms-win-core-sysinfo-l1-1-0.dll
0x000001b02af30000 - 0x000001b02af33000 	C:\Users\DELL\.openjfx\cache\22-ea+11\amd64\api-ms-win-core-timezone-l1-1-0.dll
0x000001b02af40000 - 0x000001b02af43000 	C:\Users\DELL\.openjfx\cache\22-ea+11\amd64\api-ms-win-core-util-l1-1-0.dll
0x000001b02af50000 - 0x000001b02af53000 	C:\Users\DELL\.openjfx\cache\22-ea+11\amd64\api-ms-win-crt-conio-l1-1-0.dll
0x000001b02af60000 - 0x000001b02af64000 	C:\Users\DELL\.openjfx\cache\22-ea+11\amd64\api-ms-win-crt-convert-l1-1-0.dll
0x000001b02af70000 - 0x000001b02af73000 	C:\Users\DELL\.openjfx\cache\22-ea+11\amd64\api-ms-win-crt-environment-l1-1-0.dll
0x000001b02af80000 - 0x000001b02af83000 	C:\Users\DELL\.openjfx\cache\22-ea+11\amd64\api-ms-win-crt-filesystem-l1-1-0.dll
0x000001b02af90000 - 0x000001b02af93000 	C:\Users\DELL\.openjfx\cache\22-ea+11\amd64\api-ms-win-crt-heap-l1-1-0.dll
0x000001b02afa0000 - 0x000001b02afa3000 	C:\Users\DELL\.openjfx\cache\22-ea+11\amd64\api-ms-win-crt-locale-l1-1-0.dll
0x000001b02afb0000 - 0x000001b02afb5000 	C:\Users\DELL\.openjfx\cache\22-ea+11\amd64\api-ms-win-crt-math-l1-1-0.dll
0x000001b02afc0000 - 0x000001b02afc5000 	C:\Users\DELL\.openjfx\cache\22-ea+11\amd64\api-ms-win-crt-multibyte-l1-1-0.dll
0x000001b02afd0000 - 0x000001b02afe0000 	C:\Users\DELL\.openjfx\cache\22-ea+11\amd64\api-ms-win-crt-private-l1-1-0.dll
0x000001b02afe0000 - 0x000001b02afe3000 	C:\Users\DELL\.openjfx\cache\22-ea+11\amd64\api-ms-win-crt-process-l1-1-0.dll
0x000001b02aff0000 - 0x000001b02aff4000 	C:\Users\DELL\.openjfx\cache\22-ea+11\amd64\api-ms-win-crt-runtime-l1-1-0.dll
0x000001b071bd0000 - 0x000001b071bd4000 	C:\Users\DELL\.openjfx\cache\22-ea+11\amd64\api-ms-win-crt-stdio-l1-1-0.dll
0x000001b071be0000 - 0x000001b071be4000 	C:\Users\DELL\.openjfx\cache\22-ea+11\amd64\api-ms-win-crt-string-l1-1-0.dll
0x000001b071bf0000 - 0x000001b071bf3000 	C:\Users\DELL\.openjfx\cache\22-ea+11\amd64\api-ms-win-crt-time-l1-1-0.dll
0x000001b071c00000 - 0x000001b071c03000 	C:\Users\DELL\.openjfx\cache\22-ea+11\amd64\api-ms-win-crt-utility-l1-1-0.dll
0x00007ff8e2fa0000 - 0x00007ff8e309c000 	C:\Users\DELL\.openjfx\cache\22-ea+11\amd64\ucrtbase.dll
0x00007ff9232e0000 - 0x00007ff9232fb000 	C:\Users\DELL\.openjfx\cache\22-ea+11\amd64\vcruntime140.dll
0x00007ff9232d0000 - 0x00007ff9232dc000 	C:\Users\DELL\.openjfx\cache\22-ea+11\amd64\vcruntime140_1.dll
0x00007ff91f7f0000 - 0x00007ff91f87e000 	C:\Users\DELL\.openjfx\cache\22-ea+11\amd64\msvcp140.dll
0x00007ff920f40000 - 0x00007ff920f49000 	C:\Users\DELL\.openjfx\cache\22-ea+11\amd64\msvcp140_1.dll
0x00007ff8f5840000 - 0x00007ff8f586f000 	C:\Users\DELL\.openjfx\cache\22-ea+11\amd64\msvcp140_2.dll
0x00007ff8f3790000 - 0x00007ff8f37bf000 	C:\Users\DELL\.openjfx\cache\22-ea+11\amd64\prism_d3d.dll
0x00007ff8f1b60000 - 0x00007ff8f1d31000 	C:\WINDOWS\system32\d3d9.dll
0x00007ff93bfa0000 - 0x00007ff93bfcf000 	C:\WINDOWS\SYSTEM32\dwmapi.dll
0x00007ff93beb0000 - 0x00007ff93bf4e000 	C:\WINDOWS\system32\uxtheme.dll
0x00007ff8e2d40000 - 0x00007ff8e2f9f000 	C:\WINDOWS\System32\DriverStore\FileRepository\iigd_dch.inf_amd64_9b100458e9ec9dc8\igdumdim64.dll
0x00007ff8b36d0000 - 0x00007ff8b4c19000 	C:\WINDOWS\System32\DriverStore\FileRepository\iigd_dch.inf_amd64_9b100458e9ec9dc8\igd9dxva64.dll
0x00007ff93fd70000 - 0x00007ff9401de000 	C:\WINDOWS\System32\SETUPAPI.dll
0x00007ff93e930000 - 0x00007ff93e97e000 	C:\WINDOWS\System32\cfgmgr32.dll
0x00007ff8db650000 - 0x00007ff8dd37b000 	C:\WINDOWS\System32\DriverStore\FileRepository\iigd_dch.inf_amd64_9b100458e9ec9dc8\media_bin_64.dll
0x00007ff931eb0000 - 0x00007ff9322ee000 	C:\WINDOWS\System32\DriverStore\FileRepository\iigd_dch.inf_amd64_9b100458e9ec9dc8\igdgmm64.dll
0x00007ff8f3740000 - 0x00007ff8f3782000 	C:\Users\DELL\.openjfx\cache\22-ea+11\amd64\glass.dll
0x00007ff93f940000 - 0x00007ff93fa1a000 	C:\WINDOWS\System32\COMDLG32.dll
0x00007ff940590000 - 0x00007ff9406a5000 	C:\WINDOWS\System32\MSCTF.dll
0x00007ff8e1670000 - 0x00007ff8e1697000 	C:\WINDOWS\System32\DriverStore\FileRepository\iigd_dch.inf_amd64_9b100458e9ec9dc8\igdinfo64.dll
0x00007ff92de20000 - 0x00007ff931e62000 	C:\WINDOWS\System32\DriverStore\FileRepository\iigd_dch.inf_amd64_9b100458e9ec9dc8\igc64.dll
0x00007ff934170000 - 0x00007ff9341ab000 	C:\WINDOWS\SYSTEM32\dxcore.dll
0x00007ff920a00000 - 0x00007ff920a14000 	C:\Users\DELL\.openjfx\cache\22-ea+11\amd64\javafx_font.dll
0x00007ff8f27e0000 - 0x00007ff8f280d000 	C:\Users\DELL\.openjfx\cache\22-ea+11\amd64\javafx_iio.dll

dbghelp: loaded successfully - version: 4.0.5 - missing functions: none
symbol engine: initialized successfully - sym options: 0x614 - pdb path: .;C:\Program Files\Java\jdk-22\bin;C:\WINDOWS\SYSTEM32;C:\Program Files\Avast Software\Avast;C:\WINDOWS\WinSxS\amd64_microsoft.windows.common-controls_6595b64144ccf1df_6.0.19041.4355_none_60b8b9eb71f62e16;C:\Program Files\Java\jdk-22\bin\server;C:\Users\DELL\.openjfx\cache\22-ea+11\amd64;C:\WINDOWS\System32\DriverStore\FileRepository\iigd_dch.inf_amd64_9b100458e9ec9dc8

VM Arguments:
jvm_args: -agentlib:jdwp=transport=dt_socket,address=127.0.0.1:51571,suspend=y,server=n -javaagent:C:\Users\DELL\AppData\Local\JetBrains\IdeaIC2024.1\captureAgent\debugger-agent.jar -Dfile.encoding=UTF-8 -Dsun.stdout.encoding=UTF-8 -Dsun.stderr.encoding=UTF-8 --module-path=C:\Users\DELL\IdeaProjects\Tryme\target\classes;C:\Users\DELL\.m2\repository\org\openjfx\javafx-fxml\22-ea+11\javafx-fxml-22-ea+11-win.jar;C:\Users\DELL\.m2\repository\org\openjfx\javafx-graphics\22-ea+11\javafx-graphics-22-ea+11-win.jar;C:\Users\DELL\.m2\repository\org\openjfx\javafx-base\22-ea+11\javafx-base-22-ea+11-win.jar;C:\Users\DELL\.m2\repository\org\openjfx\javafx-controls\22-ea+11\javafx-controls-22-ea+11-win.jar -Djdk.module.main=com.example.tryme 
java_command: com.example.tryme/com.example.tryme.HelloApplication
java_class_path (initial): C:\Users\DELL\.m2\repository\org\openjfx\javafx-controls\22-ea+11\javafx-controls-22-ea+11.jar;C:\Users\DELL\.m2\repository\org\openjfx\javafx-graphics\22-ea+11\javafx-graphics-22-ea+11.jar;C:\Users\DELL\.m2\repository\org\openjfx\javafx-base\22-ea+11\javafx-base-22-ea+11.jar;C:\Users\DELL\.m2\repository\org\openjfx\javafx-fxml\22-ea+11\javafx-fxml-22-ea+11.jar;C:\Program Files\JetBrains\IntelliJ IDEA Community Edition 2024.1\lib\idea_rt.jar
Launcher Type: SUN_STANDARD

[Global flags]
     intx CICompilerCount                          = 4                                         {product} {ergonomic}
     uint ConcGCThreads                            = 2                                         {product} {ergonomic}
     uint G1ConcRefinementThreads                  = 8                                         {product} {ergonomic}
   size_t G1HeapRegionSize                         = 2097152                                   {product} {ergonomic}
   size_t InitialHeapSize                          = 197132288                                 {product} {ergonomic}
   size_t MarkStackSize                            = 4194304                                   {product} {ergonomic}
   size_t MaxHeapSize                              = 3149922304                                {product} {ergonomic}
   size_t MaxNewSize                               = 1889533952                                {product} {ergonomic}
   size_t MinHeapDeltaBytes                        = 2097152                                   {product} {ergonomic}
   size_t MinHeapSize                              = 8388608                                   {product} {ergonomic}
    uintx NonNMethodCodeHeapSize                   = 5839372                                {pd product} {ergonomic}
    uintx NonProfiledCodeHeapSize                  = 122909434                              {pd product} {ergonomic}
    uintx ProfiledCodeHeapSize                     = 122909434                              {pd product} {ergonomic}
    uintx ReservedCodeCacheSize                    = 251658240                              {pd product} {ergonomic}
     bool SegmentedCodeCache                       = true                                      {product} {ergonomic}
   size_t SoftMaxHeapSize                          = 3149922304                             {manageable} {ergonomic}
     bool UseCompressedOops                        = true                           {product lp64_product} {ergonomic}
     bool UseG1GC                                  = true                                      {product} {ergonomic}
     bool UseLargePagesIndividualAllocation        = false                                  {pd product} {ergonomic}

Logging:
Log output configuration:
 #0: stdout all=warning uptime,level,tags foldmultilines=false
 #1: stderr all=off uptime,level,tags foldmultilines=false

Environment Variables:
PATH=C:\Program Files\Common Files\Oracle\Java\javapath;C:\Program Files (x86)\Common Files\Oracle\Java\java8path;C:\Program Files (x86)\Common Files\Oracle\Java\javapath;C:\Users\DELL\Videos\Softwares\OracleDB\bin;C:\Program Files (x86)\Embarcadero\Studio\19.0\bin;C:\Users\Public\Documents\Embarcadero\Studio\19.0\Bpl;C:\Program Files (x86)\Embarcadero\Studio\19.0\bin64;C:\Users\Public\Documents\Embarcadero\Studio\19.0\Bpl\Win64;C:\Program Files (x86)\Embarcadero\Studio\23.0\bin;C:\Users\Public\Documents\Embarcadero\Studio\23.0\Bpl;C:\Program Files (x86)\Embarcadero\Studio\23.0\bin64;C:\Users\Public\Documents\Embarcadero\Studio\23.0\Bpl\Win64;C:\Program Files\Microsoft\jdk-11.0.12.7-hotspot\bin;C:\Windows\system32;C:\Windows;C:\Windows\System32\Wbem;C:\Windows\System32\WindowsPowerShell\v1.0\;C:\Windows\System32\OpenSSH\;C:\Program Files\Microsoft SQL Server\150\Tools\Binn\;C:\Program Files\Microsoft SQL Server\Client SDK\ODBC\170\Tools\Binn\;C:\Program Files\dotnet\;C:\Program Files\nodejs\;C:\Program Files (x86)\Microsoft SQL Server\100\Tools\Binn\;C:\Program Files\Microsoft SQL Server\100\Tools\Binn\;C:\Program Files\Microsoft SQL Server\100\DTS\Binn\;C:\WINDOWS\system32;C:\WINDOWS;C:\WINDOWS\System32\Wbem;C:\WINDOWS\System32\WindowsPowerShell\v1.0\;C:\WINDOWS\System32\OpenSSH\;C:\Program Files\Microsoft SQL Server\130\Tools\Binn\;C:\Program Files\MySQL\MySQL Shell 8.0\bin\;C:\Users\DELL\AppData\Local\Microsoft\WindowsApps;C:\Users\DELL\.dotnet\tools;C:\Users\DELL\AppData\Local\atom\bin;C:\Users\DELL\AppData\Roaming\npm;C:\Program Files (x86)\Embarcadero\Dev-Cpp;C:\Program Files (x86)\Embarcadero\Dev-Cpp\TDM-GCC-64\bin;C:\Users\DELL\.dotnet\tools;C:\Users\DELL\AppData\Local\Microsoft\WindowsApps;C:\Program Files\JetBrains\IntelliJ IDEA 2024.1\bin;;C:\Users\DELL\AppData\Local\GitHubDesktop\bin
USERNAME=DELL
OS=Windows_NT
PROCESSOR_IDENTIFIER=Intel64 Family 6 Model 140 Stepping 1, GenuineIntel
TMP=C:\Users\DELL\AppData\Local\Temp
TEMP=C:\Users\DELL\AppData\Local\Temp




Periodic native trim disabled

---------------  S Y S T E M  ---------------

OS:
 Windows 10 , 64 bit Build 19041 (10.0.19041.5072)
OS uptime: 0 days 4:10 hours

CPU: total 8 (initial active 8) (4 cores per cpu, 2 threads per core) family 6 model 140 stepping 1 microcode 0xb8, cx8, cmov, fxsr, ht, mmx, 3dnowpref, sse, sse2, sse3, ssse3, sse4.1, sse4.2, popcnt, lzcnt, tsc, tscinvbit, avx, avx2, aes, erms, clmul, bmi1, bmi2, adx, avx512f, avx512dq, avx512cd, avx512bw, avx512vl, sha, fma, vzeroupper, avx512_vpopcntdq, avx512_vpclmulqdq, avx512_vaes, avx512_vnni, clflush, clflushopt, clwb, avx512_vbmi2, avx512_vbmi, rdtscp, rdpid, fsrm, gfni, avx512_bitalg, f16c, pku, cet_ibt, cet_ss, avx512_ifma
Processor Information for all 8 processors :
  Max Mhz: 1498, Current Mhz: 1498, Mhz Limit: 1498

Memory: 4k page, system-wide physical 12010M (2461M free)
TotalPageFile size 15605M (AvailPageFile size 8M)
current process WorkingSet (physical memory assigned to process): 465M, peak: 465M
current process commit charge ("private bytes"): 574M, peak: 671M

vm_info: Java HotSpot(TM) 64-Bit Server VM (22.0.1+8-16) for windows-amd64 JRE (22.0.1+8-16), built on 2024-03-12T10:33:16Z by "mach5one" with MS VC++ 17.6 (VS2022)

END.
